{"C:\\Users\\Jabo\\Desktop\\MyBrand-BE\\src\\app.ts": {"path":"C:\\Users\\Jabo\\Desktop\\MyBrand-BE\\src\\app.ts","statementMap":{"0":{"start":{"line":1,"column":0},"end":{"line":1,"column":40}},"1":{"start":{"line":2,"column":0},"end":{"line":2,"column":51}},"2":{"start":{"line":3,"column":0},"end":{"line":3,"column":27}},"3":{"start":{"line":4,"column":0},"end":{"line":4,"column":24}},"4":{"start":{"line":5,"column":0},"end":{"line":5,"column":39}},"5":{"start":{"line":7,"column":12},"end":{"line":7,"column":21}},"6":{"start":{"line":8,"column":0},"end":{"line":8,"column":24}},"7":{"start":{"line":9,"column":0},"end":{"line":9,"column":48}},"8":{"start":{"line":10,"column":0},"end":{"line":10,"column":16}},"9":{"start":{"line":11,"column":0},"end":{"line":11,"column":23}},"10":{"start":{"line":13,"column":0},"end":{"line":18,"column":3}},"11":{"start":{"line":14,"column":4},"end":{"line":17,"column":null}},"12":{"start":{"line":20,"column":0},"end":{"line":20,"column":28}},"13":{"start":{"line":22,"column":0},"end":{"line":22,"column":31}},"14":{"start":{"line":24,"column":0},"end":{"line":29,"column":3}},"15":{"start":{"line":25,"column":4},"end":{"line":28,"column":7}},"16":{"start":{"line":32,"column":0},"end":{"line":32,"column":19}}},"fnMap":{"0":{"name":"(anonymous_1)","decl":{"start":{"line":13,"column":13},"end":{"line":13,"column":14}},"loc":{"start":{"line":13,"column":45},"end":{"line":18,"column":1}}},"1":{"name":"(anonymous_2)","decl":{"start":{"line":24,"column":13},"end":{"line":24,"column":14}},"loc":{"start":{"line":24,"column":45},"end":{"line":29,"column":1}}}},"branchMap":{},"s":{"0":1,"1":1,"2":1,"3":1,"4":1,"5":1,"6":1,"7":1,"8":1,"9":1,"10":1,"11":1,"12":1,"13":1,"14":1,"15":0,"16":1},"f":{"0":1,"1":0},"b":{}}
,"C:\\Users\\Jabo\\Desktop\\MyBrand-BE\\src\\controllers\\blogController.ts": {"path":"C:\\Users\\Jabo\\Desktop\\MyBrand-BE\\src\\controllers\\blogController.ts","statementMap":{"0":{"start":{"line":1,"column":0},"end":{"line":1,"column":42}},"1":{"start":{"line":3,"column":0},"end":{"line":3,"column":null}},"2":{"start":{"line":9,"column":0},"end":{"line":9,"column":68}},"3":{"start":{"line":11,"column":26},"end":{"line":42,"column":4}},"4":{"start":{"line":11,"column":64},"end":{"line":42,"column":4}},"5":{"start":{"line":12,"column":22},"end":{"line":12,"column":30}},"6":{"start":{"line":13,"column":4},"end":{"line":41,"column":5}},"7":{"start":{"line":14,"column":31},"end":{"line":18,"column":8}},"8":{"start":{"line":19,"column":6},"end":{"line":24,"column":7}},"9":{"start":{"line":20,"column":8},"end":{"line":23,"column":11}},"10":{"start":{"line":25,"column":21},"end":{"line":25,"column":48}},"11":{"start":{"line":26,"column":19},"end":{"line":30,"column":8}},"12":{"start":{"line":31,"column":6},"end":{"line":35,"column":9}},"13":{"start":{"line":37,"column":6},"end":{"line":40,"column":9}},"14":{"start":{"line":11,"column":13},"end":{"line":11,"column":26}},"15":{"start":{"line":45,"column":24},"end":{"line":58,"column":2}},"16":{"start":{"line":45,"column":62},"end":{"line":58,"column":2}},"17":{"start":{"line":46,"column":2},"end":{"line":57,"column":3}},"18":{"start":{"line":47,"column":18},"end":{"line":47,"column":33}},"19":{"start":{"line":48,"column":4},"end":{"line":51,"column":7}},"20":{"start":{"line":53,"column":4},"end":{"line":56,"column":7}},"21":{"start":{"line":45,"column":13},"end":{"line":45,"column":24}},"22":{"start":{"line":60,"column":27},"end":{"line":80,"column":2}},"23":{"start":{"line":60,"column":65},"end":{"line":80,"column":2}},"24":{"start":{"line":61,"column":13},"end":{"line":61,"column":26}},"25":{"start":{"line":62,"column":2},"end":{"line":79,"column":3}},"26":{"start":{"line":63,"column":17},"end":{"line":63,"column":40}},"27":{"start":{"line":64,"column":4},"end":{"line":69,"column":5}},"28":{"start":{"line":65,"column":6},"end":{"line":68,"column":9}},"29":{"start":{"line":70,"column":4},"end":{"line":73,"column":7}},"30":{"start":{"line":75,"column":4},"end":{"line":78,"column":7}},"31":{"start":{"line":60,"column":13},"end":{"line":60,"column":27}},"32":{"start":{"line":82,"column":26},"end":{"line":102,"column":2}},"33":{"start":{"line":82,"column":64},"end":{"line":102,"column":2}},"34":{"start":{"line":83,"column":13},"end":{"line":83,"column":26}},"35":{"start":{"line":84,"column":2},"end":{"line":101,"column":3}},"36":{"start":{"line":85,"column":22},"end":{"line":85,"column":46}},"37":{"start":{"line":86,"column":4},"end":{"line":91,"column":5}},"38":{"start":{"line":87,"column":6},"end":{"line":90,"column":9}},"39":{"start":{"line":92,"column":4},"end":{"line":95,"column":7}},"40":{"start":{"line":97,"column":4},"end":{"line":100,"column":7}},"41":{"start":{"line":82,"column":13},"end":{"line":82,"column":26}},"42":{"start":{"line":104,"column":26},"end":{"line":158,"column":2}},"43":{"start":{"line":104,"column":64},"end":{"line":158,"column":2}},"44":{"start":{"line":105,"column":20},"end":{"line":105,"column":28}},"45":{"start":{"line":106,"column":4},"end":{"line":157,"column":3}},"46":{"start":{"line":107,"column":31},"end":{"line":111,"column":8}},"47":{"start":{"line":112,"column":6},"end":{"line":117,"column":7}},"48":{"start":{"line":113,"column":8},"end":{"line":116,"column":11}},"49":{"start":{"line":118,"column":22},"end":{"line":118,"column":56}},"50":{"start":{"line":119,"column":4},"end":{"line":125,"column":5}},"51":{"start":{"line":120,"column":6},"end":{"line":123,"column":9}},"52":{"start":{"line":124,"column":6},"end":{"line":124,"column":13}},"53":{"start":{"line":127,"column":4},"end":{"line":129,"column":5}},"54":{"start":{"line":128,"column":6},"end":{"line":128,"column":31}},"55":{"start":{"line":131,"column":4},"end":{"line":133,"column":5}},"56":{"start":{"line":132,"column":6},"end":{"line":132,"column":43}},"57":{"start":{"line":135,"column":4},"end":{"line":138,"column":5}},"58":{"start":{"line":136,"column":21},"end":{"line":136,"column":52}},"59":{"start":{"line":137,"column":6},"end":{"line":137,"column":26}},"60":{"start":{"line":139,"column":4},"end":{"line":144,"column":5}},"61":{"start":{"line":140,"column":6},"end":{"line":143,"column":null}},"62":{"start":{"line":145,"column":4},"end":{"line":145,"column":22}},"63":{"start":{"line":146,"column":4},"end":{"line":150,"column":7}},"64":{"start":{"line":153,"column":4},"end":{"line":156,"column":7}},"65":{"start":{"line":104,"column":13},"end":{"line":104,"column":26}}},"fnMap":{"0":{"name":"(anonymous_8)","decl":{"start":{"line":11,"column":26},"end":{"line":11,"column":33}},"loc":{"start":{"line":11,"column":64},"end":{"line":42,"column":4}}},"1":{"name":"(anonymous_9)","decl":{"start":{"line":11,"column":64},"end":{"line":11,"column":null}},"loc":{"start":{"line":11,"column":64},"end":{"line":42,"column":3}}},"2":{"name":"(anonymous_10)","decl":{"start":{"line":45,"column":24},"end":{"line":45,"column":31}},"loc":{"start":{"line":45,"column":62},"end":{"line":58,"column":2}}},"3":{"name":"(anonymous_11)","decl":{"start":{"line":45,"column":62},"end":{"line":45,"column":null}},"loc":{"start":{"line":45,"column":62},"end":{"line":58,"column":1}}},"4":{"name":"(anonymous_12)","decl":{"start":{"line":60,"column":27},"end":{"line":60,"column":34}},"loc":{"start":{"line":60,"column":65},"end":{"line":80,"column":2}}},"5":{"name":"(anonymous_13)","decl":{"start":{"line":60,"column":65},"end":{"line":60,"column":null}},"loc":{"start":{"line":60,"column":65},"end":{"line":80,"column":1}}},"6":{"name":"(anonymous_14)","decl":{"start":{"line":82,"column":26},"end":{"line":82,"column":33}},"loc":{"start":{"line":82,"column":64},"end":{"line":102,"column":2}}},"7":{"name":"(anonymous_15)","decl":{"start":{"line":82,"column":64},"end":{"line":82,"column":null}},"loc":{"start":{"line":82,"column":64},"end":{"line":102,"column":1}}},"8":{"name":"(anonymous_16)","decl":{"start":{"line":104,"column":26},"end":{"line":104,"column":33}},"loc":{"start":{"line":104,"column":64},"end":{"line":158,"column":2}}},"9":{"name":"(anonymous_17)","decl":{"start":{"line":104,"column":64},"end":{"line":104,"column":null}},"loc":{"start":{"line":104,"column":64},"end":{"line":158,"column":1}}}},"branchMap":{"0":{"loc":{"start":{"line":17,"column":15},"end":{"line":17,"column":43}},"type":"cond-expr","locations":[{"start":{"line":17,"column":22},"end":{"line":17,"column":31}},{"start":{"line":17,"column":34},"end":{"line":17,"column":43}}]},"1":{"loc":{"start":{"line":19,"column":6},"end":{"line":24,"column":7}},"type":"if","locations":[{"start":{"line":19,"column":6},"end":{"line":24,"column":7}}]},"2":{"loc":{"start":{"line":64,"column":4},"end":{"line":69,"column":5}},"type":"if","locations":[{"start":{"line":64,"column":4},"end":{"line":69,"column":5}}]},"3":{"loc":{"start":{"line":86,"column":4},"end":{"line":91,"column":5}},"type":"if","locations":[{"start":{"line":86,"column":4},"end":{"line":91,"column":5}}]},"4":{"loc":{"start":{"line":110,"column":15},"end":{"line":110,"column":43}},"type":"cond-expr","locations":[{"start":{"line":110,"column":22},"end":{"line":110,"column":31}},{"start":{"line":110,"column":34},"end":{"line":110,"column":43}}]},"5":{"loc":{"start":{"line":112,"column":6},"end":{"line":117,"column":7}},"type":"if","locations":[{"start":{"line":112,"column":6},"end":{"line":117,"column":7}}]},"6":{"loc":{"start":{"line":119,"column":4},"end":{"line":125,"column":5}},"type":"if","locations":[{"start":{"line":119,"column":4},"end":{"line":125,"column":5}}]},"7":{"loc":{"start":{"line":127,"column":4},"end":{"line":129,"column":5}},"type":"if","locations":[{"start":{"line":127,"column":4},"end":{"line":129,"column":5}}]},"8":{"loc":{"start":{"line":131,"column":4},"end":{"line":133,"column":5}},"type":"if","locations":[{"start":{"line":131,"column":4},"end":{"line":133,"column":5}}]},"9":{"loc":{"start":{"line":135,"column":4},"end":{"line":138,"column":5}},"type":"if","locations":[{"start":{"line":135,"column":4},"end":{"line":138,"column":5}}]},"10":{"loc":{"start":{"line":139,"column":4},"end":{"line":144,"column":5}},"type":"if","locations":[{"start":{"line":139,"column":4},"end":{"line":144,"column":5}}]},"11":{"loc":{"start":{"line":139,"column":7},"end":{"line":139,"column":54}},"type":"binary-expr","locations":[{"start":{"line":139,"column":7},"end":{"line":139,"column":19}},{"start":{"line":139,"column":23},"end":{"line":139,"column":41}},{"start":{"line":139,"column":45},"end":{"line":139,"column":54}}]}},"s":{"0":1,"1":1,"2":1,"3":1,"4":1,"5":1,"6":1,"7":1,"8":1,"9":1,"10":0,"11":0,"12":0,"13":0,"14":1,"15":1,"16":1,"17":1,"18":1,"19":1,"20":0,"21":1,"22":1,"23":0,"24":0,"25":0,"26":0,"27":0,"28":0,"29":0,"30":0,"31":1,"32":1,"33":0,"34":0,"35":0,"36":0,"37":0,"38":0,"39":0,"40":0,"41":1,"42":1,"43":0,"44":0,"45":0,"46":0,"47":0,"48":0,"49":0,"50":0,"51":0,"52":0,"53":0,"54":0,"55":0,"56":0,"57":0,"58":0,"59":0,"60":0,"61":0,"62":0,"63":0,"64":0,"65":1},"f":{"0":1,"1":1,"2":1,"3":1,"4":0,"5":0,"6":0,"7":0,"8":0,"9":0},"b":{"0":[0,1],"1":[1],"2":[0],"3":[0],"4":[0,0],"5":[0],"6":[0],"7":[0],"8":[0],"9":[0],"10":[0],"11":[0,0,0]}}
,"C:\\Users\\Jabo\\Desktop\\MyBrand-BE\\src\\controllers\\commentController.ts": {"path":"C:\\Users\\Jabo\\Desktop\\MyBrand-BE\\src\\controllers\\commentController.ts","statementMap":{"0":{"start":{"line":2,"column":0},"end":{"line":2,"column":56}},"1":{"start":{"line":3,"column":0},"end":{"line":3,"column":73}},"2":{"start":{"line":5,"column":26},"end":{"line":22,"column":2}},"3":{"start":{"line":5,"column":64},"end":{"line":22,"column":2}},"4":{"start":{"line":6,"column":18},"end":{"line":6,"column":26}},"5":{"start":{"line":7,"column":4},"end":{"line":21,"column":5}},"6":{"start":{"line":8,"column":21},"end":{"line":8,"column":34}},"7":{"start":{"line":9,"column":26},"end":{"line":9,"column":34}},"8":{"start":{"line":10,"column":24},"end":{"line":10,"column":51}},"9":{"start":{"line":11,"column":6},"end":{"line":13,"column":7}},"10":{"start":{"line":12,"column":8},"end":{"line":12,"column":65}},"11":{"start":{"line":14,"column":25},"end":{"line":14,"column":86}},"12":{"start":{"line":15,"column":6},"end":{"line":18,"column":27}},"13":{"start":{"line":20,"column":6},"end":{"line":20,"column":72}},"14":{"start":{"line":5,"column":13},"end":{"line":5,"column":26}},"15":{"start":{"line":24,"column":27},"end":{"line":40,"column":4}},"16":{"start":{"line":24,"column":65},"end":{"line":40,"column":4}},"17":{"start":{"line":25,"column":4},"end":{"line":39,"column":5}},"18":{"start":{"line":26,"column":21},"end":{"line":26,"column":34}},"19":{"start":{"line":27,"column":23},"end":{"line":27,"column":49}},"20":{"start":{"line":28,"column":6},"end":{"line":36,"column":5}},"21":{"start":{"line":29,"column":8},"end":{"line":33,"column":11}},"22":{"start":{"line":35,"column":8},"end":{"line":35,"column":59}},"23":{"start":{"line":38,"column":6},"end":{"line":38,"column":54}},"24":{"start":{"line":24,"column":13},"end":{"line":24,"column":27}}},"fnMap":{"0":{"name":"(anonymous_7)","decl":{"start":{"line":5,"column":26},"end":{"line":5,"column":33}},"loc":{"start":{"line":5,"column":64},"end":{"line":22,"column":2}}},"1":{"name":"(anonymous_8)","decl":{"start":{"line":5,"column":64},"end":{"line":5,"column":null}},"loc":{"start":{"line":5,"column":64},"end":{"line":22,"column":1}}},"2":{"name":"(anonymous_9)","decl":{"start":{"line":24,"column":27},"end":{"line":24,"column":34}},"loc":{"start":{"line":24,"column":65},"end":{"line":40,"column":4}}},"3":{"name":"(anonymous_10)","decl":{"start":{"line":24,"column":65},"end":{"line":24,"column":null}},"loc":{"start":{"line":24,"column":65},"end":{"line":40,"column":3}}}},"branchMap":{"0":{"loc":{"start":{"line":11,"column":6},"end":{"line":13,"column":7}},"type":"if","locations":[{"start":{"line":11,"column":6},"end":{"line":13,"column":7}}]},"1":{"loc":{"start":{"line":28,"column":6},"end":{"line":36,"column":5}},"type":"if","locations":[{"start":{"line":28,"column":6},"end":{"line":36,"column":5}},{"start":{"line":34,"column":11},"end":{"line":36,"column":5}}]}},"s":{"0":1,"1":1,"2":1,"3":0,"4":0,"5":0,"6":0,"7":0,"8":0,"9":0,"10":0,"11":0,"12":0,"13":0,"14":1,"15":1,"16":0,"17":0,"18":0,"19":0,"20":0,"21":0,"22":0,"23":0,"24":1},"f":{"0":0,"1":0,"2":0,"3":0},"b":{"0":[0],"1":[0,0]}}
,"C:\\Users\\Jabo\\Desktop\\MyBrand-BE\\src\\controllers\\likeController.ts": {"path":"C:\\Users\\Jabo\\Desktop\\MyBrand-BE\\src\\controllers\\likeController.ts","statementMap":{"0":{"start":{"line":1,"column":0},"end":{"line":1,"column":56}},"1":{"start":{"line":3,"column":0},"end":{"line":3,"column":90}},"2":{"start":{"line":5,"column":20},"end":{"line":31,"column":2}},"3":{"start":{"line":5,"column":58},"end":{"line":31,"column":2}},"4":{"start":{"line":6,"column":20},"end":{"line":6,"column":28}},"5":{"start":{"line":7,"column":2},"end":{"line":30,"column":3}},"6":{"start":{"line":8,"column":15},"end":{"line":8,"column":28}},"7":{"start":{"line":10,"column":30},"end":{"line":10,"column":63}},"8":{"start":{"line":12,"column":4},"end":{"line":26,"column":5}},"9":{"start":{"line":13,"column":6},"end":{"line":13,"column":38}},"10":{"start":{"line":14,"column":6},"end":{"line":14,"column":88}},"11":{"start":{"line":16,"column":24},"end":{"line":16,"column":47}},"12":{"start":{"line":17,"column":6},"end":{"line":19,"column":7}},"13":{"start":{"line":18,"column":8},"end":{"line":18,"column":84}},"14":{"start":{"line":20,"column":19},"end":{"line":20,"column":49}},"15":{"start":{"line":21,"column":6},"end":{"line":25,"column":9}},"16":{"start":{"line":28,"column":4},"end":{"line":28,"column":25}},"17":{"start":{"line":29,"column":4},"end":{"line":29,"column":53}},"18":{"start":{"line":5,"column":13},"end":{"line":5,"column":20}},"19":{"start":{"line":34,"column":24},"end":{"line":45,"column":null}},"20":{"start":{"line":34,"column":62},"end":{"line":45,"column":null}},"21":{"start":{"line":35,"column":4},"end":{"line":44,"column":5}},"22":{"start":{"line":36,"column":27},"end":{"line":36,"column":59}},"23":{"start":{"line":37,"column":8},"end":{"line":41,"column":null}},"24":{"start":{"line":43,"column":8},"end":{"line":43,"column":null}},"25":{"start":{"line":34,"column":13},"end":{"line":34,"column":24}}},"fnMap":{"0":{"name":"(anonymous_7)","decl":{"start":{"line":5,"column":20},"end":{"line":5,"column":27}},"loc":{"start":{"line":5,"column":58},"end":{"line":31,"column":2}}},"1":{"name":"(anonymous_8)","decl":{"start":{"line":5,"column":58},"end":{"line":5,"column":null}},"loc":{"start":{"line":5,"column":58},"end":{"line":31,"column":1}}},"2":{"name":"(anonymous_9)","decl":{"start":{"line":34,"column":24},"end":{"line":34,"column":31}},"loc":{"start":{"line":34,"column":62},"end":{"line":45,"column":null}}},"3":{"name":"(anonymous_10)","decl":{"start":{"line":34,"column":62},"end":{"line":34,"column":null}},"loc":{"start":{"line":34,"column":62},"end":{"line":45,"column":1}}}},"branchMap":{"0":{"loc":{"start":{"line":12,"column":4},"end":{"line":26,"column":5}},"type":"if","locations":[{"start":{"line":12,"column":4},"end":{"line":26,"column":5}},{"start":{"line":15,"column":11},"end":{"line":26,"column":5}}]},"1":{"loc":{"start":{"line":17,"column":6},"end":{"line":19,"column":7}},"type":"if","locations":[{"start":{"line":17,"column":6},"end":{"line":19,"column":7}}]}},"s":{"0":1,"1":1,"2":1,"3":0,"4":0,"5":0,"6":0,"7":0,"8":0,"9":0,"10":0,"11":0,"12":0,"13":0,"14":0,"15":0,"16":0,"17":0,"18":1,"19":1,"20":0,"21":0,"22":0,"23":0,"24":0,"25":1},"f":{"0":0,"1":0,"2":0,"3":0},"b":{"0":[0,0],"1":[0]}}
,"C:\\Users\\Jabo\\Desktop\\MyBrand-BE\\src\\controllers\\queryController.ts": {"path":"C:\\Users\\Jabo\\Desktop\\MyBrand-BE\\src\\controllers\\queryController.ts","statementMap":{"0":{"start":{"line":2,"column":0},"end":{"line":2,"column":81}},"1":{"start":{"line":3,"column":0},"end":{"line":3,"column":51}},"2":{"start":{"line":5,"column":27},"end":{"line":33,"column":null}},"3":{"start":{"line":5,"column":65},"end":{"line":33,"column":null}},"4":{"start":{"line":6,"column":4},"end":{"line":32,"column":5}},"5":{"start":{"line":7,"column":33},"end":{"line":7,"column":69}},"6":{"start":{"line":9,"column":8},"end":{"line":14,"column":9}},"7":{"start":{"line":10,"column":12},"end":{"line":13,"column":15}},"8":{"start":{"line":16,"column":22},"end":{"line":20,"column":10}},"9":{"start":{"line":21,"column":8},"end":{"line":25,"column":11}},"10":{"start":{"line":27,"column":8},"end":{"line":31,"column":11}},"11":{"start":{"line":5,"column":13},"end":{"line":5,"column":27}},"12":{"start":{"line":35,"column":27},"end":{"line":48,"column":null}},"13":{"start":{"line":35,"column":65},"end":{"line":48,"column":null}},"14":{"start":{"line":36,"column":4},"end":{"line":47,"column":5}},"15":{"start":{"line":37,"column":25},"end":{"line":37,"column":45}},"16":{"start":{"line":38,"column":8},"end":{"line":41,"column":null}},"17":{"start":{"line":43,"column":8},"end":{"line":46,"column":null}},"18":{"start":{"line":35,"column":13},"end":{"line":35,"column":27}},"19":{"start":{"line":50,"column":28},"end":{"line":63,"column":null}},"20":{"start":{"line":50,"column":66},"end":{"line":63,"column":null}},"21":{"start":{"line":51,"column":4},"end":{"line":62,"column":5}},"22":{"start":{"line":52,"column":23},"end":{"line":52,"column":56}},"23":{"start":{"line":53,"column":8},"end":{"line":56,"column":null}},"24":{"start":{"line":58,"column":8},"end":{"line":61,"column":null}},"25":{"start":{"line":50,"column":13},"end":{"line":50,"column":28}}},"fnMap":{"0":{"name":"(anonymous_7)","decl":{"start":{"line":5,"column":27},"end":{"line":5,"column":34}},"loc":{"start":{"line":5,"column":65},"end":{"line":33,"column":null}}},"1":{"name":"(anonymous_8)","decl":{"start":{"line":5,"column":65},"end":{"line":5,"column":null}},"loc":{"start":{"line":5,"column":65},"end":{"line":33,"column":1}}},"2":{"name":"(anonymous_9)","decl":{"start":{"line":35,"column":27},"end":{"line":35,"column":34}},"loc":{"start":{"line":35,"column":65},"end":{"line":48,"column":null}}},"3":{"name":"(anonymous_10)","decl":{"start":{"line":35,"column":65},"end":{"line":35,"column":null}},"loc":{"start":{"line":35,"column":65},"end":{"line":48,"column":1}}},"4":{"name":"(anonymous_11)","decl":{"start":{"line":50,"column":28},"end":{"line":50,"column":35}},"loc":{"start":{"line":50,"column":66},"end":{"line":63,"column":null}}},"5":{"name":"(anonymous_12)","decl":{"start":{"line":50,"column":66},"end":{"line":50,"column":null}},"loc":{"start":{"line":50,"column":66},"end":{"line":63,"column":1}}}},"branchMap":{"0":{"loc":{"start":{"line":9,"column":8},"end":{"line":14,"column":9}},"type":"if","locations":[{"start":{"line":9,"column":8},"end":{"line":14,"column":9}}]}},"s":{"0":1,"1":1,"2":1,"3":0,"4":0,"5":0,"6":0,"7":0,"8":0,"9":0,"10":0,"11":1,"12":1,"13":0,"14":0,"15":0,"16":0,"17":0,"18":1,"19":1,"20":0,"21":0,"22":0,"23":0,"24":0,"25":1},"f":{"0":0,"1":0,"2":0,"3":0,"4":0,"5":0},"b":{"0":[0]}}
,"C:\\Users\\Jabo\\Desktop\\MyBrand-BE\\src\\controllers\\userController.ts": {"path":"C:\\Users\\Jabo\\Desktop\\MyBrand-BE\\src\\controllers\\userController.ts","statementMap":{"0":{"start":{"line":2,"column":0},"end":{"line":2,"column":109}},"1":{"start":{"line":3,"column":0},"end":{"line":3,"column":30}},"2":{"start":{"line":4,"column":0},"end":{"line":4,"column":31}},"3":{"start":{"line":5,"column":0},"end":{"line":5,"column":28}},"4":{"start":{"line":6,"column":0},"end":{"line":6,"column":80}},"5":{"start":{"line":7,"column":0},"end":{"line":7,"column":16}},"6":{"start":{"line":10,"column":28},"end":{"line":47,"column":2}},"7":{"start":{"line":10,"column":66},"end":{"line":47,"column":2}},"8":{"start":{"line":11,"column":4},"end":{"line":46,"column":5}},"9":{"start":{"line":12,"column":33},"end":{"line":12,"column":62}},"10":{"start":{"line":13,"column":8},"end":{"line":18,"column":9}},"11":{"start":{"line":14,"column":12},"end":{"line":17,"column":15}},"12":{"start":{"line":20,"column":21},"end":{"line":20,"column":49}},"13":{"start":{"line":21,"column":8},"end":{"line":26,"column":9}},"14":{"start":{"line":22,"column":12},"end":{"line":25,"column":15}},"15":{"start":{"line":27,"column":21},"end":{"line":27,"column":45}},"16":{"start":{"line":28,"column":31},"end":{"line":28,"column":70}},"17":{"start":{"line":30,"column":24},"end":{"line":35,"column":10}},"18":{"start":{"line":37,"column":8},"end":{"line":40,"column":11}},"19":{"start":{"line":42,"column":8},"end":{"line":45,"column":11}},"20":{"start":{"line":10,"column":13},"end":{"line":10,"column":28}},"21":{"start":{"line":49,"column":27},"end":{"line":62,"column":null}},"22":{"start":{"line":49,"column":65},"end":{"line":62,"column":null}},"23":{"start":{"line":50,"column":4},"end":{"line":61,"column":5}},"24":{"start":{"line":51,"column":22},"end":{"line":51,"column":38}},"25":{"start":{"line":52,"column":8},"end":{"line":55,"column":null}},"26":{"start":{"line":57,"column":8},"end":{"line":60,"column":null}},"27":{"start":{"line":49,"column":13},"end":{"line":49,"column":27}},"28":{"start":{"line":64,"column":27},"end":{"line":77,"column":null}},"29":{"start":{"line":64,"column":65},"end":{"line":77,"column":null}},"30":{"start":{"line":65,"column":4},"end":{"line":76,"column":5}},"31":{"start":{"line":66,"column":21},"end":{"line":66,"column":55}},"32":{"start":{"line":67,"column":8},"end":{"line":70,"column":11}},"33":{"start":{"line":72,"column":8},"end":{"line":75,"column":null}},"34":{"start":{"line":64,"column":13},"end":{"line":64,"column":27}},"35":{"start":{"line":79,"column":26},"end":{"line":92,"column":null}},"36":{"start":{"line":79,"column":64},"end":{"line":92,"column":null}},"37":{"start":{"line":80,"column":4},"end":{"line":91,"column":5}},"38":{"start":{"line":81,"column":26},"end":{"line":81,"column":57}},"39":{"start":{"line":82,"column":8},"end":{"line":85,"column":11}},"40":{"start":{"line":87,"column":8},"end":{"line":90,"column":null}},"41":{"start":{"line":79,"column":13},"end":{"line":79,"column":26}},"42":{"start":{"line":94,"column":26},"end":{"line":120,"column":null}},"43":{"start":{"line":94,"column":64},"end":{"line":120,"column":null}},"44":{"start":{"line":95,"column":4},"end":{"line":119,"column":5}},"45":{"start":{"line":96,"column":33},"end":{"line":96,"column":68}},"46":{"start":{"line":97,"column":8},"end":{"line":102,"column":9}},"47":{"start":{"line":98,"column":12},"end":{"line":101,"column":15}},"48":{"start":{"line":103,"column":8},"end":{"line":108,"column":9}},"49":{"start":{"line":104,"column":12},"end":{"line":107,"column":15}},"50":{"start":{"line":109,"column":21},"end":{"line":109,"column":57}},"51":{"start":{"line":110,"column":8},"end":{"line":113,"column":11}},"52":{"start":{"line":115,"column":8},"end":{"line":118,"column":null}},"53":{"start":{"line":94,"column":13},"end":{"line":94,"column":26}},"54":{"start":{"line":122,"column":24},"end":{"line":157,"column":null}},"55":{"start":{"line":122,"column":62},"end":{"line":157,"column":null}},"56":{"start":{"line":123,"column":4},"end":{"line":156,"column":5}},"57":{"start":{"line":124,"column":33},"end":{"line":124,"column":62}},"58":{"start":{"line":125,"column":8},"end":{"line":130,"column":9}},"59":{"start":{"line":126,"column":12},"end":{"line":129,"column":15}},"60":{"start":{"line":131,"column":21},"end":{"line":131,"column":49}},"61":{"start":{"line":132,"column":8},"end":{"line":137,"column":9}},"62":{"start":{"line":133,"column":12},"end":{"line":136,"column":15}},"63":{"start":{"line":138,"column":28},"end":{"line":138,"column":50}},"64":{"start":{"line":139,"column":8},"end":{"line":150,"column":9}},"65":{"start":{"line":140,"column":12},"end":{"line":144,"column":15}},"66":{"start":{"line":146,"column":12},"end":{"line":149,"column":null}},"67":{"start":{"line":152,"column":8},"end":{"line":155,"column":null}},"68":{"start":{"line":122,"column":13},"end":{"line":122,"column":24}}},"fnMap":{"0":{"name":"(anonymous_8)","decl":{"start":{"line":10,"column":28},"end":{"line":10,"column":35}},"loc":{"start":{"line":10,"column":66},"end":{"line":47,"column":2}}},"1":{"name":"(anonymous_9)","decl":{"start":{"line":10,"column":66},"end":{"line":10,"column":null}},"loc":{"start":{"line":10,"column":66},"end":{"line":47,"column":1}}},"2":{"name":"(anonymous_10)","decl":{"start":{"line":49,"column":27},"end":{"line":49,"column":34}},"loc":{"start":{"line":49,"column":65},"end":{"line":62,"column":null}}},"3":{"name":"(anonymous_11)","decl":{"start":{"line":49,"column":65},"end":{"line":49,"column":null}},"loc":{"start":{"line":49,"column":65},"end":{"line":62,"column":1}}},"4":{"name":"(anonymous_12)","decl":{"start":{"line":64,"column":27},"end":{"line":64,"column":34}},"loc":{"start":{"line":64,"column":65},"end":{"line":77,"column":null}}},"5":{"name":"(anonymous_13)","decl":{"start":{"line":64,"column":65},"end":{"line":64,"column":null}},"loc":{"start":{"line":64,"column":65},"end":{"line":77,"column":1}}},"6":{"name":"(anonymous_14)","decl":{"start":{"line":79,"column":26},"end":{"line":79,"column":33}},"loc":{"start":{"line":79,"column":64},"end":{"line":92,"column":null}}},"7":{"name":"(anonymous_15)","decl":{"start":{"line":79,"column":64},"end":{"line":79,"column":null}},"loc":{"start":{"line":79,"column":64},"end":{"line":92,"column":1}}},"8":{"name":"(anonymous_16)","decl":{"start":{"line":94,"column":26},"end":{"line":94,"column":33}},"loc":{"start":{"line":94,"column":64},"end":{"line":120,"column":null}}},"9":{"name":"(anonymous_17)","decl":{"start":{"line":94,"column":64},"end":{"line":94,"column":null}},"loc":{"start":{"line":94,"column":64},"end":{"line":120,"column":1}}},"10":{"name":"(anonymous_18)","decl":{"start":{"line":122,"column":24},"end":{"line":122,"column":31}},"loc":{"start":{"line":122,"column":62},"end":{"line":157,"column":null}}},"11":{"name":"(anonymous_19)","decl":{"start":{"line":122,"column":62},"end":{"line":122,"column":null}},"loc":{"start":{"line":122,"column":62},"end":{"line":157,"column":1}}}},"branchMap":{"0":{"loc":{"start":{"line":13,"column":8},"end":{"line":18,"column":9}},"type":"if","locations":[{"start":{"line":13,"column":8},"end":{"line":18,"column":9}}]},"1":{"loc":{"start":{"line":21,"column":8},"end":{"line":26,"column":9}},"type":"if","locations":[{"start":{"line":21,"column":8},"end":{"line":26,"column":9}}]},"2":{"loc":{"start":{"line":97,"column":8},"end":{"line":102,"column":9}},"type":"if","locations":[{"start":{"line":97,"column":8},"end":{"line":102,"column":9}}]},"3":{"loc":{"start":{"line":103,"column":8},"end":{"line":108,"column":9}},"type":"if","locations":[{"start":{"line":103,"column":8},"end":{"line":108,"column":9}}]},"4":{"loc":{"start":{"line":103,"column":11},"end":{"line":103,"column":56}},"type":"binary-expr","locations":[{"start":{"line":103,"column":11},"end":{"line":103,"column":22}},{"start":{"line":103,"column":26},"end":{"line":103,"column":41}},{"start":{"line":103,"column":45},"end":{"line":103,"column":56}}]},"5":{"loc":{"start":{"line":125,"column":8},"end":{"line":130,"column":9}},"type":"if","locations":[{"start":{"line":125,"column":8},"end":{"line":130,"column":9}}]},"6":{"loc":{"start":{"line":132,"column":8},"end":{"line":137,"column":9}},"type":"if","locations":[{"start":{"line":132,"column":8},"end":{"line":137,"column":9}}]},"7":{"loc":{"start":{"line":139,"column":8},"end":{"line":150,"column":9}},"type":"if","locations":[{"start":{"line":139,"column":8},"end":{"line":150,"column":9}},{"start":{"line":145,"column":15},"end":{"line":150,"column":9}}]},"8":{"loc":{"start":{"line":139,"column":11},"end":{"line":139,"column":74}},"type":"binary-expr","locations":[{"start":{"line":139,"column":11},"end":{"line":139,"column":15}},{"start":{"line":139,"column":19},"end":{"line":139,"column":73}}]}},"s":{"0":1,"1":1,"2":1,"3":1,"4":1,"5":1,"6":1,"7":1,"8":1,"9":1,"10":1,"11":0,"12":1,"13":1,"14":0,"15":1,"16":1,"17":1,"18":1,"19":0,"20":1,"21":1,"22":1,"23":1,"24":1,"25":1,"26":0,"27":1,"28":1,"29":0,"30":0,"31":0,"32":0,"33":0,"34":1,"35":1,"36":0,"37":0,"38":0,"39":0,"40":0,"41":1,"42":1,"43":0,"44":0,"45":0,"46":0,"47":0,"48":0,"49":0,"50":0,"51":0,"52":0,"53":1,"54":1,"55":2,"56":2,"57":2,"58":2,"59":0,"60":2,"61":2,"62":1,"63":1,"64":1,"65":1,"66":0,"67":0,"68":1},"f":{"0":1,"1":1,"2":1,"3":1,"4":0,"5":0,"6":0,"7":0,"8":0,"9":0,"10":2,"11":2},"b":{"0":[0],"1":[0],"2":[0],"3":[0],"4":[0,0,0],"5":[0],"6":[1],"7":[1,0],"8":[1,1]}}
,"C:\\Users\\Jabo\\Desktop\\MyBrand-BE\\src\\docs\\swagger.ts": {"path":"C:\\Users\\Jabo\\Desktop\\MyBrand-BE\\src\\docs\\swagger.ts","statementMap":{"0":{"start":{"line":1,"column":0},"end":{"line":1,"column":30}},"1":{"start":{"line":2,"column":0},"end":{"line":2,"column":50}},"2":{"start":{"line":4,"column":18},"end":{"line":4,"column":34}},"3":{"start":{"line":6,"column":16},"end":{"line":684,"column":2}},"4":{"start":{"line":686,"column":0},"end":{"line":686,"column":42}},"5":{"start":{"line":688,"column":0},"end":{"line":688,"column":25}}},"fnMap":{},"branchMap":{},"s":{"0":1,"1":1,"2":1,"3":1,"4":1,"5":1},"f":{},"b":{}}
,"C:\\Users\\Jabo\\Desktop\\MyBrand-BE\\src\\helpers\\cloud.ts": {"path":"C:\\Users\\Jabo\\Desktop\\MyBrand-BE\\src\\helpers\\cloud.ts","statementMap":{"0":{"start":{"line":1,"column":0},"end":{"line":1,"column":46}},"1":{"start":{"line":3,"column":0},"end":{"line":3,"column":27}},"2":{"start":{"line":4,"column":0},"end":{"line":4,"column":16}},"3":{"start":{"line":6,"column":0},"end":{"line":10,"column":3}},"4":{"start":{"line":12,"column":19},"end":{"line":19,"column":2}},"5":{"start":{"line":12,"column":70},"end":{"line":19,"column":2}},"6":{"start":{"line":13,"column":4},"end":{"line":18,"column":5}},"7":{"start":{"line":14,"column":21},"end":{"line":14,"column":64}},"8":{"start":{"line":15,"column":6},"end":{"line":15,"column":31}},"9":{"start":{"line":17,"column":6},"end":{"line":17,"column":41}},"10":{"start":{"line":21,"column":0},"end":{"line":21,"column":26}}},"fnMap":{"0":{"name":"(anonymous_8)","decl":{"start":{"line":12,"column":19},"end":{"line":12,"column":26}},"loc":{"start":{"line":12,"column":70},"end":{"line":19,"column":2}}},"1":{"name":"(anonymous_9)","decl":{"start":{"line":12,"column":70},"end":{"line":12,"column":null}},"loc":{"start":{"line":12,"column":70},"end":{"line":19,"column":1}}}},"branchMap":{},"s":{"0":1,"1":1,"2":1,"3":1,"4":1,"5":0,"6":0,"7":0,"8":0,"9":0,"10":1},"f":{"0":0,"1":0},"b":{}}
,"C:\\Users\\Jabo\\Desktop\\MyBrand-BE\\src\\helpers\\multer.ts": {"path":"C:\\Users\\Jabo\\Desktop\\MyBrand-BE\\src\\helpers\\multer.ts","statementMap":{"0":{"start":{"line":1,"column":0},"end":{"line":1,"column":28}},"1":{"start":{"line":2,"column":0},"end":{"line":2,"column":24}},"2":{"start":{"line":4,"column":16},"end":{"line":4,"column":38}},"3":{"start":{"line":6,"column":19},"end":{"line":15,"column":1}},"4":{"start":{"line":7,"column":20},"end":{"line":7,"column":65}},"5":{"start":{"line":9,"column":2},"end":{"line":12,"column":3}},"6":{"start":{"line":10,"column":4},"end":{"line":10,"column":43}},"7":{"start":{"line":11,"column":4},"end":{"line":11,"column":11}},"8":{"start":{"line":14,"column":2},"end":{"line":14,"column":17}},"9":{"start":{"line":18,"column":15},"end":{"line":21,"column":4}},"10":{"start":{"line":23,"column":0},"end":{"line":23,"column":22}}},"fnMap":{"0":{"name":"(anonymous_1)","decl":{"start":{"line":6,"column":19},"end":{"line":6,"column":20}},"loc":{"start":{"line":6,"column":108},"end":{"line":15,"column":1}}}},"branchMap":{"0":{"loc":{"start":{"line":9,"column":2},"end":{"line":12,"column":3}},"type":"if","locations":[{"start":{"line":9,"column":2},"end":{"line":12,"column":3}}]},"1":{"loc":{"start":{"line":9,"column":8},"end":{"line":9,"column":77}},"type":"binary-expr","locations":[{"start":{"line":9,"column":8},"end":{"line":9,"column":28}},{"start":{"line":9,"column":32},"end":{"line":9,"column":53}},{"start":{"line":9,"column":57},"end":{"line":9,"column":77}}]}},"s":{"0":1,"1":1,"2":1,"3":1,"4":0,"5":0,"6":0,"7":0,"8":0,"9":1,"10":1},"f":{"0":0},"b":{"0":[0],"1":[0,0,0]}}
,"C:\\Users\\Jabo\\Desktop\\MyBrand-BE\\src\\middlewares\\isAdmin.ts": {"path":"C:\\Users\\Jabo\\Desktop\\MyBrand-BE\\src\\middlewares\\isAdmin.ts","statementMap":{"0":{"start":{"line":5,"column":0},"end":{"line":5,"column":27}},"1":{"start":{"line":6,"column":0},"end":{"line":6,"column":16}},"2":{"start":{"line":16,"column":23},"end":{"line":42,"column":2}},"3":{"start":{"line":16,"column":81},"end":{"line":42,"column":2}},"4":{"start":{"line":17,"column":21},"end":{"line":17,"column":24}},"5":{"start":{"line":18,"column":4},"end":{"line":41,"column":5}},"6":{"start":{"line":19,"column":8},"end":{"line":24,"column":9}},"7":{"start":{"line":20,"column":12},"end":{"line":23,"column":15}},"8":{"start":{"line":25,"column":24},"end":{"line":25,"column":46}},"9":{"start":{"line":26,"column":8},"end":{"line":31,"column":9}},"10":{"start":{"line":27,"column":12},"end":{"line":30,"column":15}},"11":{"start":{"line":32,"column":8},"end":{"line":36,"column":9}},"12":{"start":{"line":33,"column":12},"end":{"line":33,"column":19}},"13":{"start":{"line":35,"column":12},"end":{"line":35,"column":null}},"14":{"start":{"line":38,"column":8},"end":{"line":40,"column":11}},"15":{"start":{"line":16,"column":13},"end":{"line":16,"column":23}}},"fnMap":{"0":{"name":"(anonymous_8)","decl":{"start":{"line":16,"column":23},"end":{"line":16,"column":30}},"loc":{"start":{"line":16,"column":81},"end":{"line":42,"column":2}}},"1":{"name":"(anonymous_9)","decl":{"start":{"line":16,"column":81},"end":{"line":16,"column":null}},"loc":{"start":{"line":16,"column":81},"end":{"line":42,"column":1}}}},"branchMap":{"0":{"loc":{"start":{"line":19,"column":8},"end":{"line":24,"column":9}},"type":"if","locations":[{"start":{"line":19,"column":8},"end":{"line":24,"column":9}}]},"1":{"loc":{"start":{"line":25,"column":24},"end":{"line":25,"column":34}},"type":"cond-expr","locations":[{"start":{"line":25,"column":28},"end":{"line":25,"column":30}},{"start":{"line":25,"column":24},"end":{"line":25,"column":34}}]},"2":{"loc":{"start":{"line":25,"column":24},"end":{"line":25,"column":30}},"type":"binary-expr","locations":[{"start":{"line":25,"column":24},"end":{"line":25,"column":30}},{"start":{"line":25,"column":24},"end":{"line":25,"column":30}}]},"3":{"loc":{"start":{"line":26,"column":8},"end":{"line":31,"column":9}},"type":"if","locations":[{"start":{"line":26,"column":8},"end":{"line":31,"column":9}}]},"4":{"loc":{"start":{"line":32,"column":8},"end":{"line":36,"column":9}},"type":"if","locations":[{"start":{"line":32,"column":8},"end":{"line":36,"column":9}},{"start":{"line":34,"column":15},"end":{"line":36,"column":9}}]},"5":{"loc":{"start":{"line":32,"column":11},"end":{"line":32,"column":26}},"type":"binary-expr","locations":[{"start":{"line":32,"column":11},"end":{"line":32,"column":15}},{"start":{"line":32,"column":19},"end":{"line":32,"column":26}}]}},"s":{"0":1,"1":1,"2":1,"3":1,"4":1,"5":1,"6":1,"7":0,"8":1,"9":1,"10":0,"11":1,"12":1,"13":0,"14":0,"15":1},"f":{"0":1,"1":1},"b":{"0":[0],"1":[0,1],"2":[1,1],"3":[0],"4":[1,0],"5":[1,1]}}
,"C:\\Users\\Jabo\\Desktop\\MyBrand-BE\\src\\middlewares\\isLoggedIn.ts": {"path":"C:\\Users\\Jabo\\Desktop\\MyBrand-BE\\src\\middlewares\\isLoggedIn.ts","statementMap":{"0":{"start":{"line":1,"column":0},"end":{"line":1,"column":31}},"1":{"start":{"line":2,"column":0},"end":{"line":2,"column":56}},"2":{"start":{"line":5,"column":0},"end":{"line":5,"column":27}},"3":{"start":{"line":6,"column":0},"end":{"line":6,"column":16}},"4":{"start":{"line":16,"column":26},"end":{"line":54,"column":null}},"5":{"start":{"line":16,"column":84},"end":{"line":54,"column":null}},"6":{"start":{"line":17,"column":36},"end":{"line":17,"column":45}},"7":{"start":{"line":18,"column":4},"end":{"line":53,"column":5}},"8":{"start":{"line":19,"column":8},"end":{"line":24,"column":9}},"9":{"start":{"line":23,"column":12},"end":{"line":23,"column":60}},"10":{"start":{"line":25,"column":8},"end":{"line":30,"column":9}},"11":{"start":{"line":26,"column":12},"end":{"line":29,"column":15}},"12":{"start":{"line":31,"column":43},"end":{"line":31,"column":65}},"13":{"start":{"line":32,"column":8},"end":{"line":34,"column":9}},"14":{"start":{"line":33,"column":12},"end":{"line":33,"column":58}},"15":{"start":{"line":35,"column":8},"end":{"line":37,"column":9}},"16":{"start":{"line":36,"column":12},"end":{"line":36,"column":54}},"17":{"start":{"line":38,"column":29},"end":{"line":38,"column":54}},"18":{"start":{"line":39,"column":37},"end":{"line":39,"column":72}},"19":{"start":{"line":40,"column":8},"end":{"line":45,"column":9}},"20":{"start":{"line":41,"column":12},"end":{"line":44,"column":15}},"21":{"start":{"line":46,"column":8},"end":{"line":46,"column":30}},"22":{"start":{"line":47,"column":8},"end":{"line":47,"column":15}},"23":{"start":{"line":49,"column":8},"end":{"line":52,"column":11}},"24":{"start":{"line":16,"column":13},"end":{"line":16,"column":26}}},"fnMap":{"0":{"name":"(anonymous_8)","decl":{"start":{"line":16,"column":26},"end":{"line":16,"column":33}},"loc":{"start":{"line":16,"column":84},"end":{"line":54,"column":null}}},"1":{"name":"(anonymous_9)","decl":{"start":{"line":16,"column":84},"end":{"line":16,"column":null}},"loc":{"start":{"line":16,"column":84},"end":{"line":54,"column":1}}}},"branchMap":{"0":{"loc":{"start":{"line":19,"column":8},"end":{"line":24,"column":9}},"type":"if","locations":[{"start":{"line":19,"column":8},"end":{"line":24,"column":9}}]},"1":{"loc":{"start":{"line":20,"column":12},"end":{"line":21,"column":59}},"type":"binary-expr","locations":[{"start":{"line":20,"column":12},"end":{"line":20,"column":37}},{"start":{"line":21,"column":12},"end":{"line":21,"column":59}}]},"2":{"loc":{"start":{"line":25,"column":8},"end":{"line":30,"column":9}},"type":"if","locations":[{"start":{"line":25,"column":8},"end":{"line":30,"column":9}}]},"3":{"loc":{"start":{"line":32,"column":8},"end":{"line":34,"column":9}},"type":"if","locations":[{"start":{"line":32,"column":8},"end":{"line":34,"column":9}}]},"4":{"loc":{"start":{"line":35,"column":8},"end":{"line":37,"column":9}},"type":"if","locations":[{"start":{"line":35,"column":8},"end":{"line":37,"column":9}}]},"5":{"loc":{"start":{"line":40,"column":8},"end":{"line":45,"column":9}},"type":"if","locations":[{"start":{"line":40,"column":8},"end":{"line":45,"column":9}}]}},"s":{"0":1,"1":1,"2":1,"3":1,"4":1,"5":2,"6":2,"7":2,"8":2,"9":1,"10":2,"11":1,"12":1,"13":1,"14":0,"15":1,"16":0,"17":1,"18":1,"19":1,"20":0,"21":1,"22":1,"23":0,"24":1},"f":{"0":2,"1":2},"b":{"0":[1],"1":[2,1],"2":[1],"3":[0],"4":[0],"5":[0]}}
,"C:\\Users\\Jabo\\Desktop\\MyBrand-BE\\src\\models\\blog.ts": {"path":"C:\\Users\\Jabo\\Desktop\\MyBrand-BE\\src\\models\\blog.ts","statementMap":{"0":{"start":{"line":1,"column":0},"end":{"line":1,"column":32}},"1":{"start":{"line":3,"column":19},"end":{"line":16,"column":2}},"2":{"start":{"line":18,"column":13},"end":{"line":18,"column":47}},"3":{"start":{"line":20,"column":0},"end":{"line":20,"column":20}}},"fnMap":{},"branchMap":{},"s":{"0":1,"1":1,"2":1,"3":1},"f":{},"b":{}}
,"C:\\Users\\Jabo\\Desktop\\MyBrand-BE\\src\\models\\comment.ts": {"path":"C:\\Users\\Jabo\\Desktop\\MyBrand-BE\\src\\models\\comment.ts","statementMap":{"0":{"start":{"line":1,"column":0},"end":{"line":1,"column":58}},"1":{"start":{"line":10,"column":22},"end":{"line":27,"column":24}},"2":{"start":{"line":29,"column":16},"end":{"line":29,"column":61}},"3":{"start":{"line":31,"column":0},"end":{"line":31,"column":23}}},"fnMap":{},"branchMap":{},"s":{"0":1,"1":1,"2":1,"3":1},"f":{},"b":{}}
,"C:\\Users\\Jabo\\Desktop\\MyBrand-BE\\src\\models\\likes.ts": {"path":"C:\\Users\\Jabo\\Desktop\\MyBrand-BE\\src\\models\\likes.ts","statementMap":{"0":{"start":{"line":1,"column":0},"end":{"line":1,"column":31}},"1":{"start":{"line":10,"column":19},"end":{"line":21,"column":2}},"2":{"start":{"line":23,"column":0},"end":{"line":23,"column":null}}},"fnMap":{},"branchMap":{},"s":{"0":1,"1":1,"2":1},"f":{},"b":{}}
,"C:\\Users\\Jabo\\Desktop\\MyBrand-BE\\src\\models\\querries.ts": {"path":"C:\\Users\\Jabo\\Desktop\\MyBrand-BE\\src\\models\\querries.ts","statementMap":{"0":{"start":{"line":1,"column":0},"end":{"line":1,"column":32}},"1":{"start":{"line":9,"column":20},"end":{"line":22,"column":2}},"2":{"start":{"line":24,"column":15},"end":{"line":24,"column":52}},"3":{"start":{"line":26,"column":0},"end":{"line":26,"column":22}}},"fnMap":{},"branchMap":{},"s":{"0":1,"1":1,"2":1,"3":1},"f":{},"b":{}}
,"C:\\Users\\Jabo\\Desktop\\MyBrand-BE\\src\\models\\user.ts": {"path":"C:\\Users\\Jabo\\Desktop\\MyBrand-BE\\src\\models\\user.ts","statementMap":{"0":{"start":{"line":1,"column":0},"end":{"line":1,"column":32}},"1":{"start":{"line":10,"column":19},"end":{"line":28,"column":2}},"2":{"start":{"line":30,"column":13},"end":{"line":30,"column":47}},"3":{"start":{"line":32,"column":0},"end":{"line":32,"column":20}}},"fnMap":{},"branchMap":{},"s":{"0":1,"1":1,"2":1,"3":1},"f":{},"b":{}}
,"C:\\Users\\Jabo\\Desktop\\MyBrand-BE\\src\\routes\\blogRouter.ts": {"path":"C:\\Users\\Jabo\\Desktop\\MyBrand-BE\\src\\routes\\blogRouter.ts","statementMap":{"0":{"start":{"line":1,"column":0},"end":{"line":1,"column":30}},"1":{"start":{"line":2,"column":15},"end":{"line":2,"column":31}},"2":{"start":{"line":3,"column":0},"end":{"line":3,"column":106}},"3":{"start":{"line":4,"column":0},"end":{"line":4,"column":39}},"4":{"start":{"line":5,"column":0},"end":{"line":5,"column":49}},"5":{"start":{"line":6,"column":0},"end":{"line":6,"column":55}},"6":{"start":{"line":8,"column":0},"end":{"line":8,"column":26}},"7":{"start":{"line":9,"column":0},"end":{"line":9,"column":74}},"8":{"start":{"line":10,"column":0},"end":{"line":10,"column":32}},"9":{"start":{"line":11,"column":0},"end":{"line":11,"column":78}},"10":{"start":{"line":12,"column":0},"end":{"line":12,"column":55}},"11":{"start":{"line":14,"column":0},"end":{"line":14,"column":22}}},"fnMap":{},"branchMap":{},"s":{"0":1,"1":1,"2":1,"3":1,"4":1,"5":1,"6":1,"7":1,"8":1,"9":1,"10":1,"11":1},"f":{},"b":{}}
,"C:\\Users\\Jabo\\Desktop\\MyBrand-BE\\src\\routes\\commentRouter.ts": {"path":"C:\\Users\\Jabo\\Desktop\\MyBrand-BE\\src\\routes\\commentRouter.ts","statementMap":{"0":{"start":{"line":1,"column":0},"end":{"line":1,"column":30}},"1":{"start":{"line":2,"column":0},"end":{"line":2,"column":75}},"2":{"start":{"line":3,"column":15},"end":{"line":3,"column":31}},"3":{"start":{"line":4,"column":0},"end":{"line":4,"column":55}},"4":{"start":{"line":6,"column":0},"end":{"line":6,"column":null}},"5":{"start":{"line":7,"column":0},"end":{"line":7,"column":null}},"6":{"start":{"line":9,"column":0},"end":{"line":9,"column":22}}},"fnMap":{},"branchMap":{},"s":{"0":1,"1":1,"2":1,"3":1,"4":1,"5":1,"6":1},"f":{},"b":{}}
,"C:\\Users\\Jabo\\Desktop\\MyBrand-BE\\src\\routes\\index.ts": {"path":"C:\\Users\\Jabo\\Desktop\\MyBrand-BE\\src\\routes\\index.ts","statementMap":{"0":{"start":{"line":1,"column":0},"end":{"line":1,"column":30}},"1":{"start":{"line":2,"column":0},"end":{"line":2,"column":38}},"2":{"start":{"line":3,"column":0},"end":{"line":3,"column":44}},"3":{"start":{"line":4,"column":0},"end":{"line":4,"column":38}},"4":{"start":{"line":5,"column":0},"end":{"line":5,"column":45}},"5":{"start":{"line":6,"column":0},"end":{"line":6,"column":38}},"6":{"start":{"line":7,"column":19},"end":{"line":7,"column":35}},"7":{"start":{"line":10,"column":0},"end":{"line":10,"column":37}},"8":{"start":{"line":11,"column":0},"end":{"line":11,"column":40}},"9":{"start":{"line":12,"column":0},"end":{"line":12,"column":37}},"10":{"start":{"line":13,"column":0},"end":{"line":13,"column":36}},"11":{"start":{"line":14,"column":0},"end":{"line":14,"column":37}},"12":{"start":{"line":16,"column":0},"end":{"line":16,"column":26}}},"fnMap":{},"branchMap":{},"s":{"0":1,"1":1,"2":1,"3":1,"4":1,"5":1,"6":1,"7":1,"8":1,"9":1,"10":1,"11":1,"12":1},"f":{},"b":{}}
,"C:\\Users\\Jabo\\Desktop\\MyBrand-BE\\src\\routes\\likeRouter.ts": {"path":"C:\\Users\\Jabo\\Desktop\\MyBrand-BE\\src\\routes\\likeRouter.ts","statementMap":{"0":{"start":{"line":1,"column":0},"end":{"line":1,"column":29}},"1":{"start":{"line":2,"column":0},"end":{"line":2,"column":62}},"2":{"start":{"line":3,"column":15},"end":{"line":3,"column":31}},"3":{"start":{"line":4,"column":0},"end":{"line":4,"column":55}},"4":{"start":{"line":6,"column":0},"end":{"line":6,"column":44}},"5":{"start":{"line":7,"column":0},"end":{"line":7,"column":35}},"6":{"start":{"line":9,"column":0},"end":{"line":9,"column":22}}},"fnMap":{},"branchMap":{},"s":{"0":1,"1":1,"2":1,"3":1,"4":1,"5":1,"6":1},"f":{},"b":{}}
,"C:\\Users\\Jabo\\Desktop\\MyBrand-BE\\src\\routes\\queriesRouter.ts": {"path":"C:\\Users\\Jabo\\Desktop\\MyBrand-BE\\src\\routes\\queriesRouter.ts","statementMap":{"0":{"start":{"line":1,"column":0},"end":{"line":1,"column":30}},"1":{"start":{"line":2,"column":0},"end":{"line":2,"column":88}},"2":{"start":{"line":3,"column":15},"end":{"line":3,"column":31}},"3":{"start":{"line":4,"column":0},"end":{"line":4,"column":49}},"4":{"start":{"line":5,"column":0},"end":{"line":5,"column":55}},"5":{"start":{"line":7,"column":0},"end":{"line":7,"column":37}},"6":{"start":{"line":8,"column":0},"end":{"line":8,"column":57}},"7":{"start":{"line":9,"column":0},"end":{"line":9,"column":65}},"8":{"start":{"line":11,"column":0},"end":{"line":11,"column":22}}},"fnMap":{},"branchMap":{},"s":{"0":1,"1":1,"2":1,"3":1,"4":1,"5":1,"6":1,"7":1,"8":1},"f":{},"b":{}}
,"C:\\Users\\Jabo\\Desktop\\MyBrand-BE\\src\\routes\\userRouter.ts": {"path":"C:\\Users\\Jabo\\Desktop\\MyBrand-BE\\src\\routes\\userRouter.ts","statementMap":{"0":{"start":{"line":1,"column":0},"end":{"line":1,"column":30}},"1":{"start":{"line":2,"column":0},"end":{"line":2,"column":121}},"2":{"start":{"line":3,"column":15},"end":{"line":3,"column":31}},"3":{"start":{"line":5,"column":0},"end":{"line":5,"column":31}},"4":{"start":{"line":6,"column":0},"end":{"line":6,"column":29}},"5":{"start":{"line":7,"column":0},"end":{"line":7,"column":32}},"6":{"start":{"line":8,"column":0},"end":{"line":8,"column":33}},"7":{"start":{"line":9,"column":0},"end":{"line":9,"column":34}},"8":{"start":{"line":10,"column":0},"end":{"line":10,"column":31}},"9":{"start":{"line":12,"column":0},"end":{"line":12,"column":22}}},"fnMap":{},"branchMap":{},"s":{"0":1,"1":1,"2":1,"3":1,"4":1,"5":1,"6":1,"7":1,"8":1,"9":1},"f":{},"b":{}}
,"C:\\Users\\Jabo\\Desktop\\MyBrand-BE\\src\\services\\blogService.ts": {"path":"C:\\Users\\Jabo\\Desktop\\MyBrand-BE\\src\\services\\blogService.ts","statementMap":{"0":{"start":{"line":1,"column":0},"end":{"line":1,"column":34}},"1":{"start":{"line":3,"column":23},"end":{"line":6,"column":null}},"2":{"start":{"line":3,"column":34},"end":{"line":6,"column":null}},"3":{"start":{"line":4,"column":22},"end":{"line":4,"column":39}},"4":{"start":{"line":5,"column":8},"end":{"line":5,"column":null}},"5":{"start":{"line":3,"column":13},"end":{"line":3,"column":23}},"6":{"start":{"line":8,"column":23},"end":{"line":11,"column":null}},"7":{"start":{"line":8,"column":46},"end":{"line":11,"column":null}},"8":{"start":{"line":9,"column":20},"end":{"line":9,"column":43}},"9":{"start":{"line":10,"column":4},"end":{"line":10,"column":19}},"10":{"start":{"line":8,"column":13},"end":{"line":8,"column":23}},"11":{"start":{"line":13,"column":29},"end":{"line":16,"column":null}},"12":{"start":{"line":13,"column":50},"end":{"line":16,"column":null}},"13":{"start":{"line":14,"column":16},"end":{"line":14,"column":39}},"14":{"start":{"line":15,"column":3},"end":{"line":15,"column":15}},"15":{"start":{"line":13,"column":13},"end":{"line":13,"column":29}},"16":{"start":{"line":18,"column":30},"end":{"line":21,"column":null}},"17":{"start":{"line":18,"column":51},"end":{"line":21,"column":null}},"18":{"start":{"line":19,"column":21},"end":{"line":19,"column":53}},"19":{"start":{"line":20,"column":4},"end":{"line":20,"column":20}},"20":{"start":{"line":18,"column":13},"end":{"line":18,"column":30}}},"fnMap":{"0":{"name":"(anonymous_8)","decl":{"start":{"line":3,"column":23},"end":{"line":3,"column":32}},"loc":{"start":{"line":3,"column":34},"end":{"line":6,"column":null}}},"1":{"name":"(anonymous_9)","decl":{"start":{"line":3,"column":34},"end":{"line":3,"column":null}},"loc":{"start":{"line":3,"column":34},"end":{"line":6,"column":1}}},"2":{"name":"(anonymous_10)","decl":{"start":{"line":8,"column":23},"end":{"line":8,"column":30}},"loc":{"start":{"line":8,"column":46},"end":{"line":11,"column":null}}},"3":{"name":"(anonymous_11)","decl":{"start":{"line":8,"column":46},"end":{"line":8,"column":null}},"loc":{"start":{"line":8,"column":46},"end":{"line":11,"column":1}}},"4":{"name":"(anonymous_12)","decl":{"start":{"line":13,"column":29},"end":{"line":13,"column":36}},"loc":{"start":{"line":13,"column":50},"end":{"line":16,"column":null}}},"5":{"name":"(anonymous_13)","decl":{"start":{"line":13,"column":50},"end":{"line":13,"column":null}},"loc":{"start":{"line":13,"column":50},"end":{"line":16,"column":1}}},"6":{"name":"(anonymous_14)","decl":{"start":{"line":18,"column":30},"end":{"line":18,"column":37}},"loc":{"start":{"line":18,"column":51},"end":{"line":21,"column":null}}},"7":{"name":"(anonymous_15)","decl":{"start":{"line":18,"column":51},"end":{"line":18,"column":null}},"loc":{"start":{"line":18,"column":51},"end":{"line":21,"column":1}}}},"branchMap":{},"s":{"0":1,"1":1,"2":1,"3":1,"4":1,"5":1,"6":1,"7":0,"8":0,"9":0,"10":1,"11":1,"12":0,"13":0,"14":0,"15":1,"16":1,"17":0,"18":0,"19":0,"20":1},"f":{"0":1,"1":1,"2":0,"3":0,"4":0,"5":0,"6":0,"7":0},"b":{}}
,"C:\\Users\\Jabo\\Desktop\\MyBrand-BE\\src\\services\\commentService.ts": {"path":"C:\\Users\\Jabo\\Desktop\\MyBrand-BE\\src\\services\\commentService.ts","statementMap":{"0":{"start":{"line":1,"column":0},"end":{"line":1,"column":40}},"1":{"start":{"line":3,"column":29},"end":{"line":11,"column":null}},"2":{"start":{"line":3,"column":99},"end":{"line":11,"column":null}},"3":{"start":{"line":4,"column":20},"end":{"line":9,"column":6}},"4":{"start":{"line":10,"column":4},"end":{"line":10,"column":19}},"5":{"start":{"line":3,"column":13},"end":{"line":3,"column":29}},"6":{"start":{"line":13,"column":28},"end":{"line":16,"column":null}},"7":{"start":{"line":13,"column":53},"end":{"line":16,"column":null}},"8":{"start":{"line":14,"column":21},"end":{"line":14,"column":55}},"9":{"start":{"line":15,"column":4},"end":{"line":15,"column":20}},"10":{"start":{"line":13,"column":13},"end":{"line":13,"column":28}}},"fnMap":{"0":{"name":"(anonymous_8)","decl":{"start":{"line":3,"column":29},"end":{"line":3,"column":36}},"loc":{"start":{"line":3,"column":99},"end":{"line":11,"column":null}}},"1":{"name":"(anonymous_9)","decl":{"start":{"line":3,"column":99},"end":{"line":3,"column":null}},"loc":{"start":{"line":3,"column":99},"end":{"line":11,"column":1}}},"2":{"name":"(anonymous_10)","decl":{"start":{"line":13,"column":28},"end":{"line":13,"column":35}},"loc":{"start":{"line":13,"column":53},"end":{"line":16,"column":null}}},"3":{"name":"(anonymous_11)","decl":{"start":{"line":13,"column":53},"end":{"line":13,"column":null}},"loc":{"start":{"line":13,"column":53},"end":{"line":16,"column":1}}}},"branchMap":{},"s":{"0":1,"1":1,"2":0,"3":0,"4":0,"5":1,"6":1,"7":0,"8":0,"9":0,"10":1},"f":{"0":0,"1":0,"2":0,"3":0},"b":{}}
,"C:\\Users\\Jabo\\Desktop\\MyBrand-BE\\src\\services\\likeService.ts": {"path":"C:\\Users\\Jabo\\Desktop\\MyBrand-BE\\src\\services\\likeService.ts","statementMap":{"0":{"start":{"line":1,"column":0},"end":{"line":1,"column":36}},"1":{"start":{"line":3,"column":26},"end":{"line":9,"column":null}},"2":{"start":{"line":3,"column":61},"end":{"line":9,"column":null}},"3":{"start":{"line":4,"column":17},"end":{"line":7,"column":6}},"4":{"start":{"line":8,"column":4},"end":{"line":8,"column":16}},"5":{"start":{"line":3,"column":13},"end":{"line":3,"column":26}},"6":{"start":{"line":11,"column":29},"end":{"line":14,"column":null}},"7":{"start":{"line":11,"column":70},"end":{"line":14,"column":null}},"8":{"start":{"line":12,"column":17},"end":{"line":12,"column":67}},"9":{"start":{"line":13,"column":4},"end":{"line":13,"column":16}},"10":{"start":{"line":11,"column":13},"end":{"line":11,"column":29}},"11":{"start":{"line":16,"column":23},"end":{"line":19,"column":null}},"12":{"start":{"line":16,"column":44},"end":{"line":19,"column":null}},"13":{"start":{"line":17,"column":17},"end":{"line":17,"column":50}},"14":{"start":{"line":18,"column":4},"end":{"line":18,"column":16}},"15":{"start":{"line":16,"column":13},"end":{"line":16,"column":23}},"16":{"start":{"line":21,"column":27},"end":{"line":24,"column":null}},"17":{"start":{"line":21,"column":48},"end":{"line":24,"column":null}},"18":{"start":{"line":22,"column":18},"end":{"line":22,"column":48}},"19":{"start":{"line":23,"column":4},"end":{"line":23,"column":17}},"20":{"start":{"line":21,"column":13},"end":{"line":21,"column":27}}},"fnMap":{"0":{"name":"(anonymous_8)","decl":{"start":{"line":3,"column":26},"end":{"line":3,"column":33}},"loc":{"start":{"line":3,"column":61},"end":{"line":9,"column":null}}},"1":{"name":"(anonymous_9)","decl":{"start":{"line":3,"column":61},"end":{"line":3,"column":null}},"loc":{"start":{"line":3,"column":61},"end":{"line":9,"column":1}}},"2":{"name":"(anonymous_10)","decl":{"start":{"line":11,"column":29},"end":{"line":11,"column":36}},"loc":{"start":{"line":11,"column":70},"end":{"line":14,"column":null}}},"3":{"name":"(anonymous_11)","decl":{"start":{"line":11,"column":70},"end":{"line":11,"column":null}},"loc":{"start":{"line":11,"column":70},"end":{"line":14,"column":1}}},"4":{"name":"(anonymous_12)","decl":{"start":{"line":16,"column":23},"end":{"line":16,"column":30}},"loc":{"start":{"line":16,"column":44},"end":{"line":19,"column":null}}},"5":{"name":"(anonymous_13)","decl":{"start":{"line":16,"column":44},"end":{"line":16,"column":null}},"loc":{"start":{"line":16,"column":44},"end":{"line":19,"column":1}}},"6":{"name":"(anonymous_14)","decl":{"start":{"line":21,"column":27},"end":{"line":21,"column":34}},"loc":{"start":{"line":21,"column":48},"end":{"line":24,"column":null}}},"7":{"name":"(anonymous_15)","decl":{"start":{"line":21,"column":48},"end":{"line":21,"column":null}},"loc":{"start":{"line":21,"column":48},"end":{"line":24,"column":1}}}},"branchMap":{},"s":{"0":1,"1":1,"2":0,"3":0,"4":0,"5":1,"6":1,"7":0,"8":0,"9":0,"10":1,"11":1,"12":0,"13":0,"14":0,"15":1,"16":1,"17":0,"18":0,"19":0,"20":1},"f":{"0":0,"1":0,"2":0,"3":0,"4":0,"5":0,"6":0,"7":0},"b":{}}
,"C:\\Users\\Jabo\\Desktop\\MyBrand-BE\\src\\services\\querryService.ts": {"path":"C:\\Users\\Jabo\\Desktop\\MyBrand-BE\\src\\services\\querryService.ts","statementMap":{"0":{"start":{"line":1,"column":0},"end":{"line":1,"column":40}},"1":{"start":{"line":4,"column":25},"end":{"line":7,"column":null}},"2":{"start":{"line":4,"column":52},"end":{"line":7,"column":null}},"3":{"start":{"line":5,"column":18},"end":{"line":5,"column":43}},"4":{"start":{"line":6,"column":4},"end":{"line":6,"column":17}},"5":{"start":{"line":4,"column":13},"end":{"line":4,"column":25}},"6":{"start":{"line":9,"column":28},"end":{"line":12,"column":null}},"7":{"start":{"line":9,"column":39},"end":{"line":12,"column":null}},"8":{"start":{"line":10,"column":21},"end":{"line":10,"column":40}},"9":{"start":{"line":11,"column":4},"end":{"line":11,"column":20}},"10":{"start":{"line":9,"column":13},"end":{"line":9,"column":28}},"11":{"start":{"line":14,"column":28},"end":{"line":16,"column":null}},"12":{"start":{"line":14,"column":49},"end":{"line":16,"column":null}},"13":{"start":{"line":15,"column":19},"end":{"line":15,"column":53}},"14":{"start":{"line":14,"column":13},"end":{"line":14,"column":28}}},"fnMap":{"0":{"name":"(anonymous_8)","decl":{"start":{"line":4,"column":25},"end":{"line":4,"column":32}},"loc":{"start":{"line":4,"column":52},"end":{"line":7,"column":null}}},"1":{"name":"(anonymous_9)","decl":{"start":{"line":4,"column":52},"end":{"line":4,"column":null}},"loc":{"start":{"line":4,"column":52},"end":{"line":7,"column":1}}},"2":{"name":"(anonymous_10)","decl":{"start":{"line":9,"column":28},"end":{"line":9,"column":37}},"loc":{"start":{"line":9,"column":39},"end":{"line":12,"column":null}}},"3":{"name":"(anonymous_11)","decl":{"start":{"line":9,"column":39},"end":{"line":9,"column":null}},"loc":{"start":{"line":9,"column":39},"end":{"line":12,"column":1}}},"4":{"name":"(anonymous_12)","decl":{"start":{"line":14,"column":28},"end":{"line":14,"column":35}},"loc":{"start":{"line":14,"column":49},"end":{"line":16,"column":null}}},"5":{"name":"(anonymous_13)","decl":{"start":{"line":14,"column":49},"end":{"line":14,"column":null}},"loc":{"start":{"line":14,"column":49},"end":{"line":16,"column":1}}}},"branchMap":{},"s":{"0":1,"1":1,"2":0,"3":0,"4":0,"5":1,"6":1,"7":0,"8":0,"9":0,"10":1,"11":1,"12":0,"13":0,"14":1},"f":{"0":0,"1":0,"2":0,"3":0,"4":0,"5":0},"b":{}}
,"C:\\Users\\Jabo\\Desktop\\MyBrand-BE\\src\\services\\userService.ts": {"path":"C:\\Users\\Jabo\\Desktop\\MyBrand-BE\\src\\services\\userService.ts","statementMap":{"0":{"start":{"line":1,"column":0},"end":{"line":1,"column":34}},"1":{"start":{"line":4,"column":26},"end":{"line":7,"column":null}},"2":{"start":{"line":4,"column":51},"end":{"line":7,"column":null}},"3":{"start":{"line":5,"column":20},"end":{"line":5,"column":43}},"4":{"start":{"line":6,"column":4},"end":{"line":6,"column":19}},"5":{"start":{"line":4,"column":13},"end":{"line":4,"column":26}},"6":{"start":{"line":9,"column":24},"end":{"line":12,"column":null}},"7":{"start":{"line":9,"column":35},"end":{"line":12,"column":null}},"8":{"start":{"line":10,"column":18},"end":{"line":10,"column":35}},"9":{"start":{"line":11,"column":4},"end":{"line":11,"column":17}},"10":{"start":{"line":9,"column":13},"end":{"line":9,"column":24}},"11":{"start":{"line":14,"column":29},"end":{"line":20,"column":null}},"12":{"start":{"line":14,"column":50},"end":{"line":20,"column":null}},"13":{"start":{"line":15,"column":17},"end":{"line":15,"column":40}},"14":{"start":{"line":16,"column":4},"end":{"line":18,"column":5}},"15":{"start":{"line":17,"column":8},"end":{"line":17,"column":null}},"16":{"start":{"line":19,"column":4},"end":{"line":19,"column":16}},"17":{"start":{"line":14,"column":13},"end":{"line":14,"column":29}},"18":{"start":{"line":22,"column":25},"end":{"line":25,"column":null}},"19":{"start":{"line":22,"column":49},"end":{"line":25,"column":null}},"20":{"start":{"line":23,"column":17},"end":{"line":23,"column":52}},"21":{"start":{"line":24,"column":4},"end":{"line":24,"column":16}},"22":{"start":{"line":22,"column":13},"end":{"line":22,"column":25}},"23":{"start":{"line":27,"column":26},"end":{"line":33,"column":null}},"24":{"start":{"line":27,"column":47},"end":{"line":33,"column":null}},"25":{"start":{"line":28,"column":17},"end":{"line":28,"column":49}},"26":{"start":{"line":29,"column":4},"end":{"line":31,"column":5}},"27":{"start":{"line":30,"column":8},"end":{"line":30,"column":42}},"28":{"start":{"line":32,"column":4},"end":{"line":32,"column":10}},"29":{"start":{"line":27,"column":13},"end":{"line":27,"column":26}},"30":{"start":{"line":35,"column":24},"end":{"line":38,"column":null}},"31":{"start":{"line":35,"column":61},"end":{"line":38,"column":null}},"32":{"start":{"line":36,"column":20},"end":{"line":36,"column":58}},"33":{"start":{"line":37,"column":4},"end":{"line":37,"column":null}},"34":{"start":{"line":35,"column":13},"end":{"line":35,"column":24}}},"fnMap":{"0":{"name":"(anonymous_8)","decl":{"start":{"line":4,"column":26},"end":{"line":4,"column":33}},"loc":{"start":{"line":4,"column":51},"end":{"line":7,"column":null}}},"1":{"name":"(anonymous_9)","decl":{"start":{"line":4,"column":51},"end":{"line":4,"column":null}},"loc":{"start":{"line":4,"column":51},"end":{"line":7,"column":1}}},"2":{"name":"(anonymous_10)","decl":{"start":{"line":9,"column":24},"end":{"line":9,"column":33}},"loc":{"start":{"line":9,"column":35},"end":{"line":12,"column":null}}},"3":{"name":"(anonymous_11)","decl":{"start":{"line":9,"column":35},"end":{"line":9,"column":null}},"loc":{"start":{"line":9,"column":35},"end":{"line":12,"column":1}}},"4":{"name":"(anonymous_12)","decl":{"start":{"line":14,"column":29},"end":{"line":14,"column":36}},"loc":{"start":{"line":14,"column":50},"end":{"line":20,"column":null}}},"5":{"name":"(anonymous_13)","decl":{"start":{"line":14,"column":50},"end":{"line":14,"column":null}},"loc":{"start":{"line":14,"column":50},"end":{"line":20,"column":1}}},"6":{"name":"(anonymous_14)","decl":{"start":{"line":22,"column":25},"end":{"line":22,"column":32}},"loc":{"start":{"line":22,"column":49},"end":{"line":25,"column":null}}},"7":{"name":"(anonymous_15)","decl":{"start":{"line":22,"column":49},"end":{"line":22,"column":null}},"loc":{"start":{"line":22,"column":49},"end":{"line":25,"column":1}}},"8":{"name":"(anonymous_16)","decl":{"start":{"line":27,"column":26},"end":{"line":27,"column":33}},"loc":{"start":{"line":27,"column":47},"end":{"line":33,"column":null}}},"9":{"name":"(anonymous_17)","decl":{"start":{"line":27,"column":47},"end":{"line":27,"column":null}},"loc":{"start":{"line":27,"column":47},"end":{"line":33,"column":1}}},"10":{"name":"(anonymous_18)","decl":{"start":{"line":35,"column":24},"end":{"line":35,"column":31}},"loc":{"start":{"line":35,"column":61},"end":{"line":38,"column":null}}},"11":{"name":"(anonymous_19)","decl":{"start":{"line":35,"column":61},"end":{"line":35,"column":null}},"loc":{"start":{"line":35,"column":61},"end":{"line":38,"column":1}}}},"branchMap":{"0":{"loc":{"start":{"line":16,"column":4},"end":{"line":18,"column":5}},"type":"if","locations":[{"start":{"line":16,"column":4},"end":{"line":18,"column":5}}]},"1":{"loc":{"start":{"line":29,"column":4},"end":{"line":31,"column":5}},"type":"if","locations":[{"start":{"line":29,"column":4},"end":{"line":31,"column":5}}]}},"s":{"0":1,"1":1,"2":1,"3":1,"4":1,"5":1,"6":1,"7":1,"8":1,"9":1,"10":1,"11":1,"12":1,"13":1,"14":1,"15":0,"16":1,"17":1,"18":1,"19":3,"20":3,"21":3,"22":1,"23":1,"24":0,"25":0,"26":0,"27":0,"28":0,"29":1,"30":1,"31":0,"32":0,"33":0,"34":1},"f":{"0":1,"1":1,"2":1,"3":1,"4":1,"5":1,"6":3,"7":3,"8":0,"9":0,"10":0,"11":0},"b":{"0":[0],"1":[0]}}
,"C:\\Users\\Jabo\\Desktop\\MyBrand-BE\\src\\utils\\validations.ts": {"path":"C:\\Users\\Jabo\\Desktop\\MyBrand-BE\\src\\utils\\validations.ts","statementMap":{"0":{"start":{"line":1,"column":0},"end":{"line":1,"column":21}},"1":{"start":{"line":3,"column":13},"end":{"line":7,"column":null}},"2":{"start":{"line":9,"column":13},"end":{"line":13,"column":null}},"3":{"start":{"line":15,"column":13},"end":{"line":19,"column":3}},"4":{"start":{"line":22,"column":13},"end":{"line":27,"column":null}},"5":{"start":{"line":29,"column":13},"end":{"line":34,"column":null}},"6":{"start":{"line":36,"column":13},"end":{"line":39,"column":null}}},"fnMap":{},"branchMap":{},"s":{"0":1,"1":1,"2":1,"3":1,"4":1,"5":1,"6":1},"f":{},"b":{}}
}
