{"C:\\Users\\Jabo\\Desktop\\MyBrand-BE\\dist\\app.js": {"path":"C:\\Users\\Jabo\\Desktop\\MyBrand-BE\\dist\\app.js","statementMap":{"0":{"start":{"line":2,"column":22},"end":{"line":4,"column":1}},"1":{"start":{"line":3,"column":4},"end":{"line":3,"column":62}},"2":{"start":{"line":5,"column":0},"end":{"line":5,"column":62}},"3":{"start":{"line":6,"column":16},"end":{"line":6,"column":58}},"4":{"start":{"line":7,"column":18},"end":{"line":7,"column":53}},"5":{"start":{"line":8,"column":17},"end":{"line":8,"column":51}},"6":{"start":{"line":9,"column":15},"end":{"line":9,"column":47}},"7":{"start":{"line":10,"column":18},"end":{"line":10,"column":60}},"8":{"start":{"line":11,"column":12},"end":{"line":11,"column":36}},"9":{"start":{"line":12,"column":0},"end":{"line":12,"column":34}},"10":{"start":{"line":13,"column":0},"end":{"line":13,"column":58}},"11":{"start":{"line":14,"column":0},"end":{"line":14,"column":31}},"12":{"start":{"line":15,"column":0},"end":{"line":15,"column":38}},"13":{"start":{"line":16,"column":0},"end":{"line":21,"column":3}},"14":{"start":{"line":17,"column":4},"end":{"line":20,"column":7}},"15":{"start":{"line":22,"column":0},"end":{"line":22,"column":36}},"16":{"start":{"line":23,"column":0},"end":{"line":23,"column":36}},"17":{"start":{"line":24,"column":0},"end":{"line":29,"column":3}},"18":{"start":{"line":25,"column":4},"end":{"line":28,"column":7}},"19":{"start":{"line":30,"column":0},"end":{"line":30,"column":22}}},"fnMap":{"0":{"name":"(anonymous_0)","decl":{"start":{"line":2,"column":56},"end":{"line":2,"column":57}},"loc":{"start":{"line":2,"column":71},"end":{"line":4,"column":1}},"line":2},"1":{"name":"(anonymous_1)","decl":{"start":{"line":16,"column":13},"end":{"line":16,"column":14}},"loc":{"start":{"line":16,"column":27},"end":{"line":21,"column":1}},"line":16},"2":{"name":"(anonymous_2)","decl":{"start":{"line":24,"column":13},"end":{"line":24,"column":14}},"loc":{"start":{"line":24,"column":27},"end":{"line":29,"column":1}},"line":24}},"branchMap":{"0":{"loc":{"start":{"line":2,"column":22},"end":{"line":4,"column":1}},"type":"binary-expr","locations":[{"start":{"line":2,"column":23},"end":{"line":2,"column":27}},{"start":{"line":2,"column":31},"end":{"line":2,"column":51}},{"start":{"line":2,"column":56},"end":{"line":4,"column":1}}],"line":2},"1":{"loc":{"start":{"line":3,"column":11},"end":{"line":3,"column":61}},"type":"cond-expr","locations":[{"start":{"line":3,"column":37},"end":{"line":3,"column":40}},{"start":{"line":3,"column":43},"end":{"line":3,"column":61}}],"line":3},"2":{"loc":{"start":{"line":3,"column":12},"end":{"line":3,"column":33}},"type":"binary-expr","locations":[{"start":{"line":3,"column":12},"end":{"line":3,"column":15}},{"start":{"line":3,"column":19},"end":{"line":3,"column":33}}],"line":3}},"s":{"0":1,"1":5,"2":1,"3":1,"4":1,"5":1,"6":1,"7":1,"8":1,"9":1,"10":1,"11":1,"12":1,"13":1,"14":1,"15":1,"16":1,"17":1,"18":0,"19":1},"f":{"0":5,"1":1,"2":0},"b":{"0":[1,1,1],"1":[2,3],"2":[5,5]},"inputSourceMap":null,"_coverageSchema":"1a1c01bbd47fc00a2c39e90264f33305004495a9","hash":"29ac71c8b3b9a187c13b97b4d1c107aea17a3d87"}
,"C:\\Users\\Jabo\\Desktop\\MyBrand-BE\\dist\\controllers\\blogController.js": {"path":"C:\\Users\\Jabo\\Desktop\\MyBrand-BE\\dist\\controllers\\blogController.js","statementMap":{"0":{"start":{"line":2,"column":16},"end":{"line":10,"column":1}},"1":{"start":{"line":3,"column":28},"end":{"line":3,"column":110}},"2":{"start":{"line":3,"column":91},"end":{"line":3,"column":106}},"3":{"start":{"line":4,"column":4},"end":{"line":9,"column":7}},"4":{"start":{"line":5,"column":36},"end":{"line":5,"column":97}},"5":{"start":{"line":5,"column":42},"end":{"line":5,"column":70}},"6":{"start":{"line":5,"column":85},"end":{"line":5,"column":95}},"7":{"start":{"line":6,"column":35},"end":{"line":6,"column":100}},"8":{"start":{"line":6,"column":41},"end":{"line":6,"column":73}},"9":{"start":{"line":6,"column":88},"end":{"line":6,"column":98}},"10":{"start":{"line":7,"column":32},"end":{"line":7,"column":116}},"11":{"start":{"line":8,"column":8},"end":{"line":8,"column":78}},"12":{"start":{"line":11,"column":22},"end":{"line":13,"column":1}},"13":{"start":{"line":12,"column":4},"end":{"line":12,"column":62}},"14":{"start":{"line":14,"column":0},"end":{"line":14,"column":62}},"15":{"start":{"line":15,"column":0},"end":{"line":15,"column":111}},"16":{"start":{"line":16,"column":16},"end":{"line":16,"column":60}},"17":{"start":{"line":17,"column":22},"end":{"line":17,"column":56}},"18":{"start":{"line":18,"column":22},"end":{"line":18,"column":53}},"19":{"start":{"line":19,"column":19},"end":{"line":51,"column":2}},"20":{"start":{"line":19,"column":33},"end":{"line":51,"column":2}},"21":{"start":{"line":20,"column":17},"end":{"line":20,"column":25}},"22":{"start":{"line":21,"column":4},"end":{"line":50,"column":5}},"23":{"start":{"line":22,"column":33},"end":{"line":26,"column":10}},"24":{"start":{"line":27,"column":8},"end":{"line":32,"column":9}},"25":{"start":{"line":28,"column":12},"end":{"line":31,"column":15}},"26":{"start":{"line":33,"column":23},"end":{"line":33,"column":60}},"27":{"start":{"line":34,"column":21},"end":{"line":38,"column":10}},"28":{"start":{"line":39,"column":8},"end":{"line":43,"column":11}},"29":{"start":{"line":46,"column":8},"end":{"line":49,"column":11}},"30":{"start":{"line":52,"column":0},"end":{"line":52,"column":32}},"31":{"start":{"line":53,"column":17},"end":{"line":67,"column":2}},"32":{"start":{"line":53,"column":31},"end":{"line":67,"column":2}},"33":{"start":{"line":54,"column":4},"end":{"line":66,"column":5}},"34":{"start":{"line":55,"column":22},"end":{"line":55,"column":56}},"35":{"start":{"line":56,"column":8},"end":{"line":59,"column":11}},"36":{"start":{"line":62,"column":8},"end":{"line":65,"column":11}},"37":{"start":{"line":68,"column":0},"end":{"line":68,"column":28}},"38":{"start":{"line":69,"column":20},"end":{"line":90,"column":2}},"39":{"start":{"line":69,"column":34},"end":{"line":90,"column":2}},"40":{"start":{"line":70,"column":15},"end":{"line":70,"column":28}},"41":{"start":{"line":71,"column":4},"end":{"line":89,"column":5}},"42":{"start":{"line":72,"column":21},"end":{"line":72,"column":63}},"43":{"start":{"line":73,"column":8},"end":{"line":78,"column":9}},"44":{"start":{"line":74,"column":12},"end":{"line":77,"column":15}},"45":{"start":{"line":79,"column":8},"end":{"line":82,"column":11}},"46":{"start":{"line":85,"column":8},"end":{"line":88,"column":11}},"47":{"start":{"line":91,"column":0},"end":{"line":91,"column":34}},"48":{"start":{"line":92,"column":19},"end":{"line":113,"column":2}},"49":{"start":{"line":92,"column":33},"end":{"line":113,"column":2}},"50":{"start":{"line":93,"column":15},"end":{"line":93,"column":28}},"51":{"start":{"line":94,"column":4},"end":{"line":112,"column":5}},"52":{"start":{"line":95,"column":21},"end":{"line":95,"column":64}},"53":{"start":{"line":96,"column":8},"end":{"line":101,"column":9}},"54":{"start":{"line":97,"column":12},"end":{"line":100,"column":15}},"55":{"start":{"line":102,"column":8},"end":{"line":105,"column":11}},"56":{"start":{"line":108,"column":8},"end":{"line":111,"column":11}},"57":{"start":{"line":114,"column":0},"end":{"line":114,"column":32}},"58":{"start":{"line":115,"column":19},"end":{"line":166,"column":2}},"59":{"start":{"line":115,"column":33},"end":{"line":166,"column":2}},"60":{"start":{"line":116,"column":17},"end":{"line":116,"column":25}},"61":{"start":{"line":117,"column":4},"end":{"line":165,"column":5}},"62":{"start":{"line":118,"column":33},"end":{"line":122,"column":10}},"63":{"start":{"line":123,"column":8},"end":{"line":128,"column":9}},"64":{"start":{"line":124,"column":12},"end":{"line":127,"column":15}},"65":{"start":{"line":129,"column":21},"end":{"line":129,"column":74}},"66":{"start":{"line":130,"column":8},"end":{"line":136,"column":9}},"67":{"start":{"line":131,"column":12},"end":{"line":134,"column":15}},"68":{"start":{"line":135,"column":12},"end":{"line":135,"column":19}},"69":{"start":{"line":137,"column":8},"end":{"line":139,"column":9}},"70":{"start":{"line":138,"column":12},"end":{"line":138,"column":37}},"71":{"start":{"line":140,"column":8},"end":{"line":142,"column":9}},"72":{"start":{"line":141,"column":12},"end":{"line":141,"column":49}},"73":{"start":{"line":143,"column":8},"end":{"line":146,"column":9}},"74":{"start":{"line":144,"column":27},"end":{"line":144,"column":68}},"75":{"start":{"line":145,"column":12},"end":{"line":145,"column":32}},"76":{"start":{"line":147,"column":8},"end":{"line":152,"column":9}},"77":{"start":{"line":148,"column":12},"end":{"line":151,"column":15}},"78":{"start":{"line":153,"column":8},"end":{"line":153,"column":26}},"79":{"start":{"line":154,"column":8},"end":{"line":158,"column":11}},"80":{"start":{"line":161,"column":8},"end":{"line":164,"column":11}},"81":{"start":{"line":167,"column":0},"end":{"line":167,"column":32}}},"fnMap":{"0":{"name":"(anonymous_0)","decl":{"start":{"line":2,"column":44},"end":{"line":2,"column":45}},"loc":{"start":{"line":2,"column":89},"end":{"line":10,"column":1}},"line":2},"1":{"name":"adopt","decl":{"start":{"line":3,"column":13},"end":{"line":3,"column":18}},"loc":{"start":{"line":3,"column":26},"end":{"line":3,"column":112}},"line":3},"2":{"name":"(anonymous_2)","decl":{"start":{"line":3,"column":70},"end":{"line":3,"column":71}},"loc":{"start":{"line":3,"column":89},"end":{"line":3,"column":108}},"line":3},"3":{"name":"(anonymous_3)","decl":{"start":{"line":4,"column":36},"end":{"line":4,"column":37}},"loc":{"start":{"line":4,"column":63},"end":{"line":9,"column":5}},"line":4},"4":{"name":"fulfilled","decl":{"start":{"line":5,"column":17},"end":{"line":5,"column":26}},"loc":{"start":{"line":5,"column":34},"end":{"line":5,"column":99}},"line":5},"5":{"name":"rejected","decl":{"start":{"line":6,"column":17},"end":{"line":6,"column":25}},"loc":{"start":{"line":6,"column":33},"end":{"line":6,"column":102}},"line":6},"6":{"name":"step","decl":{"start":{"line":7,"column":17},"end":{"line":7,"column":21}},"loc":{"start":{"line":7,"column":30},"end":{"line":7,"column":118}},"line":7},"7":{"name":"(anonymous_7)","decl":{"start":{"line":11,"column":56},"end":{"line":11,"column":57}},"loc":{"start":{"line":11,"column":71},"end":{"line":13,"column":1}},"line":11},"8":{"name":"(anonymous_8)","decl":{"start":{"line":19,"column":19},"end":{"line":19,"column":20}},"loc":{"start":{"line":19,"column":33},"end":{"line":51,"column":2}},"line":19},"9":{"name":"(anonymous_9)","decl":{"start":{"line":19,"column":67},"end":{"line":19,"column":68}},"loc":{"start":{"line":19,"column":80},"end":{"line":51,"column":1}},"line":19},"10":{"name":"(anonymous_10)","decl":{"start":{"line":53,"column":17},"end":{"line":53,"column":18}},"loc":{"start":{"line":53,"column":31},"end":{"line":67,"column":2}},"line":53},"11":{"name":"(anonymous_11)","decl":{"start":{"line":53,"column":65},"end":{"line":53,"column":66}},"loc":{"start":{"line":53,"column":78},"end":{"line":67,"column":1}},"line":53},"12":{"name":"(anonymous_12)","decl":{"start":{"line":69,"column":20},"end":{"line":69,"column":21}},"loc":{"start":{"line":69,"column":34},"end":{"line":90,"column":2}},"line":69},"13":{"name":"(anonymous_13)","decl":{"start":{"line":69,"column":68},"end":{"line":69,"column":69}},"loc":{"start":{"line":69,"column":81},"end":{"line":90,"column":1}},"line":69},"14":{"name":"(anonymous_14)","decl":{"start":{"line":92,"column":19},"end":{"line":92,"column":20}},"loc":{"start":{"line":92,"column":33},"end":{"line":113,"column":2}},"line":92},"15":{"name":"(anonymous_15)","decl":{"start":{"line":92,"column":67},"end":{"line":92,"column":68}},"loc":{"start":{"line":92,"column":80},"end":{"line":113,"column":1}},"line":92},"16":{"name":"(anonymous_16)","decl":{"start":{"line":115,"column":19},"end":{"line":115,"column":20}},"loc":{"start":{"line":115,"column":33},"end":{"line":166,"column":2}},"line":115},"17":{"name":"(anonymous_17)","decl":{"start":{"line":115,"column":67},"end":{"line":115,"column":68}},"loc":{"start":{"line":115,"column":80},"end":{"line":166,"column":1}},"line":115}},"branchMap":{"0":{"loc":{"start":{"line":2,"column":16},"end":{"line":10,"column":1}},"type":"binary-expr","locations":[{"start":{"line":2,"column":17},"end":{"line":2,"column":21}},{"start":{"line":2,"column":25},"end":{"line":2,"column":39}},{"start":{"line":2,"column":44},"end":{"line":10,"column":1}}],"line":2},"1":{"loc":{"start":{"line":3,"column":35},"end":{"line":3,"column":109}},"type":"cond-expr","locations":[{"start":{"line":3,"column":56},"end":{"line":3,"column":61}},{"start":{"line":3,"column":64},"end":{"line":3,"column":109}}],"line":3},"2":{"loc":{"start":{"line":4,"column":16},"end":{"line":4,"column":34}},"type":"binary-expr","locations":[{"start":{"line":4,"column":16},"end":{"line":4,"column":17}},{"start":{"line":4,"column":22},"end":{"line":4,"column":33}}],"line":4},"3":{"loc":{"start":{"line":7,"column":32},"end":{"line":7,"column":115}},"type":"cond-expr","locations":[{"start":{"line":7,"column":46},"end":{"line":7,"column":67}},{"start":{"line":7,"column":70},"end":{"line":7,"column":115}}],"line":7},"4":{"loc":{"start":{"line":8,"column":51},"end":{"line":8,"column":67}},"type":"binary-expr","locations":[{"start":{"line":8,"column":51},"end":{"line":8,"column":61}},{"start":{"line":8,"column":65},"end":{"line":8,"column":67}}],"line":8},"5":{"loc":{"start":{"line":11,"column":22},"end":{"line":13,"column":1}},"type":"binary-expr","locations":[{"start":{"line":11,"column":23},"end":{"line":11,"column":27}},{"start":{"line":11,"column":31},"end":{"line":11,"column":51}},{"start":{"line":11,"column":56},"end":{"line":13,"column":1}}],"line":11},"6":{"loc":{"start":{"line":12,"column":11},"end":{"line":12,"column":61}},"type":"cond-expr","locations":[{"start":{"line":12,"column":37},"end":{"line":12,"column":40}},{"start":{"line":12,"column":43},"end":{"line":12,"column":61}}],"line":12},"7":{"loc":{"start":{"line":12,"column":12},"end":{"line":12,"column":33}},"type":"binary-expr","locations":[{"start":{"line":12,"column":12},"end":{"line":12,"column":15}},{"start":{"line":12,"column":19},"end":{"line":12,"column":33}}],"line":12},"8":{"loc":{"start":{"line":25,"column":19},"end":{"line":25,"column":47}},"type":"cond-expr","locations":[{"start":{"line":25,"column":26},"end":{"line":25,"column":35}},{"start":{"line":25,"column":38},"end":{"line":25,"column":47}}],"line":25},"9":{"loc":{"start":{"line":27,"column":8},"end":{"line":32,"column":9}},"type":"if","locations":[{"start":{"line":27,"column":8},"end":{"line":32,"column":9}},{"start":{},"end":{}}],"line":27},"10":{"loc":{"start":{"line":73,"column":8},"end":{"line":78,"column":9}},"type":"if","locations":[{"start":{"line":73,"column":8},"end":{"line":78,"column":9}},{"start":{},"end":{}}],"line":73},"11":{"loc":{"start":{"line":96,"column":8},"end":{"line":101,"column":9}},"type":"if","locations":[{"start":{"line":96,"column":8},"end":{"line":101,"column":9}},{"start":{},"end":{}}],"line":96},"12":{"loc":{"start":{"line":121,"column":19},"end":{"line":121,"column":47}},"type":"cond-expr","locations":[{"start":{"line":121,"column":26},"end":{"line":121,"column":35}},{"start":{"line":121,"column":38},"end":{"line":121,"column":47}}],"line":121},"13":{"loc":{"start":{"line":123,"column":8},"end":{"line":128,"column":9}},"type":"if","locations":[{"start":{"line":123,"column":8},"end":{"line":128,"column":9}},{"start":{},"end":{}}],"line":123},"14":{"loc":{"start":{"line":130,"column":8},"end":{"line":136,"column":9}},"type":"if","locations":[{"start":{"line":130,"column":8},"end":{"line":136,"column":9}},{"start":{},"end":{}}],"line":130},"15":{"loc":{"start":{"line":137,"column":8},"end":{"line":139,"column":9}},"type":"if","locations":[{"start":{"line":137,"column":8},"end":{"line":139,"column":9}},{"start":{},"end":{}}],"line":137},"16":{"loc":{"start":{"line":140,"column":8},"end":{"line":142,"column":9}},"type":"if","locations":[{"start":{"line":140,"column":8},"end":{"line":142,"column":9}},{"start":{},"end":{}}],"line":140},"17":{"loc":{"start":{"line":143,"column":8},"end":{"line":146,"column":9}},"type":"if","locations":[{"start":{"line":143,"column":8},"end":{"line":146,"column":9}},{"start":{},"end":{}}],"line":143},"18":{"loc":{"start":{"line":147,"column":8},"end":{"line":152,"column":9}},"type":"if","locations":[{"start":{"line":147,"column":8},"end":{"line":152,"column":9}},{"start":{},"end":{}}],"line":147},"19":{"loc":{"start":{"line":147,"column":12},"end":{"line":147,"column":59}},"type":"binary-expr","locations":[{"start":{"line":147,"column":12},"end":{"line":147,"column":24}},{"start":{"line":147,"column":28},"end":{"line":147,"column":46}},{"start":{"line":147,"column":50},"end":{"line":147,"column":59}}],"line":147}},"s":{"0":1,"1":1,"2":0,"3":3,"4":1,"5":1,"6":0,"7":0,"8":0,"9":0,"10":4,"11":3,"12":1,"13":1,"14":1,"15":1,"16":1,"17":1,"18":1,"19":1,"20":2,"21":2,"22":2,"23":2,"24":2,"25":2,"26":0,"27":0,"28":0,"29":0,"30":1,"31":1,"32":1,"33":1,"34":1,"35":1,"36":0,"37":1,"38":1,"39":0,"40":0,"41":0,"42":0,"43":0,"44":0,"45":0,"46":0,"47":1,"48":1,"49":0,"50":0,"51":0,"52":0,"53":0,"54":0,"55":0,"56":0,"57":1,"58":1,"59":0,"60":0,"61":0,"62":0,"63":0,"64":0,"65":0,"66":0,"67":0,"68":0,"69":0,"70":0,"71":0,"72":0,"73":0,"74":0,"75":0,"76":0,"77":0,"78":0,"79":0,"80":0,"81":1},"f":{"0":3,"1":1,"2":0,"3":3,"4":1,"5":0,"6":4,"7":1,"8":2,"9":2,"10":1,"11":1,"12":0,"13":0,"14":0,"15":0,"16":0,"17":0},"b":{"0":[1,1,1],"1":[1,0],"2":[3,3],"3":[3,1],"4":[3,3],"5":[1,1,1],"6":[1,0],"7":[1,1],"8":[0,2],"9":[2,0],"10":[0,0],"11":[0,0],"12":[0,0],"13":[0,0],"14":[0,0],"15":[0,0],"16":[0,0],"17":[0,0],"18":[0,0],"19":[0,0,0]},"inputSourceMap":null,"_coverageSchema":"1a1c01bbd47fc00a2c39e90264f33305004495a9","hash":"ed500a14c25a4c5cee63baadccdd24a975d94870"}
,"C:\\Users\\Jabo\\Desktop\\MyBrand-BE\\dist\\controllers\\commentController.js": {"path":"C:\\Users\\Jabo\\Desktop\\MyBrand-BE\\dist\\controllers\\commentController.js","statementMap":{"0":{"start":{"line":2,"column":16},"end":{"line":10,"column":1}},"1":{"start":{"line":3,"column":28},"end":{"line":3,"column":110}},"2":{"start":{"line":3,"column":91},"end":{"line":3,"column":106}},"3":{"start":{"line":4,"column":4},"end":{"line":9,"column":7}},"4":{"start":{"line":5,"column":36},"end":{"line":5,"column":97}},"5":{"start":{"line":5,"column":42},"end":{"line":5,"column":70}},"6":{"start":{"line":5,"column":85},"end":{"line":5,"column":95}},"7":{"start":{"line":6,"column":35},"end":{"line":6,"column":100}},"8":{"start":{"line":6,"column":41},"end":{"line":6,"column":73}},"9":{"start":{"line":6,"column":88},"end":{"line":6,"column":98}},"10":{"start":{"line":7,"column":32},"end":{"line":7,"column":116}},"11":{"start":{"line":8,"column":8},"end":{"line":8,"column":78}},"12":{"start":{"line":11,"column":0},"end":{"line":11,"column":62}},"13":{"start":{"line":12,"column":0},"end":{"line":12,"column":50}},"14":{"start":{"line":13,"column":22},"end":{"line":13,"column":56}},"15":{"start":{"line":14,"column":25},"end":{"line":14,"column":62}},"16":{"start":{"line":15,"column":19},"end":{"line":34,"column":2}},"17":{"start":{"line":15,"column":33},"end":{"line":34,"column":2}},"18":{"start":{"line":16,"column":15},"end":{"line":16,"column":23}},"19":{"start":{"line":17,"column":4},"end":{"line":33,"column":5}},"20":{"start":{"line":18,"column":23},"end":{"line":18,"column":36}},"21":{"start":{"line":19,"column":28},"end":{"line":19,"column":36}},"22":{"start":{"line":20,"column":21},"end":{"line":20,"column":67}},"23":{"start":{"line":21,"column":8},"end":{"line":23,"column":9}},"24":{"start":{"line":22,"column":12},"end":{"line":22,"column":69}},"25":{"start":{"line":24,"column":27},"end":{"line":24,"column":110}},"26":{"start":{"line":25,"column":8},"end":{"line":29,"column":11}},"27":{"start":{"line":32,"column":8},"end":{"line":32,"column":74}},"28":{"start":{"line":35,"column":0},"end":{"line":35,"column":32}},"29":{"start":{"line":36,"column":20},"end":{"line":54,"column":2}},"30":{"start":{"line":36,"column":34},"end":{"line":54,"column":2}},"31":{"start":{"line":37,"column":4},"end":{"line":53,"column":5}},"32":{"start":{"line":38,"column":23},"end":{"line":38,"column":36}},"33":{"start":{"line":39,"column":25},"end":{"line":39,"column":73}},"34":{"start":{"line":40,"column":8},"end":{"line":49,"column":9}},"35":{"start":{"line":41,"column":12},"end":{"line":45,"column":15}},"36":{"start":{"line":48,"column":12},"end":{"line":48,"column":64}},"37":{"start":{"line":52,"column":8},"end":{"line":52,"column":56}},"38":{"start":{"line":55,"column":0},"end":{"line":55,"column":34}}},"fnMap":{"0":{"name":"(anonymous_0)","decl":{"start":{"line":2,"column":44},"end":{"line":2,"column":45}},"loc":{"start":{"line":2,"column":89},"end":{"line":10,"column":1}},"line":2},"1":{"name":"adopt","decl":{"start":{"line":3,"column":13},"end":{"line":3,"column":18}},"loc":{"start":{"line":3,"column":26},"end":{"line":3,"column":112}},"line":3},"2":{"name":"(anonymous_2)","decl":{"start":{"line":3,"column":70},"end":{"line":3,"column":71}},"loc":{"start":{"line":3,"column":89},"end":{"line":3,"column":108}},"line":3},"3":{"name":"(anonymous_3)","decl":{"start":{"line":4,"column":36},"end":{"line":4,"column":37}},"loc":{"start":{"line":4,"column":63},"end":{"line":9,"column":5}},"line":4},"4":{"name":"fulfilled","decl":{"start":{"line":5,"column":17},"end":{"line":5,"column":26}},"loc":{"start":{"line":5,"column":34},"end":{"line":5,"column":99}},"line":5},"5":{"name":"rejected","decl":{"start":{"line":6,"column":17},"end":{"line":6,"column":25}},"loc":{"start":{"line":6,"column":33},"end":{"line":6,"column":102}},"line":6},"6":{"name":"step","decl":{"start":{"line":7,"column":17},"end":{"line":7,"column":21}},"loc":{"start":{"line":7,"column":30},"end":{"line":7,"column":118}},"line":7},"7":{"name":"(anonymous_7)","decl":{"start":{"line":15,"column":19},"end":{"line":15,"column":20}},"loc":{"start":{"line":15,"column":33},"end":{"line":34,"column":2}},"line":15},"8":{"name":"(anonymous_8)","decl":{"start":{"line":15,"column":67},"end":{"line":15,"column":68}},"loc":{"start":{"line":15,"column":80},"end":{"line":34,"column":1}},"line":15},"9":{"name":"(anonymous_9)","decl":{"start":{"line":36,"column":20},"end":{"line":36,"column":21}},"loc":{"start":{"line":36,"column":34},"end":{"line":54,"column":2}},"line":36},"10":{"name":"(anonymous_10)","decl":{"start":{"line":36,"column":68},"end":{"line":36,"column":69}},"loc":{"start":{"line":36,"column":81},"end":{"line":54,"column":1}},"line":36}},"branchMap":{"0":{"loc":{"start":{"line":2,"column":16},"end":{"line":10,"column":1}},"type":"binary-expr","locations":[{"start":{"line":2,"column":17},"end":{"line":2,"column":21}},{"start":{"line":2,"column":25},"end":{"line":2,"column":39}},{"start":{"line":2,"column":44},"end":{"line":10,"column":1}}],"line":2},"1":{"loc":{"start":{"line":3,"column":35},"end":{"line":3,"column":109}},"type":"cond-expr","locations":[{"start":{"line":3,"column":56},"end":{"line":3,"column":61}},{"start":{"line":3,"column":64},"end":{"line":3,"column":109}}],"line":3},"2":{"loc":{"start":{"line":4,"column":16},"end":{"line":4,"column":34}},"type":"binary-expr","locations":[{"start":{"line":4,"column":16},"end":{"line":4,"column":17}},{"start":{"line":4,"column":22},"end":{"line":4,"column":33}}],"line":4},"3":{"loc":{"start":{"line":7,"column":32},"end":{"line":7,"column":115}},"type":"cond-expr","locations":[{"start":{"line":7,"column":46},"end":{"line":7,"column":67}},{"start":{"line":7,"column":70},"end":{"line":7,"column":115}}],"line":7},"4":{"loc":{"start":{"line":8,"column":51},"end":{"line":8,"column":67}},"type":"binary-expr","locations":[{"start":{"line":8,"column":51},"end":{"line":8,"column":61}},{"start":{"line":8,"column":65},"end":{"line":8,"column":67}}],"line":8},"5":{"loc":{"start":{"line":21,"column":8},"end":{"line":23,"column":9}},"type":"if","locations":[{"start":{"line":21,"column":8},"end":{"line":23,"column":9}},{"start":{},"end":{}}],"line":21},"6":{"loc":{"start":{"line":40,"column":8},"end":{"line":49,"column":9}},"type":"if","locations":[{"start":{"line":40,"column":8},"end":{"line":49,"column":9}},{"start":{"line":47,"column":13},"end":{"line":49,"column":9}}],"line":40}},"s":{"0":1,"1":0,"2":0,"3":0,"4":0,"5":0,"6":0,"7":0,"8":0,"9":0,"10":0,"11":0,"12":1,"13":1,"14":1,"15":1,"16":1,"17":0,"18":0,"19":0,"20":0,"21":0,"22":0,"23":0,"24":0,"25":0,"26":0,"27":0,"28":1,"29":1,"30":0,"31":0,"32":0,"33":0,"34":0,"35":0,"36":0,"37":0,"38":1},"f":{"0":0,"1":0,"2":0,"3":0,"4":0,"5":0,"6":0,"7":0,"8":0,"9":0,"10":0},"b":{"0":[1,1,1],"1":[0,0],"2":[0,0],"3":[0,0],"4":[0,0],"5":[0,0],"6":[0,0]},"inputSourceMap":null,"_coverageSchema":"1a1c01bbd47fc00a2c39e90264f33305004495a9","hash":"2c1672fa1e1cb9f52c7df4d63aa5fb30a83eb716"}
,"C:\\Users\\Jabo\\Desktop\\MyBrand-BE\\dist\\controllers\\likeController.js": {"path":"C:\\Users\\Jabo\\Desktop\\MyBrand-BE\\dist\\controllers\\likeController.js","statementMap":{"0":{"start":{"line":2,"column":16},"end":{"line":10,"column":1}},"1":{"start":{"line":3,"column":28},"end":{"line":3,"column":110}},"2":{"start":{"line":3,"column":91},"end":{"line":3,"column":106}},"3":{"start":{"line":4,"column":4},"end":{"line":9,"column":7}},"4":{"start":{"line":5,"column":36},"end":{"line":5,"column":97}},"5":{"start":{"line":5,"column":42},"end":{"line":5,"column":70}},"6":{"start":{"line":5,"column":85},"end":{"line":5,"column":95}},"7":{"start":{"line":6,"column":35},"end":{"line":6,"column":100}},"8":{"start":{"line":6,"column":41},"end":{"line":6,"column":73}},"9":{"start":{"line":6,"column":88},"end":{"line":6,"column":98}},"10":{"start":{"line":7,"column":32},"end":{"line":7,"column":116}},"11":{"start":{"line":8,"column":8},"end":{"line":8,"column":78}},"12":{"start":{"line":11,"column":0},"end":{"line":11,"column":62}},"13":{"start":{"line":12,"column":0},"end":{"line":12,"column":41}},"14":{"start":{"line":13,"column":22},"end":{"line":13,"column":56}},"15":{"start":{"line":14,"column":22},"end":{"line":14,"column":56}},"16":{"start":{"line":15,"column":13},"end":{"line":41,"column":2}},"17":{"start":{"line":15,"column":27},"end":{"line":41,"column":2}},"18":{"start":{"line":16,"column":17},"end":{"line":16,"column":25}},"19":{"start":{"line":17,"column":4},"end":{"line":40,"column":5}},"20":{"start":{"line":18,"column":19},"end":{"line":18,"column":32}},"21":{"start":{"line":19,"column":29},"end":{"line":19,"column":81}},"22":{"start":{"line":20,"column":8},"end":{"line":35,"column":9}},"23":{"start":{"line":21,"column":12},"end":{"line":21,"column":63}},"24":{"start":{"line":22,"column":12},"end":{"line":22,"column":94}},"25":{"start":{"line":25,"column":25},"end":{"line":25,"column":67}},"26":{"start":{"line":26,"column":12},"end":{"line":28,"column":13}},"27":{"start":{"line":27,"column":16},"end":{"line":27,"column":92}},"28":{"start":{"line":29,"column":25},"end":{"line":29,"column":74}},"29":{"start":{"line":30,"column":12},"end":{"line":34,"column":15}},"30":{"start":{"line":38,"column":8},"end":{"line":38,"column":29}},"31":{"start":{"line":39,"column":8},"end":{"line":39,"column":57}},"32":{"start":{"line":42,"column":0},"end":{"line":42,"column":20}},"33":{"start":{"line":43,"column":17},"end":{"line":55,"column":2}},"34":{"start":{"line":43,"column":31},"end":{"line":55,"column":2}},"35":{"start":{"line":44,"column":4},"end":{"line":54,"column":5}},"36":{"start":{"line":45,"column":22},"end":{"line":45,"column":73}},"37":{"start":{"line":46,"column":8},"end":{"line":50,"column":11}},"38":{"start":{"line":53,"column":8},"end":{"line":53,"column":53}},"39":{"start":{"line":56,"column":0},"end":{"line":56,"column":28}}},"fnMap":{"0":{"name":"(anonymous_0)","decl":{"start":{"line":2,"column":44},"end":{"line":2,"column":45}},"loc":{"start":{"line":2,"column":89},"end":{"line":10,"column":1}},"line":2},"1":{"name":"adopt","decl":{"start":{"line":3,"column":13},"end":{"line":3,"column":18}},"loc":{"start":{"line":3,"column":26},"end":{"line":3,"column":112}},"line":3},"2":{"name":"(anonymous_2)","decl":{"start":{"line":3,"column":70},"end":{"line":3,"column":71}},"loc":{"start":{"line":3,"column":89},"end":{"line":3,"column":108}},"line":3},"3":{"name":"(anonymous_3)","decl":{"start":{"line":4,"column":36},"end":{"line":4,"column":37}},"loc":{"start":{"line":4,"column":63},"end":{"line":9,"column":5}},"line":4},"4":{"name":"fulfilled","decl":{"start":{"line":5,"column":17},"end":{"line":5,"column":26}},"loc":{"start":{"line":5,"column":34},"end":{"line":5,"column":99}},"line":5},"5":{"name":"rejected","decl":{"start":{"line":6,"column":17},"end":{"line":6,"column":25}},"loc":{"start":{"line":6,"column":33},"end":{"line":6,"column":102}},"line":6},"6":{"name":"step","decl":{"start":{"line":7,"column":17},"end":{"line":7,"column":21}},"loc":{"start":{"line":7,"column":30},"end":{"line":7,"column":118}},"line":7},"7":{"name":"(anonymous_7)","decl":{"start":{"line":15,"column":13},"end":{"line":15,"column":14}},"loc":{"start":{"line":15,"column":27},"end":{"line":41,"column":2}},"line":15},"8":{"name":"(anonymous_8)","decl":{"start":{"line":15,"column":61},"end":{"line":15,"column":62}},"loc":{"start":{"line":15,"column":74},"end":{"line":41,"column":1}},"line":15},"9":{"name":"(anonymous_9)","decl":{"start":{"line":43,"column":17},"end":{"line":43,"column":18}},"loc":{"start":{"line":43,"column":31},"end":{"line":55,"column":2}},"line":43},"10":{"name":"(anonymous_10)","decl":{"start":{"line":43,"column":65},"end":{"line":43,"column":66}},"loc":{"start":{"line":43,"column":78},"end":{"line":55,"column":1}},"line":43}},"branchMap":{"0":{"loc":{"start":{"line":2,"column":16},"end":{"line":10,"column":1}},"type":"binary-expr","locations":[{"start":{"line":2,"column":17},"end":{"line":2,"column":21}},{"start":{"line":2,"column":25},"end":{"line":2,"column":39}},{"start":{"line":2,"column":44},"end":{"line":10,"column":1}}],"line":2},"1":{"loc":{"start":{"line":3,"column":35},"end":{"line":3,"column":109}},"type":"cond-expr","locations":[{"start":{"line":3,"column":56},"end":{"line":3,"column":61}},{"start":{"line":3,"column":64},"end":{"line":3,"column":109}}],"line":3},"2":{"loc":{"start":{"line":4,"column":16},"end":{"line":4,"column":34}},"type":"binary-expr","locations":[{"start":{"line":4,"column":16},"end":{"line":4,"column":17}},{"start":{"line":4,"column":22},"end":{"line":4,"column":33}}],"line":4},"3":{"loc":{"start":{"line":7,"column":32},"end":{"line":7,"column":115}},"type":"cond-expr","locations":[{"start":{"line":7,"column":46},"end":{"line":7,"column":67}},{"start":{"line":7,"column":70},"end":{"line":7,"column":115}}],"line":7},"4":{"loc":{"start":{"line":8,"column":51},"end":{"line":8,"column":67}},"type":"binary-expr","locations":[{"start":{"line":8,"column":51},"end":{"line":8,"column":61}},{"start":{"line":8,"column":65},"end":{"line":8,"column":67}}],"line":8},"5":{"loc":{"start":{"line":20,"column":8},"end":{"line":35,"column":9}},"type":"if","locations":[{"start":{"line":20,"column":8},"end":{"line":35,"column":9}},{"start":{"line":24,"column":13},"end":{"line":35,"column":9}}],"line":20},"6":{"loc":{"start":{"line":26,"column":12},"end":{"line":28,"column":13}},"type":"if","locations":[{"start":{"line":26,"column":12},"end":{"line":28,"column":13}},{"start":{},"end":{}}],"line":26}},"s":{"0":1,"1":0,"2":0,"3":0,"4":0,"5":0,"6":0,"7":0,"8":0,"9":0,"10":0,"11":0,"12":1,"13":1,"14":1,"15":1,"16":1,"17":0,"18":0,"19":0,"20":0,"21":0,"22":0,"23":0,"24":0,"25":0,"26":0,"27":0,"28":0,"29":0,"30":0,"31":0,"32":1,"33":1,"34":0,"35":0,"36":0,"37":0,"38":0,"39":1},"f":{"0":0,"1":0,"2":0,"3":0,"4":0,"5":0,"6":0,"7":0,"8":0,"9":0,"10":0},"b":{"0":[1,1,1],"1":[0,0],"2":[0,0],"3":[0,0],"4":[0,0],"5":[0,0],"6":[0,0]},"inputSourceMap":null,"_coverageSchema":"1a1c01bbd47fc00a2c39e90264f33305004495a9","hash":"eee7c120930ef6333e2e7f29e00f944530431b44"}
,"C:\\Users\\Jabo\\Desktop\\MyBrand-BE\\dist\\controllers\\queryController.js": {"path":"C:\\Users\\Jabo\\Desktop\\MyBrand-BE\\dist\\controllers\\queryController.js","statementMap":{"0":{"start":{"line":2,"column":16},"end":{"line":10,"column":1}},"1":{"start":{"line":3,"column":28},"end":{"line":3,"column":110}},"2":{"start":{"line":3,"column":91},"end":{"line":3,"column":106}},"3":{"start":{"line":4,"column":4},"end":{"line":9,"column":7}},"4":{"start":{"line":5,"column":36},"end":{"line":5,"column":97}},"5":{"start":{"line":5,"column":42},"end":{"line":5,"column":70}},"6":{"start":{"line":5,"column":85},"end":{"line":5,"column":95}},"7":{"start":{"line":6,"column":35},"end":{"line":6,"column":100}},"8":{"start":{"line":6,"column":41},"end":{"line":6,"column":73}},"9":{"start":{"line":6,"column":88},"end":{"line":6,"column":98}},"10":{"start":{"line":7,"column":32},"end":{"line":7,"column":116}},"11":{"start":{"line":8,"column":8},"end":{"line":8,"column":78}},"12":{"start":{"line":11,"column":0},"end":{"line":11,"column":62}},"13":{"start":{"line":12,"column":0},"end":{"line":12,"column":74}},"14":{"start":{"line":13,"column":24},"end":{"line":13,"column":60}},"15":{"start":{"line":14,"column":22},"end":{"line":14,"column":53}},"16":{"start":{"line":15,"column":20},"end":{"line":42,"column":2}},"17":{"start":{"line":15,"column":34},"end":{"line":42,"column":2}},"18":{"start":{"line":16,"column":4},"end":{"line":41,"column":5}},"19":{"start":{"line":17,"column":33},"end":{"line":17,"column":83}},"20":{"start":{"line":18,"column":8},"end":{"line":23,"column":9}},"21":{"start":{"line":19,"column":12},"end":{"line":22,"column":15}},"22":{"start":{"line":24,"column":22},"end":{"line":28,"column":10}},"23":{"start":{"line":29,"column":8},"end":{"line":33,"column":11}},"24":{"start":{"line":36,"column":8},"end":{"line":40,"column":11}},"25":{"start":{"line":43,"column":0},"end":{"line":43,"column":34}},"26":{"start":{"line":44,"column":20},"end":{"line":58,"column":2}},"27":{"start":{"line":44,"column":34},"end":{"line":58,"column":2}},"28":{"start":{"line":45,"column":4},"end":{"line":57,"column":5}},"29":{"start":{"line":46,"column":25},"end":{"line":46,"column":66}},"30":{"start":{"line":47,"column":8},"end":{"line":50,"column":11}},"31":{"start":{"line":53,"column":8},"end":{"line":56,"column":11}},"32":{"start":{"line":59,"column":0},"end":{"line":59,"column":34}},"33":{"start":{"line":60,"column":21},"end":{"line":74,"column":2}},"34":{"start":{"line":60,"column":35},"end":{"line":74,"column":2}},"35":{"start":{"line":61,"column":4},"end":{"line":73,"column":5}},"36":{"start":{"line":62,"column":23},"end":{"line":62,"column":77}},"37":{"start":{"line":63,"column":8},"end":{"line":66,"column":11}},"38":{"start":{"line":69,"column":8},"end":{"line":72,"column":11}},"39":{"start":{"line":75,"column":0},"end":{"line":75,"column":36}}},"fnMap":{"0":{"name":"(anonymous_0)","decl":{"start":{"line":2,"column":44},"end":{"line":2,"column":45}},"loc":{"start":{"line":2,"column":89},"end":{"line":10,"column":1}},"line":2},"1":{"name":"adopt","decl":{"start":{"line":3,"column":13},"end":{"line":3,"column":18}},"loc":{"start":{"line":3,"column":26},"end":{"line":3,"column":112}},"line":3},"2":{"name":"(anonymous_2)","decl":{"start":{"line":3,"column":70},"end":{"line":3,"column":71}},"loc":{"start":{"line":3,"column":89},"end":{"line":3,"column":108}},"line":3},"3":{"name":"(anonymous_3)","decl":{"start":{"line":4,"column":36},"end":{"line":4,"column":37}},"loc":{"start":{"line":4,"column":63},"end":{"line":9,"column":5}},"line":4},"4":{"name":"fulfilled","decl":{"start":{"line":5,"column":17},"end":{"line":5,"column":26}},"loc":{"start":{"line":5,"column":34},"end":{"line":5,"column":99}},"line":5},"5":{"name":"rejected","decl":{"start":{"line":6,"column":17},"end":{"line":6,"column":25}},"loc":{"start":{"line":6,"column":33},"end":{"line":6,"column":102}},"line":6},"6":{"name":"step","decl":{"start":{"line":7,"column":17},"end":{"line":7,"column":21}},"loc":{"start":{"line":7,"column":30},"end":{"line":7,"column":118}},"line":7},"7":{"name":"(anonymous_7)","decl":{"start":{"line":15,"column":20},"end":{"line":15,"column":21}},"loc":{"start":{"line":15,"column":34},"end":{"line":42,"column":2}},"line":15},"8":{"name":"(anonymous_8)","decl":{"start":{"line":15,"column":68},"end":{"line":15,"column":69}},"loc":{"start":{"line":15,"column":81},"end":{"line":42,"column":1}},"line":15},"9":{"name":"(anonymous_9)","decl":{"start":{"line":44,"column":20},"end":{"line":44,"column":21}},"loc":{"start":{"line":44,"column":34},"end":{"line":58,"column":2}},"line":44},"10":{"name":"(anonymous_10)","decl":{"start":{"line":44,"column":68},"end":{"line":44,"column":69}},"loc":{"start":{"line":44,"column":81},"end":{"line":58,"column":1}},"line":44},"11":{"name":"(anonymous_11)","decl":{"start":{"line":60,"column":21},"end":{"line":60,"column":22}},"loc":{"start":{"line":60,"column":35},"end":{"line":74,"column":2}},"line":60},"12":{"name":"(anonymous_12)","decl":{"start":{"line":60,"column":69},"end":{"line":60,"column":70}},"loc":{"start":{"line":60,"column":82},"end":{"line":74,"column":1}},"line":60}},"branchMap":{"0":{"loc":{"start":{"line":2,"column":16},"end":{"line":10,"column":1}},"type":"binary-expr","locations":[{"start":{"line":2,"column":17},"end":{"line":2,"column":21}},{"start":{"line":2,"column":25},"end":{"line":2,"column":39}},{"start":{"line":2,"column":44},"end":{"line":10,"column":1}}],"line":2},"1":{"loc":{"start":{"line":3,"column":35},"end":{"line":3,"column":109}},"type":"cond-expr","locations":[{"start":{"line":3,"column":56},"end":{"line":3,"column":61}},{"start":{"line":3,"column":64},"end":{"line":3,"column":109}}],"line":3},"2":{"loc":{"start":{"line":4,"column":16},"end":{"line":4,"column":34}},"type":"binary-expr","locations":[{"start":{"line":4,"column":16},"end":{"line":4,"column":17}},{"start":{"line":4,"column":22},"end":{"line":4,"column":33}}],"line":4},"3":{"loc":{"start":{"line":7,"column":32},"end":{"line":7,"column":115}},"type":"cond-expr","locations":[{"start":{"line":7,"column":46},"end":{"line":7,"column":67}},{"start":{"line":7,"column":70},"end":{"line":7,"column":115}}],"line":7},"4":{"loc":{"start":{"line":8,"column":51},"end":{"line":8,"column":67}},"type":"binary-expr","locations":[{"start":{"line":8,"column":51},"end":{"line":8,"column":61}},{"start":{"line":8,"column":65},"end":{"line":8,"column":67}}],"line":8},"5":{"loc":{"start":{"line":18,"column":8},"end":{"line":23,"column":9}},"type":"if","locations":[{"start":{"line":18,"column":8},"end":{"line":23,"column":9}},{"start":{},"end":{}}],"line":18}},"s":{"0":1,"1":0,"2":0,"3":0,"4":0,"5":0,"6":0,"7":0,"8":0,"9":0,"10":0,"11":0,"12":1,"13":1,"14":1,"15":1,"16":1,"17":0,"18":0,"19":0,"20":0,"21":0,"22":0,"23":0,"24":0,"25":1,"26":1,"27":0,"28":0,"29":0,"30":0,"31":0,"32":1,"33":1,"34":0,"35":0,"36":0,"37":0,"38":0,"39":1},"f":{"0":0,"1":0,"2":0,"3":0,"4":0,"5":0,"6":0,"7":0,"8":0,"9":0,"10":0,"11":0,"12":0},"b":{"0":[1,1,1],"1":[0,0],"2":[0,0],"3":[0,0],"4":[0,0],"5":[0,0]},"inputSourceMap":null,"_coverageSchema":"1a1c01bbd47fc00a2c39e90264f33305004495a9","hash":"26dd4e94258d368d4826d8d694f40438c5b7b0d9"}
,"C:\\Users\\Jabo\\Desktop\\MyBrand-BE\\dist\\controllers\\userController.js": {"path":"C:\\Users\\Jabo\\Desktop\\MyBrand-BE\\dist\\controllers\\userController.js","statementMap":{"0":{"start":{"line":2,"column":16},"end":{"line":10,"column":1}},"1":{"start":{"line":3,"column":28},"end":{"line":3,"column":110}},"2":{"start":{"line":3,"column":91},"end":{"line":3,"column":106}},"3":{"start":{"line":4,"column":4},"end":{"line":9,"column":7}},"4":{"start":{"line":5,"column":36},"end":{"line":5,"column":97}},"5":{"start":{"line":5,"column":42},"end":{"line":5,"column":70}},"6":{"start":{"line":5,"column":85},"end":{"line":5,"column":95}},"7":{"start":{"line":6,"column":35},"end":{"line":6,"column":100}},"8":{"start":{"line":6,"column":41},"end":{"line":6,"column":73}},"9":{"start":{"line":6,"column":88},"end":{"line":6,"column":98}},"10":{"start":{"line":7,"column":32},"end":{"line":7,"column":116}},"11":{"start":{"line":8,"column":8},"end":{"line":8,"column":78}},"12":{"start":{"line":11,"column":22},"end":{"line":13,"column":1}},"13":{"start":{"line":12,"column":4},"end":{"line":12,"column":62}},"14":{"start":{"line":14,"column":0},"end":{"line":14,"column":62}},"15":{"start":{"line":15,"column":0},"end":{"line":15,"column":135}},"16":{"start":{"line":16,"column":22},"end":{"line":16,"column":56}},"17":{"start":{"line":17,"column":19},"end":{"line":17,"column":55}},"18":{"start":{"line":18,"column":23},"end":{"line":18,"column":63}},"19":{"start":{"line":19,"column":17},"end":{"line":19,"column":51}},"20":{"start":{"line":20,"column":22},"end":{"line":20,"column":53}},"21":{"start":{"line":21,"column":0},"end":{"line":21,"column":26}},"22":{"start":{"line":22,"column":21},"end":{"line":57,"column":2}},"23":{"start":{"line":22,"column":35},"end":{"line":57,"column":2}},"24":{"start":{"line":23,"column":4},"end":{"line":56,"column":5}},"25":{"start":{"line":24,"column":33},"end":{"line":24,"column":76}},"26":{"start":{"line":25,"column":8},"end":{"line":30,"column":9}},"27":{"start":{"line":26,"column":12},"end":{"line":29,"column":15}},"28":{"start":{"line":31,"column":21},"end":{"line":31,"column":68}},"29":{"start":{"line":32,"column":8},"end":{"line":37,"column":9}},"30":{"start":{"line":33,"column":12},"end":{"line":36,"column":15}},"31":{"start":{"line":38,"column":21},"end":{"line":38,"column":57}},"32":{"start":{"line":39,"column":31},"end":{"line":39,"column":82}},"33":{"start":{"line":40,"column":24},"end":{"line":45,"column":10}},"34":{"start":{"line":46,"column":8},"end":{"line":49,"column":11}},"35":{"start":{"line":52,"column":8},"end":{"line":55,"column":11}},"36":{"start":{"line":58,"column":0},"end":{"line":58,"column":36}},"37":{"start":{"line":59,"column":20},"end":{"line":73,"column":2}},"38":{"start":{"line":59,"column":34},"end":{"line":73,"column":2}},"39":{"start":{"line":60,"column":4},"end":{"line":72,"column":5}},"40":{"start":{"line":61,"column":22},"end":{"line":61,"column":57}},"41":{"start":{"line":62,"column":8},"end":{"line":65,"column":11}},"42":{"start":{"line":68,"column":8},"end":{"line":71,"column":11}},"43":{"start":{"line":74,"column":0},"end":{"line":74,"column":34}},"44":{"start":{"line":75,"column":20},"end":{"line":89,"column":2}},"45":{"start":{"line":75,"column":34},"end":{"line":89,"column":2}},"46":{"start":{"line":76,"column":4},"end":{"line":88,"column":5}},"47":{"start":{"line":77,"column":21},"end":{"line":77,"column":74}},"48":{"start":{"line":78,"column":8},"end":{"line":81,"column":11}},"49":{"start":{"line":84,"column":8},"end":{"line":87,"column":11}},"50":{"start":{"line":90,"column":0},"end":{"line":90,"column":34}},"51":{"start":{"line":91,"column":19},"end":{"line":105,"column":2}},"52":{"start":{"line":91,"column":33},"end":{"line":105,"column":2}},"53":{"start":{"line":92,"column":4},"end":{"line":104,"column":5}},"54":{"start":{"line":93,"column":21},"end":{"line":93,"column":71}},"55":{"start":{"line":94,"column":8},"end":{"line":97,"column":11}},"56":{"start":{"line":100,"column":8},"end":{"line":103,"column":11}},"57":{"start":{"line":106,"column":0},"end":{"line":106,"column":32}},"58":{"start":{"line":107,"column":19},"end":{"line":134,"column":2}},"59":{"start":{"line":107,"column":33},"end":{"line":134,"column":2}},"60":{"start":{"line":108,"column":4},"end":{"line":133,"column":5}},"61":{"start":{"line":109,"column":33},"end":{"line":109,"column":82}},"62":{"start":{"line":110,"column":8},"end":{"line":115,"column":9}},"63":{"start":{"line":111,"column":12},"end":{"line":114,"column":15}},"64":{"start":{"line":116,"column":8},"end":{"line":121,"column":9}},"65":{"start":{"line":117,"column":12},"end":{"line":120,"column":15}},"66":{"start":{"line":122,"column":21},"end":{"line":122,"column":76}},"67":{"start":{"line":123,"column":8},"end":{"line":126,"column":11}},"68":{"start":{"line":129,"column":8},"end":{"line":132,"column":11}},"69":{"start":{"line":135,"column":0},"end":{"line":135,"column":32}},"70":{"start":{"line":136,"column":17},"end":{"line":173,"column":2}},"71":{"start":{"line":136,"column":31},"end":{"line":173,"column":2}},"72":{"start":{"line":137,"column":4},"end":{"line":172,"column":5}},"73":{"start":{"line":138,"column":33},"end":{"line":138,"column":76}},"74":{"start":{"line":139,"column":8},"end":{"line":144,"column":9}},"75":{"start":{"line":140,"column":12},"end":{"line":143,"column":15}},"76":{"start":{"line":145,"column":21},"end":{"line":145,"column":68}},"77":{"start":{"line":146,"column":8},"end":{"line":151,"column":9}},"78":{"start":{"line":147,"column":12},"end":{"line":150,"column":15}},"79":{"start":{"line":152,"column":23},"end":{"line":152,"column":45}},"80":{"start":{"line":153,"column":8},"end":{"line":165,"column":9}},"81":{"start":{"line":154,"column":12},"end":{"line":158,"column":15}},"82":{"start":{"line":161,"column":12},"end":{"line":164,"column":15}},"83":{"start":{"line":168,"column":8},"end":{"line":171,"column":11}},"84":{"start":{"line":174,"column":0},"end":{"line":174,"column":28}}},"fnMap":{"0":{"name":"(anonymous_0)","decl":{"start":{"line":2,"column":44},"end":{"line":2,"column":45}},"loc":{"start":{"line":2,"column":89},"end":{"line":10,"column":1}},"line":2},"1":{"name":"adopt","decl":{"start":{"line":3,"column":13},"end":{"line":3,"column":18}},"loc":{"start":{"line":3,"column":26},"end":{"line":3,"column":112}},"line":3},"2":{"name":"(anonymous_2)","decl":{"start":{"line":3,"column":70},"end":{"line":3,"column":71}},"loc":{"start":{"line":3,"column":89},"end":{"line":3,"column":108}},"line":3},"3":{"name":"(anonymous_3)","decl":{"start":{"line":4,"column":36},"end":{"line":4,"column":37}},"loc":{"start":{"line":4,"column":63},"end":{"line":9,"column":5}},"line":4},"4":{"name":"fulfilled","decl":{"start":{"line":5,"column":17},"end":{"line":5,"column":26}},"loc":{"start":{"line":5,"column":34},"end":{"line":5,"column":99}},"line":5},"5":{"name":"rejected","decl":{"start":{"line":6,"column":17},"end":{"line":6,"column":25}},"loc":{"start":{"line":6,"column":33},"end":{"line":6,"column":102}},"line":6},"6":{"name":"step","decl":{"start":{"line":7,"column":17},"end":{"line":7,"column":21}},"loc":{"start":{"line":7,"column":30},"end":{"line":7,"column":118}},"line":7},"7":{"name":"(anonymous_7)","decl":{"start":{"line":11,"column":56},"end":{"line":11,"column":57}},"loc":{"start":{"line":11,"column":71},"end":{"line":13,"column":1}},"line":11},"8":{"name":"(anonymous_8)","decl":{"start":{"line":22,"column":21},"end":{"line":22,"column":22}},"loc":{"start":{"line":22,"column":35},"end":{"line":57,"column":2}},"line":22},"9":{"name":"(anonymous_9)","decl":{"start":{"line":22,"column":69},"end":{"line":22,"column":70}},"loc":{"start":{"line":22,"column":82},"end":{"line":57,"column":1}},"line":22},"10":{"name":"(anonymous_10)","decl":{"start":{"line":59,"column":20},"end":{"line":59,"column":21}},"loc":{"start":{"line":59,"column":34},"end":{"line":73,"column":2}},"line":59},"11":{"name":"(anonymous_11)","decl":{"start":{"line":59,"column":68},"end":{"line":59,"column":69}},"loc":{"start":{"line":59,"column":81},"end":{"line":73,"column":1}},"line":59},"12":{"name":"(anonymous_12)","decl":{"start":{"line":75,"column":20},"end":{"line":75,"column":21}},"loc":{"start":{"line":75,"column":34},"end":{"line":89,"column":2}},"line":75},"13":{"name":"(anonymous_13)","decl":{"start":{"line":75,"column":68},"end":{"line":75,"column":69}},"loc":{"start":{"line":75,"column":81},"end":{"line":89,"column":1}},"line":75},"14":{"name":"(anonymous_14)","decl":{"start":{"line":91,"column":19},"end":{"line":91,"column":20}},"loc":{"start":{"line":91,"column":33},"end":{"line":105,"column":2}},"line":91},"15":{"name":"(anonymous_15)","decl":{"start":{"line":91,"column":67},"end":{"line":91,"column":68}},"loc":{"start":{"line":91,"column":80},"end":{"line":105,"column":1}},"line":91},"16":{"name":"(anonymous_16)","decl":{"start":{"line":107,"column":19},"end":{"line":107,"column":20}},"loc":{"start":{"line":107,"column":33},"end":{"line":134,"column":2}},"line":107},"17":{"name":"(anonymous_17)","decl":{"start":{"line":107,"column":67},"end":{"line":107,"column":68}},"loc":{"start":{"line":107,"column":80},"end":{"line":134,"column":1}},"line":107},"18":{"name":"(anonymous_18)","decl":{"start":{"line":136,"column":17},"end":{"line":136,"column":18}},"loc":{"start":{"line":136,"column":31},"end":{"line":173,"column":2}},"line":136},"19":{"name":"(anonymous_19)","decl":{"start":{"line":136,"column":65},"end":{"line":136,"column":66}},"loc":{"start":{"line":136,"column":78},"end":{"line":173,"column":1}},"line":136}},"branchMap":{"0":{"loc":{"start":{"line":2,"column":16},"end":{"line":10,"column":1}},"type":"binary-expr","locations":[{"start":{"line":2,"column":17},"end":{"line":2,"column":21}},{"start":{"line":2,"column":25},"end":{"line":2,"column":39}},{"start":{"line":2,"column":44},"end":{"line":10,"column":1}}],"line":2},"1":{"loc":{"start":{"line":3,"column":35},"end":{"line":3,"column":109}},"type":"cond-expr","locations":[{"start":{"line":3,"column":56},"end":{"line":3,"column":61}},{"start":{"line":3,"column":64},"end":{"line":3,"column":109}}],"line":3},"2":{"loc":{"start":{"line":4,"column":16},"end":{"line":4,"column":34}},"type":"binary-expr","locations":[{"start":{"line":4,"column":16},"end":{"line":4,"column":17}},{"start":{"line":4,"column":22},"end":{"line":4,"column":33}}],"line":4},"3":{"loc":{"start":{"line":7,"column":32},"end":{"line":7,"column":115}},"type":"cond-expr","locations":[{"start":{"line":7,"column":46},"end":{"line":7,"column":67}},{"start":{"line":7,"column":70},"end":{"line":7,"column":115}}],"line":7},"4":{"loc":{"start":{"line":8,"column":51},"end":{"line":8,"column":67}},"type":"binary-expr","locations":[{"start":{"line":8,"column":51},"end":{"line":8,"column":61}},{"start":{"line":8,"column":65},"end":{"line":8,"column":67}}],"line":8},"5":{"loc":{"start":{"line":11,"column":22},"end":{"line":13,"column":1}},"type":"binary-expr","locations":[{"start":{"line":11,"column":23},"end":{"line":11,"column":27}},{"start":{"line":11,"column":31},"end":{"line":11,"column":51}},{"start":{"line":11,"column":56},"end":{"line":13,"column":1}}],"line":11},"6":{"loc":{"start":{"line":12,"column":11},"end":{"line":12,"column":61}},"type":"cond-expr","locations":[{"start":{"line":12,"column":37},"end":{"line":12,"column":40}},{"start":{"line":12,"column":43},"end":{"line":12,"column":61}}],"line":12},"7":{"loc":{"start":{"line":12,"column":12},"end":{"line":12,"column":33}},"type":"binary-expr","locations":[{"start":{"line":12,"column":12},"end":{"line":12,"column":15}},{"start":{"line":12,"column":19},"end":{"line":12,"column":33}}],"line":12},"8":{"loc":{"start":{"line":25,"column":8},"end":{"line":30,"column":9}},"type":"if","locations":[{"start":{"line":25,"column":8},"end":{"line":30,"column":9}},{"start":{},"end":{}}],"line":25},"9":{"loc":{"start":{"line":32,"column":8},"end":{"line":37,"column":9}},"type":"if","locations":[{"start":{"line":32,"column":8},"end":{"line":37,"column":9}},{"start":{},"end":{}}],"line":32},"10":{"loc":{"start":{"line":110,"column":8},"end":{"line":115,"column":9}},"type":"if","locations":[{"start":{"line":110,"column":8},"end":{"line":115,"column":9}},{"start":{},"end":{}}],"line":110},"11":{"loc":{"start":{"line":116,"column":8},"end":{"line":121,"column":9}},"type":"if","locations":[{"start":{"line":116,"column":8},"end":{"line":121,"column":9}},{"start":{},"end":{}}],"line":116},"12":{"loc":{"start":{"line":116,"column":12},"end":{"line":116,"column":57}},"type":"binary-expr","locations":[{"start":{"line":116,"column":12},"end":{"line":116,"column":23}},{"start":{"line":116,"column":27},"end":{"line":116,"column":42}},{"start":{"line":116,"column":46},"end":{"line":116,"column":57}}],"line":116},"13":{"loc":{"start":{"line":139,"column":8},"end":{"line":144,"column":9}},"type":"if","locations":[{"start":{"line":139,"column":8},"end":{"line":144,"column":9}},{"start":{},"end":{}}],"line":139},"14":{"loc":{"start":{"line":146,"column":8},"end":{"line":151,"column":9}},"type":"if","locations":[{"start":{"line":146,"column":8},"end":{"line":151,"column":9}},{"start":{},"end":{}}],"line":146},"15":{"loc":{"start":{"line":153,"column":8},"end":{"line":165,"column":9}},"type":"if","locations":[{"start":{"line":153,"column":8},"end":{"line":165,"column":9}},{"start":{"line":160,"column":13},"end":{"line":165,"column":9}}],"line":153},"16":{"loc":{"start":{"line":153,"column":12},"end":{"line":153,"column":88}},"type":"binary-expr","locations":[{"start":{"line":153,"column":12},"end":{"line":153,"column":16}},{"start":{"line":153,"column":21},"end":{"line":153,"column":87}}],"line":153}},"s":{"0":1,"1":5,"2":0,"3":4,"4":5,"5":5,"6":0,"7":0,"8":0,"9":0,"10":9,"11":4,"12":1,"13":3,"14":1,"15":1,"16":1,"17":1,"18":1,"19":1,"20":1,"21":1,"22":1,"23":1,"24":1,"25":1,"26":1,"27":0,"28":1,"29":1,"30":1,"31":0,"32":0,"33":0,"34":0,"35":0,"36":1,"37":1,"38":1,"39":1,"40":1,"41":1,"42":0,"43":1,"44":1,"45":0,"46":0,"47":0,"48":0,"49":0,"50":1,"51":1,"52":0,"53":0,"54":0,"55":0,"56":0,"57":1,"58":1,"59":0,"60":0,"61":0,"62":0,"63":0,"64":0,"65":0,"66":0,"67":0,"68":0,"69":1,"70":1,"71":2,"72":2,"73":2,"74":2,"75":0,"76":2,"77":2,"78":1,"79":1,"80":1,"81":1,"82":0,"83":0,"84":1},"f":{"0":4,"1":5,"2":0,"3":4,"4":5,"5":0,"6":9,"7":3,"8":1,"9":1,"10":1,"11":1,"12":0,"13":0,"14":0,"15":0,"16":0,"17":0,"18":2,"19":2},"b":{"0":[1,1,1],"1":[5,0],"2":[4,4],"3":[4,5],"4":[4,4],"5":[1,1,1],"6":[0,3],"7":[3,3],"8":[0,1],"9":[1,0],"10":[0,0],"11":[0,0],"12":[0,0,0],"13":[0,2],"14":[1,1],"15":[1,0],"16":[1,1]},"inputSourceMap":null,"_coverageSchema":"1a1c01bbd47fc00a2c39e90264f33305004495a9","hash":"b9a372383718dc6f468f1f0f88433941ee49efb9"}
,"C:\\Users\\Jabo\\Desktop\\MyBrand-BE\\dist\\docs\\swagger.js": {"path":"C:\\Users\\Jabo\\Desktop\\MyBrand-BE\\dist\\docs\\swagger.js","statementMap":{"0":{"start":{"line":2,"column":22},"end":{"line":4,"column":1}},"1":{"start":{"line":3,"column":4},"end":{"line":3,"column":62}},"2":{"start":{"line":5,"column":0},"end":{"line":5,"column":62}},"3":{"start":{"line":6,"column":18},"end":{"line":6,"column":53}},"4":{"start":{"line":7,"column":29},"end":{"line":7,"column":58}},"5":{"start":{"line":8,"column":18},"end":{"line":8,"column":44}},"6":{"start":{"line":9,"column":16},"end":{"line":684,"column":1}},"7":{"start":{"line":685,"column":0},"end":{"line":685,"column":89}},"8":{"start":{"line":686,"column":0},"end":{"line":686,"column":28}}},"fnMap":{"0":{"name":"(anonymous_0)","decl":{"start":{"line":2,"column":56},"end":{"line":2,"column":57}},"loc":{"start":{"line":2,"column":71},"end":{"line":4,"column":1}},"line":2}},"branchMap":{"0":{"loc":{"start":{"line":2,"column":22},"end":{"line":4,"column":1}},"type":"binary-expr","locations":[{"start":{"line":2,"column":23},"end":{"line":2,"column":27}},{"start":{"line":2,"column":31},"end":{"line":2,"column":51}},{"start":{"line":2,"column":56},"end":{"line":4,"column":1}}],"line":2},"1":{"loc":{"start":{"line":3,"column":11},"end":{"line":3,"column":61}},"type":"cond-expr","locations":[{"start":{"line":3,"column":37},"end":{"line":3,"column":40}},{"start":{"line":3,"column":43},"end":{"line":3,"column":61}}],"line":3},"2":{"loc":{"start":{"line":3,"column":12},"end":{"line":3,"column":33}},"type":"binary-expr","locations":[{"start":{"line":3,"column":12},"end":{"line":3,"column":15}},{"start":{"line":3,"column":19},"end":{"line":3,"column":33}}],"line":3}},"s":{"0":1,"1":1,"2":1,"3":1,"4":1,"5":1,"6":1,"7":1,"8":1},"f":{"0":1},"b":{"0":[1,1,1],"1":[0,1],"2":[1,1]},"inputSourceMap":null,"_coverageSchema":"1a1c01bbd47fc00a2c39e90264f33305004495a9","hash":"f8c3bfe8011a7b6d1adc174c49fd187eaa44a68a"}
,"C:\\Users\\Jabo\\Desktop\\MyBrand-BE\\dist\\helpers\\cloud.js": {"path":"C:\\Users\\Jabo\\Desktop\\MyBrand-BE\\dist\\helpers\\cloud.js","statementMap":{"0":{"start":{"line":2,"column":16},"end":{"line":10,"column":1}},"1":{"start":{"line":3,"column":28},"end":{"line":3,"column":110}},"2":{"start":{"line":3,"column":91},"end":{"line":3,"column":106}},"3":{"start":{"line":4,"column":4},"end":{"line":9,"column":7}},"4":{"start":{"line":5,"column":36},"end":{"line":5,"column":97}},"5":{"start":{"line":5,"column":42},"end":{"line":5,"column":70}},"6":{"start":{"line":5,"column":85},"end":{"line":5,"column":95}},"7":{"start":{"line":6,"column":35},"end":{"line":6,"column":100}},"8":{"start":{"line":6,"column":41},"end":{"line":6,"column":73}},"9":{"start":{"line":6,"column":88},"end":{"line":6,"column":98}},"10":{"start":{"line":7,"column":32},"end":{"line":7,"column":116}},"11":{"start":{"line":8,"column":8},"end":{"line":8,"column":78}},"12":{"start":{"line":11,"column":22},"end":{"line":13,"column":1}},"13":{"start":{"line":12,"column":4},"end":{"line":12,"column":62}},"14":{"start":{"line":14,"column":0},"end":{"line":14,"column":62}},"15":{"start":{"line":15,"column":21},"end":{"line":15,"column":42}},"16":{"start":{"line":16,"column":17},"end":{"line":16,"column":51}},"17":{"start":{"line":17,"column":0},"end":{"line":17,"column":26}},"18":{"start":{"line":18,"column":0},"end":{"line":22,"column":3}},"19":{"start":{"line":23,"column":19},"end":{"line":31,"column":2}},"20":{"start":{"line":23,"column":34},"end":{"line":31,"column":2}},"21":{"start":{"line":24,"column":4},"end":{"line":30,"column":5}},"22":{"start":{"line":25,"column":23},"end":{"line":25,"column":71}},"23":{"start":{"line":26,"column":8},"end":{"line":26,"column":33}},"24":{"start":{"line":29,"column":8},"end":{"line":29,"column":43}},"25":{"start":{"line":32,"column":0},"end":{"line":32,"column":29}}},"fnMap":{"0":{"name":"(anonymous_0)","decl":{"start":{"line":2,"column":44},"end":{"line":2,"column":45}},"loc":{"start":{"line":2,"column":89},"end":{"line":10,"column":1}},"line":2},"1":{"name":"adopt","decl":{"start":{"line":3,"column":13},"end":{"line":3,"column":18}},"loc":{"start":{"line":3,"column":26},"end":{"line":3,"column":112}},"line":3},"2":{"name":"(anonymous_2)","decl":{"start":{"line":3,"column":70},"end":{"line":3,"column":71}},"loc":{"start":{"line":3,"column":89},"end":{"line":3,"column":108}},"line":3},"3":{"name":"(anonymous_3)","decl":{"start":{"line":4,"column":36},"end":{"line":4,"column":37}},"loc":{"start":{"line":4,"column":63},"end":{"line":9,"column":5}},"line":4},"4":{"name":"fulfilled","decl":{"start":{"line":5,"column":17},"end":{"line":5,"column":26}},"loc":{"start":{"line":5,"column":34},"end":{"line":5,"column":99}},"line":5},"5":{"name":"rejected","decl":{"start":{"line":6,"column":17},"end":{"line":6,"column":25}},"loc":{"start":{"line":6,"column":33},"end":{"line":6,"column":102}},"line":6},"6":{"name":"step","decl":{"start":{"line":7,"column":17},"end":{"line":7,"column":21}},"loc":{"start":{"line":7,"column":30},"end":{"line":7,"column":118}},"line":7},"7":{"name":"(anonymous_7)","decl":{"start":{"line":11,"column":56},"end":{"line":11,"column":57}},"loc":{"start":{"line":11,"column":71},"end":{"line":13,"column":1}},"line":11},"8":{"name":"(anonymous_8)","decl":{"start":{"line":23,"column":19},"end":{"line":23,"column":20}},"loc":{"start":{"line":23,"column":34},"end":{"line":31,"column":2}},"line":23},"9":{"name":"(anonymous_9)","decl":{"start":{"line":23,"column":68},"end":{"line":23,"column":69}},"loc":{"start":{"line":23,"column":81},"end":{"line":31,"column":1}},"line":23}},"branchMap":{"0":{"loc":{"start":{"line":2,"column":16},"end":{"line":10,"column":1}},"type":"binary-expr","locations":[{"start":{"line":2,"column":17},"end":{"line":2,"column":21}},{"start":{"line":2,"column":25},"end":{"line":2,"column":39}},{"start":{"line":2,"column":44},"end":{"line":10,"column":1}}],"line":2},"1":{"loc":{"start":{"line":3,"column":35},"end":{"line":3,"column":109}},"type":"cond-expr","locations":[{"start":{"line":3,"column":56},"end":{"line":3,"column":61}},{"start":{"line":3,"column":64},"end":{"line":3,"column":109}}],"line":3},"2":{"loc":{"start":{"line":4,"column":16},"end":{"line":4,"column":34}},"type":"binary-expr","locations":[{"start":{"line":4,"column":16},"end":{"line":4,"column":17}},{"start":{"line":4,"column":22},"end":{"line":4,"column":33}}],"line":4},"3":{"loc":{"start":{"line":7,"column":32},"end":{"line":7,"column":115}},"type":"cond-expr","locations":[{"start":{"line":7,"column":46},"end":{"line":7,"column":67}},{"start":{"line":7,"column":70},"end":{"line":7,"column":115}}],"line":7},"4":{"loc":{"start":{"line":8,"column":51},"end":{"line":8,"column":67}},"type":"binary-expr","locations":[{"start":{"line":8,"column":51},"end":{"line":8,"column":61}},{"start":{"line":8,"column":65},"end":{"line":8,"column":67}}],"line":8},"5":{"loc":{"start":{"line":11,"column":22},"end":{"line":13,"column":1}},"type":"binary-expr","locations":[{"start":{"line":11,"column":23},"end":{"line":11,"column":27}},{"start":{"line":11,"column":31},"end":{"line":11,"column":51}},{"start":{"line":11,"column":56},"end":{"line":13,"column":1}}],"line":11},"6":{"loc":{"start":{"line":12,"column":11},"end":{"line":12,"column":61}},"type":"cond-expr","locations":[{"start":{"line":12,"column":37},"end":{"line":12,"column":40}},{"start":{"line":12,"column":43},"end":{"line":12,"column":61}}],"line":12},"7":{"loc":{"start":{"line":12,"column":12},"end":{"line":12,"column":33}},"type":"binary-expr","locations":[{"start":{"line":12,"column":12},"end":{"line":12,"column":15}},{"start":{"line":12,"column":19},"end":{"line":12,"column":33}}],"line":12}},"s":{"0":1,"1":0,"2":0,"3":0,"4":0,"5":0,"6":0,"7":0,"8":0,"9":0,"10":0,"11":0,"12":1,"13":1,"14":1,"15":1,"16":1,"17":1,"18":1,"19":1,"20":0,"21":0,"22":0,"23":0,"24":0,"25":1},"f":{"0":0,"1":0,"2":0,"3":0,"4":0,"5":0,"6":0,"7":1,"8":0,"9":0},"b":{"0":[1,1,1],"1":[0,0],"2":[0,0],"3":[0,0],"4":[0,0],"5":[1,1,1],"6":[0,1],"7":[1,1]},"inputSourceMap":null,"_coverageSchema":"1a1c01bbd47fc00a2c39e90264f33305004495a9","hash":"3fd72fd8d934fa8670249023768353daebdeeb06"}
,"C:\\Users\\Jabo\\Desktop\\MyBrand-BE\\dist\\helpers\\multer.js": {"path":"C:\\Users\\Jabo\\Desktop\\MyBrand-BE\\dist\\helpers\\multer.js","statementMap":{"0":{"start":{"line":2,"column":22},"end":{"line":4,"column":1}},"1":{"start":{"line":3,"column":4},"end":{"line":3,"column":62}},"2":{"start":{"line":5,"column":0},"end":{"line":5,"column":62}},"3":{"start":{"line":6,"column":17},"end":{"line":6,"column":51}},"4":{"start":{"line":7,"column":15},"end":{"line":7,"column":47}},"5":{"start":{"line":8,"column":16},"end":{"line":8,"column":48}},"6":{"start":{"line":9,"column":19},"end":{"line":16,"column":1}},"7":{"start":{"line":10,"column":22},"end":{"line":10,"column":77}},"8":{"start":{"line":11,"column":4},"end":{"line":14,"column":5}},"9":{"start":{"line":12,"column":8},"end":{"line":12,"column":47}},"10":{"start":{"line":13,"column":8},"end":{"line":13,"column":15}},"11":{"start":{"line":15,"column":4},"end":{"line":15,"column":19}},"12":{"start":{"line":17,"column":15},"end":{"line":20,"column":2}},"13":{"start":{"line":21,"column":0},"end":{"line":21,"column":25}}},"fnMap":{"0":{"name":"(anonymous_0)","decl":{"start":{"line":2,"column":56},"end":{"line":2,"column":57}},"loc":{"start":{"line":2,"column":71},"end":{"line":4,"column":1}},"line":2},"1":{"name":"(anonymous_1)","decl":{"start":{"line":9,"column":19},"end":{"line":9,"column":20}},"loc":{"start":{"line":9,"column":38},"end":{"line":16,"column":1}},"line":9}},"branchMap":{"0":{"loc":{"start":{"line":2,"column":22},"end":{"line":4,"column":1}},"type":"binary-expr","locations":[{"start":{"line":2,"column":23},"end":{"line":2,"column":27}},{"start":{"line":2,"column":31},"end":{"line":2,"column":51}},{"start":{"line":2,"column":56},"end":{"line":4,"column":1}}],"line":2},"1":{"loc":{"start":{"line":3,"column":11},"end":{"line":3,"column":61}},"type":"cond-expr","locations":[{"start":{"line":3,"column":37},"end":{"line":3,"column":40}},{"start":{"line":3,"column":43},"end":{"line":3,"column":61}}],"line":3},"2":{"loc":{"start":{"line":3,"column":12},"end":{"line":3,"column":33}},"type":"binary-expr","locations":[{"start":{"line":3,"column":12},"end":{"line":3,"column":15}},{"start":{"line":3,"column":19},"end":{"line":3,"column":33}}],"line":3},"3":{"loc":{"start":{"line":11,"column":4},"end":{"line":14,"column":5}},"type":"if","locations":[{"start":{"line":11,"column":4},"end":{"line":14,"column":5}},{"start":{},"end":{}}],"line":11},"4":{"loc":{"start":{"line":11,"column":10},"end":{"line":11,"column":79}},"type":"binary-expr","locations":[{"start":{"line":11,"column":10},"end":{"line":11,"column":30}},{"start":{"line":11,"column":34},"end":{"line":11,"column":55}},{"start":{"line":11,"column":59},"end":{"line":11,"column":79}}],"line":11}},"s":{"0":1,"1":2,"2":1,"3":1,"4":1,"5":1,"6":1,"7":0,"8":0,"9":0,"10":0,"11":0,"12":1,"13":1},"f":{"0":2,"1":0},"b":{"0":[1,1,1],"1":[0,2],"2":[2,2],"3":[0,0],"4":[0,0,0]},"inputSourceMap":null,"_coverageSchema":"1a1c01bbd47fc00a2c39e90264f33305004495a9","hash":"12efe17483bd4ed3e781a1f4bb01136d383ab561"}
,"C:\\Users\\Jabo\\Desktop\\MyBrand-BE\\dist\\middlewares\\isAdmin.js": {"path":"C:\\Users\\Jabo\\Desktop\\MyBrand-BE\\dist\\middlewares\\isAdmin.js","statementMap":{"0":{"start":{"line":2,"column":16},"end":{"line":10,"column":1}},"1":{"start":{"line":3,"column":28},"end":{"line":3,"column":110}},"2":{"start":{"line":3,"column":91},"end":{"line":3,"column":106}},"3":{"start":{"line":4,"column":4},"end":{"line":9,"column":7}},"4":{"start":{"line":5,"column":36},"end":{"line":5,"column":97}},"5":{"start":{"line":5,"column":42},"end":{"line":5,"column":70}},"6":{"start":{"line":5,"column":85},"end":{"line":5,"column":95}},"7":{"start":{"line":6,"column":35},"end":{"line":6,"column":100}},"8":{"start":{"line":6,"column":41},"end":{"line":6,"column":73}},"9":{"start":{"line":6,"column":88},"end":{"line":6,"column":98}},"10":{"start":{"line":7,"column":32},"end":{"line":7,"column":116}},"11":{"start":{"line":8,"column":8},"end":{"line":8,"column":78}},"12":{"start":{"line":11,"column":22},"end":{"line":13,"column":1}},"13":{"start":{"line":12,"column":4},"end":{"line":12,"column":62}},"14":{"start":{"line":14,"column":0},"end":{"line":14,"column":62}},"15":{"start":{"line":15,"column":0},"end":{"line":15,"column":25}},"16":{"start":{"line":16,"column":17},"end":{"line":16,"column":51}},"17":{"start":{"line":17,"column":0},"end":{"line":17,"column":26}},"18":{"start":{"line":18,"column":16},"end":{"line":46,"column":2}},"19":{"start":{"line":18,"column":36},"end":{"line":46,"column":2}},"20":{"start":{"line":19,"column":21},"end":{"line":19,"column":24}},"21":{"start":{"line":20,"column":4},"end":{"line":45,"column":5}},"22":{"start":{"line":21,"column":8},"end":{"line":26,"column":9}},"23":{"start":{"line":22,"column":12},"end":{"line":25,"column":15}},"24":{"start":{"line":27,"column":24},"end":{"line":27,"column":91}},"25":{"start":{"line":28,"column":8},"end":{"line":33,"column":9}},"26":{"start":{"line":29,"column":12},"end":{"line":32,"column":15}},"27":{"start":{"line":34,"column":8},"end":{"line":39,"column":9}},"28":{"start":{"line":35,"column":12},"end":{"line":35,"column":19}},"29":{"start":{"line":38,"column":12},"end":{"line":38,"column":70}},"30":{"start":{"line":42,"column":8},"end":{"line":44,"column":11}},"31":{"start":{"line":47,"column":0},"end":{"line":47,"column":26}}},"fnMap":{"0":{"name":"(anonymous_0)","decl":{"start":{"line":2,"column":44},"end":{"line":2,"column":45}},"loc":{"start":{"line":2,"column":89},"end":{"line":10,"column":1}},"line":2},"1":{"name":"adopt","decl":{"start":{"line":3,"column":13},"end":{"line":3,"column":18}},"loc":{"start":{"line":3,"column":26},"end":{"line":3,"column":112}},"line":3},"2":{"name":"(anonymous_2)","decl":{"start":{"line":3,"column":70},"end":{"line":3,"column":71}},"loc":{"start":{"line":3,"column":89},"end":{"line":3,"column":108}},"line":3},"3":{"name":"(anonymous_3)","decl":{"start":{"line":4,"column":36},"end":{"line":4,"column":37}},"loc":{"start":{"line":4,"column":63},"end":{"line":9,"column":5}},"line":4},"4":{"name":"fulfilled","decl":{"start":{"line":5,"column":17},"end":{"line":5,"column":26}},"loc":{"start":{"line":5,"column":34},"end":{"line":5,"column":99}},"line":5},"5":{"name":"rejected","decl":{"start":{"line":6,"column":17},"end":{"line":6,"column":25}},"loc":{"start":{"line":6,"column":33},"end":{"line":6,"column":102}},"line":6},"6":{"name":"step","decl":{"start":{"line":7,"column":17},"end":{"line":7,"column":21}},"loc":{"start":{"line":7,"column":30},"end":{"line":7,"column":118}},"line":7},"7":{"name":"(anonymous_7)","decl":{"start":{"line":11,"column":56},"end":{"line":11,"column":57}},"loc":{"start":{"line":11,"column":71},"end":{"line":13,"column":1}},"line":11},"8":{"name":"(anonymous_8)","decl":{"start":{"line":18,"column":16},"end":{"line":18,"column":17}},"loc":{"start":{"line":18,"column":36},"end":{"line":46,"column":2}},"line":18},"9":{"name":"(anonymous_9)","decl":{"start":{"line":18,"column":70},"end":{"line":18,"column":71}},"loc":{"start":{"line":18,"column":83},"end":{"line":46,"column":1}},"line":18}},"branchMap":{"0":{"loc":{"start":{"line":2,"column":16},"end":{"line":10,"column":1}},"type":"binary-expr","locations":[{"start":{"line":2,"column":17},"end":{"line":2,"column":21}},{"start":{"line":2,"column":25},"end":{"line":2,"column":39}},{"start":{"line":2,"column":44},"end":{"line":10,"column":1}}],"line":2},"1":{"loc":{"start":{"line":3,"column":35},"end":{"line":3,"column":109}},"type":"cond-expr","locations":[{"start":{"line":3,"column":56},"end":{"line":3,"column":61}},{"start":{"line":3,"column":64},"end":{"line":3,"column":109}}],"line":3},"2":{"loc":{"start":{"line":4,"column":16},"end":{"line":4,"column":34}},"type":"binary-expr","locations":[{"start":{"line":4,"column":16},"end":{"line":4,"column":17}},{"start":{"line":4,"column":22},"end":{"line":4,"column":33}}],"line":4},"3":{"loc":{"start":{"line":7,"column":32},"end":{"line":7,"column":115}},"type":"cond-expr","locations":[{"start":{"line":7,"column":46},"end":{"line":7,"column":67}},{"start":{"line":7,"column":70},"end":{"line":7,"column":115}}],"line":7},"4":{"loc":{"start":{"line":8,"column":51},"end":{"line":8,"column":67}},"type":"binary-expr","locations":[{"start":{"line":8,"column":51},"end":{"line":8,"column":61}},{"start":{"line":8,"column":65},"end":{"line":8,"column":67}}],"line":8},"5":{"loc":{"start":{"line":11,"column":22},"end":{"line":13,"column":1}},"type":"binary-expr","locations":[{"start":{"line":11,"column":23},"end":{"line":11,"column":27}},{"start":{"line":11,"column":31},"end":{"line":11,"column":51}},{"start":{"line":11,"column":56},"end":{"line":13,"column":1}}],"line":11},"6":{"loc":{"start":{"line":12,"column":11},"end":{"line":12,"column":61}},"type":"cond-expr","locations":[{"start":{"line":12,"column":37},"end":{"line":12,"column":40}},{"start":{"line":12,"column":43},"end":{"line":12,"column":61}}],"line":12},"7":{"loc":{"start":{"line":12,"column":12},"end":{"line":12,"column":33}},"type":"binary-expr","locations":[{"start":{"line":12,"column":12},"end":{"line":12,"column":15}},{"start":{"line":12,"column":19},"end":{"line":12,"column":33}}],"line":12},"8":{"loc":{"start":{"line":21,"column":8},"end":{"line":26,"column":9}},"type":"if","locations":[{"start":{"line":21,"column":8},"end":{"line":26,"column":9}},{"start":{},"end":{}}],"line":21},"9":{"loc":{"start":{"line":27,"column":25},"end":{"line":27,"column":78}},"type":"cond-expr","locations":[{"start":{"line":27,"column":60},"end":{"line":27,"column":66}},{"start":{"line":27,"column":69},"end":{"line":27,"column":78}}],"line":27},"10":{"loc":{"start":{"line":27,"column":25},"end":{"line":27,"column":57}},"type":"binary-expr","locations":[{"start":{"line":27,"column":25},"end":{"line":27,"column":38}},{"start":{"line":27,"column":42},"end":{"line":27,"column":57}}],"line":27},"11":{"loc":{"start":{"line":28,"column":8},"end":{"line":33,"column":9}},"type":"if","locations":[{"start":{"line":28,"column":8},"end":{"line":33,"column":9}},{"start":{},"end":{}}],"line":28},"12":{"loc":{"start":{"line":34,"column":8},"end":{"line":39,"column":9}},"type":"if","locations":[{"start":{"line":34,"column":8},"end":{"line":39,"column":9}},{"start":{"line":37,"column":13},"end":{"line":39,"column":9}}],"line":34},"13":{"loc":{"start":{"line":34,"column":12},"end":{"line":34,"column":27}},"type":"binary-expr","locations":[{"start":{"line":34,"column":12},"end":{"line":34,"column":16}},{"start":{"line":34,"column":20},"end":{"line":34,"column":27}}],"line":34}},"s":{"0":1,"1":0,"2":0,"3":2,"4":0,"5":0,"6":0,"7":0,"8":0,"9":0,"10":2,"11":2,"12":1,"13":1,"14":1,"15":1,"16":1,"17":1,"18":1,"19":2,"20":2,"21":2,"22":2,"23":0,"24":2,"25":2,"26":0,"27":2,"28":2,"29":0,"30":0,"31":1},"f":{"0":2,"1":0,"2":0,"3":2,"4":0,"5":0,"6":2,"7":1,"8":2,"9":2},"b":{"0":[1,1,1],"1":[0,0],"2":[2,2],"3":[2,0],"4":[2,2],"5":[1,1,1],"6":[0,1],"7":[1,1],"8":[0,2],"9":[0,2],"10":[2,2],"11":[0,2],"12":[2,0],"13":[2,2]},"inputSourceMap":null,"_coverageSchema":"1a1c01bbd47fc00a2c39e90264f33305004495a9","hash":"17585b2129a4fe22f39456046cd815aaf4cd73ff"}
,"C:\\Users\\Jabo\\Desktop\\MyBrand-BE\\dist\\middlewares\\isLoggedIn.js": {"path":"C:\\Users\\Jabo\\Desktop\\MyBrand-BE\\dist\\middlewares\\isLoggedIn.js","statementMap":{"0":{"start":{"line":2,"column":16},"end":{"line":10,"column":1}},"1":{"start":{"line":3,"column":28},"end":{"line":3,"column":110}},"2":{"start":{"line":3,"column":91},"end":{"line":3,"column":106}},"3":{"start":{"line":4,"column":4},"end":{"line":9,"column":7}},"4":{"start":{"line":5,"column":36},"end":{"line":5,"column":97}},"5":{"start":{"line":5,"column":42},"end":{"line":5,"column":70}},"6":{"start":{"line":5,"column":85},"end":{"line":5,"column":95}},"7":{"start":{"line":6,"column":35},"end":{"line":6,"column":100}},"8":{"start":{"line":6,"column":41},"end":{"line":6,"column":73}},"9":{"start":{"line":6,"column":88},"end":{"line":6,"column":98}},"10":{"start":{"line":7,"column":32},"end":{"line":7,"column":116}},"11":{"start":{"line":8,"column":8},"end":{"line":8,"column":78}},"12":{"start":{"line":11,"column":22},"end":{"line":13,"column":1}},"13":{"start":{"line":12,"column":4},"end":{"line":12,"column":62}},"14":{"start":{"line":14,"column":0},"end":{"line":14,"column":62}},"15":{"start":{"line":15,"column":0},"end":{"line":15,"column":28}},"16":{"start":{"line":16,"column":23},"end":{"line":16,"column":63}},"17":{"start":{"line":17,"column":22},"end":{"line":17,"column":56}},"18":{"start":{"line":18,"column":17},"end":{"line":18,"column":51}},"19":{"start":{"line":19,"column":0},"end":{"line":19,"column":26}},"20":{"start":{"line":20,"column":19},"end":{"line":57,"column":2}},"21":{"start":{"line":20,"column":39},"end":{"line":57,"column":2}},"22":{"start":{"line":21,"column":16},"end":{"line":21,"column":25}},"23":{"start":{"line":22,"column":4},"end":{"line":56,"column":5}},"24":{"start":{"line":23,"column":8},"end":{"line":26,"column":9}},"25":{"start":{"line":25,"column":12},"end":{"line":25,"column":60}},"26":{"start":{"line":27,"column":8},"end":{"line":32,"column":9}},"27":{"start":{"line":28,"column":12},"end":{"line":31,"column":15}},"28":{"start":{"line":33,"column":23},"end":{"line":33,"column":45}},"29":{"start":{"line":34,"column":8},"end":{"line":36,"column":9}},"30":{"start":{"line":35,"column":12},"end":{"line":35,"column":58}},"31":{"start":{"line":37,"column":8},"end":{"line":39,"column":9}},"32":{"start":{"line":38,"column":12},"end":{"line":38,"column":54}},"33":{"start":{"line":40,"column":24},"end":{"line":40,"column":68}},"34":{"start":{"line":41,"column":27},"end":{"line":41,"column":81}},"35":{"start":{"line":42,"column":8},"end":{"line":47,"column":9}},"36":{"start":{"line":43,"column":12},"end":{"line":46,"column":15}},"37":{"start":{"line":48,"column":8},"end":{"line":48,"column":30}},"38":{"start":{"line":49,"column":8},"end":{"line":49,"column":15}},"39":{"start":{"line":52,"column":8},"end":{"line":55,"column":11}},"40":{"start":{"line":58,"column":0},"end":{"line":58,"column":32}}},"fnMap":{"0":{"name":"(anonymous_0)","decl":{"start":{"line":2,"column":44},"end":{"line":2,"column":45}},"loc":{"start":{"line":2,"column":89},"end":{"line":10,"column":1}},"line":2},"1":{"name":"adopt","decl":{"start":{"line":3,"column":13},"end":{"line":3,"column":18}},"loc":{"start":{"line":3,"column":26},"end":{"line":3,"column":112}},"line":3},"2":{"name":"(anonymous_2)","decl":{"start":{"line":3,"column":70},"end":{"line":3,"column":71}},"loc":{"start":{"line":3,"column":89},"end":{"line":3,"column":108}},"line":3},"3":{"name":"(anonymous_3)","decl":{"start":{"line":4,"column":36},"end":{"line":4,"column":37}},"loc":{"start":{"line":4,"column":63},"end":{"line":9,"column":5}},"line":4},"4":{"name":"fulfilled","decl":{"start":{"line":5,"column":17},"end":{"line":5,"column":26}},"loc":{"start":{"line":5,"column":34},"end":{"line":5,"column":99}},"line":5},"5":{"name":"rejected","decl":{"start":{"line":6,"column":17},"end":{"line":6,"column":25}},"loc":{"start":{"line":6,"column":33},"end":{"line":6,"column":102}},"line":6},"6":{"name":"step","decl":{"start":{"line":7,"column":17},"end":{"line":7,"column":21}},"loc":{"start":{"line":7,"column":30},"end":{"line":7,"column":118}},"line":7},"7":{"name":"(anonymous_7)","decl":{"start":{"line":11,"column":56},"end":{"line":11,"column":57}},"loc":{"start":{"line":11,"column":71},"end":{"line":13,"column":1}},"line":11},"8":{"name":"(anonymous_8)","decl":{"start":{"line":20,"column":19},"end":{"line":20,"column":20}},"loc":{"start":{"line":20,"column":39},"end":{"line":57,"column":2}},"line":20},"9":{"name":"(anonymous_9)","decl":{"start":{"line":20,"column":73},"end":{"line":20,"column":74}},"loc":{"start":{"line":20,"column":86},"end":{"line":57,"column":1}},"line":20}},"branchMap":{"0":{"loc":{"start":{"line":2,"column":16},"end":{"line":10,"column":1}},"type":"binary-expr","locations":[{"start":{"line":2,"column":17},"end":{"line":2,"column":21}},{"start":{"line":2,"column":25},"end":{"line":2,"column":39}},{"start":{"line":2,"column":44},"end":{"line":10,"column":1}}],"line":2},"1":{"loc":{"start":{"line":3,"column":35},"end":{"line":3,"column":109}},"type":"cond-expr","locations":[{"start":{"line":3,"column":56},"end":{"line":3,"column":61}},{"start":{"line":3,"column":64},"end":{"line":3,"column":109}}],"line":3},"2":{"loc":{"start":{"line":4,"column":16},"end":{"line":4,"column":34}},"type":"binary-expr","locations":[{"start":{"line":4,"column":16},"end":{"line":4,"column":17}},{"start":{"line":4,"column":22},"end":{"line":4,"column":33}}],"line":4},"3":{"loc":{"start":{"line":7,"column":32},"end":{"line":7,"column":115}},"type":"cond-expr","locations":[{"start":{"line":7,"column":46},"end":{"line":7,"column":67}},{"start":{"line":7,"column":70},"end":{"line":7,"column":115}}],"line":7},"4":{"loc":{"start":{"line":8,"column":51},"end":{"line":8,"column":67}},"type":"binary-expr","locations":[{"start":{"line":8,"column":51},"end":{"line":8,"column":61}},{"start":{"line":8,"column":65},"end":{"line":8,"column":67}}],"line":8},"5":{"loc":{"start":{"line":11,"column":22},"end":{"line":13,"column":1}},"type":"binary-expr","locations":[{"start":{"line":11,"column":23},"end":{"line":11,"column":27}},{"start":{"line":11,"column":31},"end":{"line":11,"column":51}},{"start":{"line":11,"column":56},"end":{"line":13,"column":1}}],"line":11},"6":{"loc":{"start":{"line":12,"column":11},"end":{"line":12,"column":61}},"type":"cond-expr","locations":[{"start":{"line":12,"column":37},"end":{"line":12,"column":40}},{"start":{"line":12,"column":43},"end":{"line":12,"column":61}}],"line":12},"7":{"loc":{"start":{"line":12,"column":12},"end":{"line":12,"column":33}},"type":"binary-
[...]
,"C:\\Users\\Jabo\\Desktop\\MyBrand-BE\\src\\routes\\likeRouter.ts": {"path":"C:\\Users\\Jabo\\Desktop\\MyBrand-BE\\src\\routes\\likeRouter.ts","statementMap":{"0":{"start":{"line":1,"column":0},"end":{"line":1,"column":29}},"1":{"start":{"line":2,"column":0},"end":{"line":2,"column":62}},"2":{"start":{"line":3,"column":15},"end":{"line":3,"column":31}},"3":{"start":{"line":4,"column":0},"end":{"line":4,"column":55}},"4":{"start":{"line":6,"column":0},"end":{"line":6,"column":44}},"5":{"start":{"line":7,"column":0},"end":{"line":7,"column":35}},"6":{"start":{"line":9,"column":0},"end":{"line":9,"column":22}}},"fnMap":{},"branchMap":{},"s":{"0":1,"1":1,"2":1,"3":1,"4":1,"5":1,"6":1},"f":{},"b":{}}
,"C:\\Users\\Jabo\\Desktop\\MyBrand-BE\\src\\routes\\queriesRouter.ts": {"path":"C:\\Users\\Jabo\\Desktop\\MyBrand-BE\\src\\routes\\queriesRouter.ts","statementMap":{"0":{"start":{"line":1,"column":0},"end":{"line":1,"column":30}},"1":{"start":{"line":2,"column":0},"end":{"line":2,"column":88}},"2":{"start":{"line":3,"column":15},"end":{"line":3,"column":31}},"3":{"start":{"line":4,"column":0},"end":{"line":4,"column":49}},"4":{"start":{"line":5,"column":0},"end":{"line":5,"column":55}},"5":{"start":{"line":7,"column":0},"end":{"line":7,"column":37}},"6":{"start":{"line":8,"column":0},"end":{"line":8,"column":57}},"7":{"start":{"line":9,"column":0},"end":{"line":9,"column":65}},"8":{"start":{"line":11,"column":0},"end":{"line":11,"column":22}}},"fnMap":{},"branchMap":{},"s":{"0":1,"1":1,"2":1,"3":1,"4":1,"5":1,"6":1,"7":1,"8":1},"f":{},"b":{}}
,"C:\\Users\\Jabo\\Desktop\\MyBrand-BE\\src\\routes\\userRouter.ts": {"path":"C:\\Users\\Jabo\\Desktop\\MyBrand-BE\\src\\routes\\userRouter.ts","statementMap":{"0":{"start":{"line":1,"column":0},"end":{"line":1,"column":30}},"1":{"start":{"line":2,"column":0},"end":{"line":2,"column":121}},"2":{"start":{"line":3,"column":15},"end":{"line":3,"column":31}},"3":{"start":{"line":5,"column":0},"end":{"line":5,"column":31}},"4":{"start":{"line":6,"column":0},"end":{"line":6,"column":29}},"5":{"start":{"line":7,"column":0},"end":{"line":7,"column":32}},"6":{"start":{"line":8,"column":0},"end":{"line":8,"column":33}},"7":{"start":{"line":9,"column":0},"end":{"line":9,"column":34}},"8":{"start":{"line":10,"column":0},"end":{"line":10,"column":31}},"9":{"start":{"line":12,"column":0},"end":{"line":12,"column":22}}},"fnMap":{},"branchMap":{},"s":{"0":1,"1":1,"2":1,"3":1,"4":1,"5":1,"6":1,"7":1,"8":1,"9":1},"f":{},"b":{}}
,"C:\\Users\\Jabo\\Desktop\\MyBrand-BE\\src\\services\\blogService.ts": {"path":"C:\\Users\\Jabo\\Desktop\\MyBrand-BE\\src\\services\\blogService.ts","statementMap":{"0":{"start":{"line":1,"column":0},"end":{"line":1,"column":34}},"1":{"start":{"line":3,"column":23},"end":{"line":6,"column":null}},"2":{"start":{"line":3,"column":34},"end":{"line":6,"column":null}},"3":{"start":{"line":4,"column":22},"end":{"line":4,"column":39}},"4":{"start":{"line":5,"column":8},"end":{"line":5,"column":null}},"5":{"start":{"line":3,"column":13},"end":{"line":3,"column":23}},"6":{"start":{"line":8,"column":23},"end":{"line":11,"column":null}},"7":{"start":{"line":8,"column":46},"end":{"line":11,"column":null}},"8":{"start":{"line":9,"column":20},"end":{"line":9,"column":43}},"9":{"start":{"line":10,"column":4},"end":{"line":10,"column":19}},"10":{"start":{"line":8,"column":13},"end":{"line":8,"column":23}},"11":{"start":{"line":13,"column":29},"end":{"line":16,"column":null}},"12":{"start":{"line":13,"column":50},"end":{"line":16,"column":null}},"13":{"start":{"line":14,"column":16},"end":{"line":14,"column":39}},"14":{"start":{"line":15,"column":3},"end":{"line":15,"column":15}},"15":{"start":{"line":13,"column":13},"end":{"line":13,"column":29}},"16":{"start":{"line":18,"column":30},"end":{"line":21,"column":null}},"17":{"start":{"line":18,"column":51},"end":{"line":21,"column":null}},"18":{"start":{"line":19,"column":21},"end":{"line":19,"column":53}},"19":{"start":{"line":20,"column":4},"end":{"line":20,"column":20}},"20":{"start":{"line":18,"column":13},"end":{"line":18,"column":30}}},"fnMap":{"0":{"name":"(anonymous_8)","decl":{"start":{"line":3,"column":23},"end":{"line":3,"column":32}},"loc":{"start":{"line":3,"column":34},"end":{"line":6,"column":null}}},"1":{"name":"(anonymous_9)","decl":{"start":{"line":3,"column":34},"end":{"line":3,"column":null}},"loc":{"start":{"line":3,"column":34},"end":{"line":6,"column":1}}},"2":{"name":"(anonymous_10)","decl":{"start":{"line":8,"column":23},"end":{"line":8,"column":30}},"loc":{"start":{"line":8,"column":46},"end":{"line":11,"column":null}}},"3":{"name":"(anonymous_11)","decl":{"start":{"line":8,"column":46},"end":{"line":8,"column":null}},"loc":{"start":{"line":8,"column":46},"end":{"line":11,"column":1}}},"4":{"name":"(anonymous_12)","decl":{"start":{"line":13,"column":29},"end":{"line":13,"column":36}},"loc":{"start":{"line":13,"column":50},"end":{"line":16,"column":null}}},"5":{"name":"(anonymous_13)","decl":{"start":{"line":13,"column":50},"end":{"line":13,"column":null}},"loc":{"start":{"line":13,"column":50},"end":{"line":16,"column":1}}},"6":{"name":"(anonymous_14)","decl":{"start":{"line":18,"column":30},"end":{"line":18,"column":37}},"loc":{"start":{"line":18,"column":51},"end":{"line":21,"column":null}}},"7":{"name":"(anonymous_15)","decl":{"start":{"line":18,"column":51},"end":{"line":18,"column":null}},"loc":{"start":{"line":18,"column":51},"end":{"line":21,"column":1}}}},"branchMap":{},"s":{"0":1,"1":1,"2":1,"3":1,"4":1,"5":1,"6":1,"7":0,"8":0,"9":0,"10":1,"11":1,"12":0,"13":0,"14":0,"15":1,"16":1,"17":0,"18":0,"19":0,"20":1},"f":{"0":1,"1":1,"2":0,"3":0,"4":0,"5":0,"6":0,"7":0},"b":{}}
,"C:\\Users\\Jabo\\Desktop\\MyBrand-BE\\src\\services\\commentService.ts": {"path":"C:\\Users\\Jabo\\Desktop\\MyBrand-BE\\src\\services\\commentService.ts","statementMap":{"0":{"start":{"line":1,"column":0},"end":{"line":1,"column":40}},"1":{"start":{"line":3,"column":29},"end":{"line":11,"column":null}},"2":{"start":{"line":3,"column":99},"end":{"line":11,"column":null}},"3":{"start":{"line":4,"column":20},"end":{"line":9,"column":6}},"4":{"start":{"line":10,"column":4},"end":{"line":10,"column":19}},"5":{"start":{"line":3,"column":13},"end":{"line":3,"column":29}},"6":{"start":{"line":13,"column":28},"end":{"line":16,"column":null}},"7":{"start":{"line":13,"column":53},"end":{"line":16,"column":null}},"8":{"start":{"line":14,"column":21},"end":{"line":14,"column":55}},"9":{"start":{"line":15,"column":4},"end":{"line":15,"column":20}},"10":{"start":{"line":13,"column":13},"end":{"line":13,"column":28}}},"fnMap":{"0":{"name":"(anonymous_8)","decl":{"start":{"line":3,"column":29},"end":{"line":3,"column":36}},"loc":{"start":{"line":3,"column":99},"end":{"line":11,"column":null}}},"1":{"name":"(anonymous_9)","decl":{"start":{"line":3,"column":99},"end":{"line":3,"column":null}},"loc":{"start":{"line":3,"column":99},"end":{"line":11,"column":1}}},"2":{"name":"(anonymous_10)","decl":{"start":{"line":13,"column":28},"end":{"line":13,"column":35}},"loc":{"start":{"line":13,"column":53},"end":{"line":16,"column":null}}},"3":{"name":"(anonymous_11)","decl":{"start":{"line":13,"column":53},"end":{"line":13,"column":null}},"loc":{"start":{"line":13,"column":53},"end":{"line":16,"column":1}}}},"branchMap":{},"s":{"0":1,"1":1,"2":0,"3":0,"4":0,"5":1,"6":1,"7":0,"8":0,"9":0,"10":1},"f":{"0":0,"1":0,"2":0,"3":0},"b":{}}
,"C:\\Users\\Jabo\\Desktop\\MyBrand-BE\\src\\services\\likeService.ts": {"path":"C:\\Users\\Jabo\\Desktop\\MyBrand-BE\\src\\services\\likeService.ts","statementMap":{"0":{"start":{"line":1,"column":0},"end":{"line":1,"column":36}},"1":{"start":{"line":3,"column":26},"end":{"line":9,"column":null}},"2":{"start":{"line":3,"column":61},"end":{"line":9,"column":null}},"3":{"start":{"line":4,"column":17},"end":{"line":7,"column":6}},"4":{"start":{"line":8,"column":4},"end":{"line":8,"column":16}},"5":{"start":{"line":3,"column":13},"end":{"line":3,"column":26}},"6":{"start":{"line":11,"column":29},"end":{"line":14,"column":null}},"7":{"start":{"line":11,"column":70},"end":{"line":14,"column":null}},"8":{"start":{"line":12,"column":17},"end":{"line":12,"column":67}},"9":{"start":{"line":13,"column":4},"end":{"line":13,"column":16}},"10":{"start":{"line":11,"column":13},"end":{"line":11,"column":29}},"11":{"start":{"line":16,"column":23},"end":{"line":19,"column":null}},"12":{"start":{"line":16,"column":44},"end":{"line":19,"column":null}},"13":{"start":{"line":17,"column":17},"end":{"line":17,"column":50}},"14":{"start":{"line":18,"column":4},"end":{"line":18,"column":16}},"15":{"start":{"line":16,"column":13},"end":{"line":16,"column":23}},"16":{"start":{"line":21,"column":27},"end":{"line":24,"column":null}},"17":{"start":{"line":21,"column":48},"end":{"line":24,"column":null}},"18":{"start":{"line":22,"column":18},"end":{"line":22,"column":48}},"19":{"start":{"line":23,"column":4},"end":{"line":23,"column":17}},"20":{"start":{"line":21,"column":13},"end":{"line":21,"column":27}}},"fnMap":{"0":{"name":"(anonymous_8)","decl":{"start":{"line":3,"column":26},"end":{"line":3,"column":33}},"loc":{"start":{"line":3,"column":61},"end":{"line":9,"column":null}}},"1":{"name":"(anonymous_9)","decl":{"start":{"line":3,"column":61},"end":{"line":3,"column":null}},"loc":{"start":{"line":3,"column":61},"end":{"line":9,"column":1}}},"2":{"name":"(anonymous_10)","decl":{"start":{"line":11,"column":29},"end":{"line":11,"column":36}},"loc":{"start":{"line":11,"column":70},"end":{"line":14,"column":null}}},"3":{"name":"(anonymous_11)","decl":{"start":{"line":11,"column":70},"end":{"line":11,"column":null}},"loc":{"start":{"line":11,"column":70},"end":{"line":14,"column":1}}},"4":{"name":"(anonymous_12)","decl":{"start":{"line":16,"column":23},"end":{"line":16,"column":30}},"loc":{"start":{"line":16,"column":44},"end":{"line":19,"column":null}}},"5":{"name":"(anonymous_13)","decl":{"start":{"line":16,"column":44},"end":{"line":16,"column":null}},"loc":{"start":{"line":16,"column":44},"end":{"line":19,"column":1}}},"6":{"name":"(anonymous_14)","decl":{"start":{"line":21,"column":27},"end":{"line":21,"column":34}},"loc":{"start":{"line":21,"column":48},"end":{"line":24,"column":null}}},"7":{"name":"(anonymous_15)","decl":{"start":{"line":21,"column":48},"end":{"line":21,"column":null}},"loc":{"start":{"line":21,"column":48},"end":{"line":24,"column":1}}}},"branchMap":{},"s":{"0":1,"1":1,"2":0,"3":0,"4":0,"5":1,"6":1,"7":0,"8":0,"9":0,"10":1,"11":1,"12":0,"13":0,"14":0,"15":1,"16":1,"17":0,"18":0,"19":0,"20":1},"f":{"0":0,"1":0,"2":0,"3":0,"4":0,"5":0,"6":0,"7":0},"b":{}}
,"C:\\Users\\Jabo\\Desktop\\MyBrand-BE\\src\\services\\querryService.ts": {"path":"C:\\Users\\Jabo\\Desktop\\MyBrand-BE\\src\\services\\querryService.ts","statementMap":{"0":{"start":{"line":1,"column":0},"end":{"line":1,"column":40}},"1":{"start":{"line":4,"column":25},"end":{"line":7,"column":null}},"2":{"start":{"line":4,"column":52},"end":{"line":7,"column":null}},"3":{"start":{"line":5,"column":18},"end":{"line":5,"column":43}},"4":{"start":{"line":6,"column":4},"end":{"line":6,"column":17}},"5":{"start":{"line":4,"column":13},"end":{"line":4,"column":25}},"6":{"start":{"line":9,"column":28},"end":{"line":12,"column":null}},"7":{"start":{"line":9,"column":39},"end":{"line":12,"column":null}},"8":{"start":{"line":10,"column":21},"end":{"line":10,"column":40}},"9":{"start":{"line":11,"column":4},"end":{"line":11,"column":20}},"10":{"start":{"line":9,"column":13},"end":{"line":9,"column":28}},"11":{"start":{"line":14,"column":28},"end":{"line":16,"column":null}},"12":{"start":{"line":14,"column":49},"end":{"line":16,"column":null}},"13":{"start":{"line":15,"column":19},"end":{"line":15,"column":53}},"14":{"start":{"line":14,"column":13},"end":{"line":14,"column":28}}},"fnMap":{"0":{"name":"(anonymous_8)","decl":{"start":{"line":4,"column":25},"end":{"line":4,"column":32}},"loc":{"start":{"line":4,"column":52},"end":{"line":7,"column":null}}},"1":{"name":"(anonymous_9)","decl":{"start":{"line":4,"column":52},"end":{"line":4,"column":null}},"loc":{"start":{"line":4,"column":52},"end":{"line":7,"column":1}}},"2":{"name":"(anonymous_10)","decl":{"start":{"line":9,"column":28},"end":{"line":9,"column":37}},"loc":{"start":{"line":9,"column":39},"end":{"line":12,"column":null}}},"3":{"name":"(anonymous_11)","decl":{"start":{"line":9,"column":39},"end":{"line":9,"column":null}},"loc":{"start":{"line":9,"column":39},"end":{"line":12,"column":1}}},"4":{"name":"(anonymous_12)","decl":{"start":{"line":14,"column":28},"end":{"line":14,"column":35}},"loc":{"start":{"line":14,"column":49},"end":{"line":16,"column":null}}},"5":{"name":"(anonymous_13)","decl":{"start":{"line":14,"column":49},"end":{"line":14,"column":null}},"loc":{"start":{"line":14,"column":49},"end":{"line":16,"column":1}}}},"branchMap":{},"s":{"0":1,"1":1,"2":0,"3":0,"4":0,"5":1,"6":1,"7":0,"8":0,"9":0,"10":1,"11":1,"12":0,"13":0,"14":1},"f":{"0":0,"1":0,"2":0,"3":0,"4":0,"5":0},"b":{}}
,"C:\\Users\\Jabo\\Desktop\\MyBrand-BE\\src\\services\\userService.ts": {"path":"C:\\Users\\Jabo\\Desktop\\MyBrand-BE\\src\\services\\userService.ts","statementMap":{"0":{"start":{"line":1,"column":0},"end":{"line":1,"column":34}},"1":{"start":{"line":4,"column":26},"end":{"line":7,"column":null}},"2":{"start":{"line":4,"column":51},"end":{"line":7,"column":null}},"3":{"start":{"line":5,"column":20},"end":{"line":5,"column":43}},"4":{"start":{"line":6,"column":4},"end":{"line":6,"column":19}},"5":{"start":{"line":4,"column":13},"end":{"line":4,"column":26}},"6":{"start":{"line":9,"column":24},"end":{"line":12,"column":null}},"7":{"start":{"line":9,"column":35},"end":{"line":12,"column":null}},"8":{"start":{"line":10,"column":18},"end":{"line":10,"column":35}},"9":{"start":{"line":11,"column":4},"end":{"line":11,"column":17}},"10":{"start":{"line":9,"column":13},"end":{"line":9,"column":24}},"11":{"start":{"line":14,"column":29},"end":{"line":20,"column":null}},"12":{"start":{"line":14,"column":50},"end":{"line":20,"column":null}},"13":{"start":{"line":15,"column":17},"end":{"line":15,"column":40}},"14":{"start":{"line":16,"column":4},"end":{"line":18,"column":5}},"15":{"start":{"line":17,"column":8},"end":{"line":17,"column":null}},"16":{"start":{"line":19,"column":4},"end":{"line":19,"column":16}},"17":{"start":{"line":14,"column":13},"end":{"line":14,"column":29}},"18":{"start":{"line":22,"column":25},"end":{"line":25,"column":null}},"19":{"start":{"line":22,"column":49},"end":{"line":25,"column":null}},"20":{"start":{"line":23,"column":17},"end":{"line":23,"column":52}},"21":{"start":{"line":24,"column":4},"end":{"line":24,"column":16}},"22":{"start":{"line":22,"column":13},"end":{"line":22,"column":25}},"23":{"start":{"line":27,"column":26},"end":{"line":33,"column":null}},"24":{"start":{"line":27,"column":47},"end":{"line":33,"column":null}},"25":{"start":{"line":28,"column":17},"end":{"line":28,"column":49}},"26":{"start":{"line":29,"column":4},"end":{"line":31,"column":5}},"27":{"start":{"line":30,"column":8},"end":{"line":30,"column":42}},"28":{"start":{"line":32,"column":4},"end":{"line":32,"column":10}},"29":{"start":{"line":27,"column":13},"end":{"line":27,"column":26}},"30":{"start":{"line":35,"column":24},"end":{"line":38,"column":null}},"31":{"start":{"line":35,"column":61},"end":{"line":38,"column":null}},"32":{"start":{"line":36,"column":20},"end":{"line":36,"column":58}},"33":{"start":{"line":37,"column":4},"end":{"line":37,"column":null}},"34":{"start":{"line":35,"column":13},"end":{"line":35,"column":24}}},"fnMap":{"0":{"name":"(anonymous_8)","decl":{"start":{"line":4,"column":26},"end":{"line":4,"column":33}},"loc":{"start":{"line":4,"column":51},"end":{"line":7,"column":null}}},"1":{"name":"(anonymous_9)","decl":{"start":{"line":4,"column":51},"end":{"line":4,"column":null}},"loc":{"start":{"line":4,"column":51},"end":{"line":7,"column":1}}},"2":{"name":"(anonymous_10)","decl":{"start":{"line":9,"column":24},"end":{"line":9,"column":33}},"loc":{"start":{"line":9,"column":35},"end":{"line":12,"column":null}}},"3":{"name":"(anonymous_11)","decl":{"start":{"line":9,"column":35},"end":{"line":9,"column":null}},"loc":{"start":{"line":9,"column":35},"end":{"line":12,"column":1}}},"4":{"name":"(anonymous_12)","decl":{"start":{"line":14,"column":29},"end":{"line":14,"column":36}},"loc":{"start":{"line":14,"column":50},"end":{"line":20,"column":null}}},"5":{"name":"(anonymous_13)","decl":{"start":{"line":14,"column":50},"end":{"line":14,"column":null}},"loc":{"start":{"line":14,"column":50},"end":{"line":20,"column":1}}},"6":{"name":"(anonymous_14)","decl":{"start":{"line":22,"column":25},"end":{"line":22,"column":32}},"loc":{"start":{"line":22,"column":49},"end":{"line":25,"column":null}}},"7":{"name":"(anonymous_15)","decl":{"start":{"line":22,"column":49},"end":{"line":22,"column":null}},"loc":{"start":{"line":22,"column":49},"end":{"line":25,"column":1}}},"8":{"name":"(anonymous_16)","decl":{"start":{"line":27,"column":26},"end":{"line":27,"column":33}},"loc":{"start":{"line":27,"column":47},"end":{"line":33,"column":null}}},"9":{"name":"(anonymous_17)","decl":{"start":{"line":27,"column":47},"end":{"line":27,"column":null}},"loc":{"start":{"line":27,"column":47},"end":{"line":33,"column":1}}},"10":{"name":"(anonymous_18)","decl":{"start":{"line":35,"column":24},"end":{"line":35,"column":31}},"loc":{"start":{"line":35,"column":61},"end":{"line":38,"column":null}}},"11":{"name":"(anonymous_19)","decl":{"start":{"line":35,"column":61},"end":{"line":35,"column":null}},"loc":{"start":{"line":35,"column":61},"end":{"line":38,"column":1}}}},"branchMap":{"0":{"loc":{"start":{"line":16,"column":4},"end":{"line":18,"column":5}},"type":"if","locations":[{"start":{"line":16,"column":4},"end":{"line":18,"column":5}}]},"1":{"loc":{"start":{"line":29,"column":4},"end":{"line":31,"column":5}},"type":"if","locations":[{"start":{"line":29,"column":4},"end":{"line":31,"column":5}}]}},"s":{"0":1,"1":1,"2":0,"3":0,"4":0,"5":1,"6":1,"7":1,"8":1,"9":1,"10":1,"11":1,"12":2,"13":2,"14":2,"15":0,"16":2,"17":1,"18":1,"19":3,"20":3,"21":3,"22":1,"23":1,"24":0,"25":0,"26":0,"27":0,"28":0,"29":1,"30":1,"31":0,"32":0,"33":0,"34":1},"f":{"0":0,"1":0,"2":1,"3":1,"4":2,"5":2,"6":3,"7":3,"8":0,"9":0,"10":0,"11":0},"b":{"0":[0],"1":[0]}}
,"C:\\Users\\Jabo\\Desktop\\MyBrand-BE\\src\\utils\\validations.ts": {"path":"C:\\Users\\Jabo\\Desktop\\MyBrand-BE\\src\\utils\\validations.ts","statementMap":{"0":{"start":{"line":1,"column":0},"end":{"line":1,"column":21}},"1":{"start":{"line":3,"column":13},"end":{"line":7,"column":null}},"2":{"start":{"line":9,"column":13},"end":{"line":13,"column":null}},"3":{"start":{"line":15,"column":13},"end":{"line":19,"column":3}},"4":{"start":{"line":22,"column":13},"end":{"line":27,"column":null}},"5":{"start":{"line":29,"column":13},"end":{"line":34,"column":null}},"6":{"start":{"line":36,"column":13},"end":{"line":39,"column":null}}},"fnMap":{},"branchMap":{},"s":{"0":1,"1":1,"2":1,"3":1,"4":1,"5":1,"6":1},"f":{},"b":{}}
}
