TN:
SF:src\app.ts
FN:13,(anonymous_1)
FN:24,(anonymous_2)
FNF:2
FNH:1
FNDA:1,(anonymous_1)
FNDA:0,(anonymous_2)
DA:1,1
DA:2,1
DA:3,1
DA:4,1
DA:5,1
DA:7,1
DA:8,1
DA:9,1
DA:10,1
DA:11,1
DA:13,1
DA:14,1
DA:20,1
DA:22,1
DA:24,1
DA:25,0
DA:32,1
LF:17
LH:16
BRF:0
BRH:0
end_of_record
TN:
SF:src\controllers\blogController.ts
FN:11,(anonymous_8)
FN:11,(anonymous_9)
FN:45,(anonymous_10)
FN:45,(anonymous_11)
FN:60,(anonymous_12)
FN:60,(anonymous_13)
FN:82,(anonymous_14)
FN:82,(anonymous_15)
FN:104,(anonymous_16)
FN:104,(anonymous_17)
FNF:10
FNH:4
FNDA:1,(anonymous_8)
FNDA:1,(anonymous_9)
FNDA:1,(anonymous_10)
FNDA:1,(anonymous_11)
FNDA:0,(anonymous_12)
FNDA:0,(anonymous_13)
FNDA:0,(anonymous_14)
FNDA:0,(anonymous_15)
FNDA:0,(anonymous_16)
FNDA:0,(anonymous_17)
DA:1,1
DA:3,1
DA:9,1
DA:11,1
DA:12,1
DA:13,1
DA:14,1
DA:19,1
DA:20,1
DA:25,0
DA:26,0
DA:31,0
DA:37,0
DA:45,1
DA:46,1
DA:47,1
DA:48,1
DA:53,0
DA:60,1
DA:61,0
DA:62,0
DA:63,0
DA:64,0
DA:65,0
DA:70,0
DA:75,0
DA:82,1
DA:83,0
DA:84,0
DA:85,0
DA:86,0
DA:87,0
DA:92,0
DA:97,0
DA:104,1
DA:105,0
DA:106,0
DA:107,0
DA:112,0
DA:113,0
DA:118,0
DA:119,0
DA:120,0
DA:124,0
DA:127,0
DA:128,0
DA:131,0
DA:132,0
DA:135,0
DA:136,0
DA:137,0
DA:139,0
DA:140,0
DA:145,0
DA:146,0
DA:153,0
LF:56
LH:16
BRDA:17,0,0,0
BRDA:17,0,1,1
BRDA:19,1,0,1
BRDA:64,2,0,0
BRDA:86,3,0,0
BRDA:110,4,0,0
BRDA:110,4,1,0
BRDA:112,5,0,0
BRDA:119,6,0,0
BRDA:127,7,0,0
BRDA:131,8,0,0
BRDA:135,9,0,0
BRDA:139,10,0,0
BRDA:139,11,0,0
BRDA:139,11,1,0
BRDA:139,11,2,0
BRF:16
BRH:2
end_of_record
TN:
SF:src\controllers\commentController.ts
FN:5,(anonymous_7)
FN:5,(anonymous_8)
FN:24,(anonymous_9)
FN:24,(anonymous_10)
FNF:4
FNH:0
FNDA:0,(anonymous_7)
FNDA:0,(anonymous_8)
FNDA:0,(anonymous_9)
FNDA:0,(anonymous_10)
DA:2,1
DA:3,1
DA:5,1
DA:6,0
DA:7,0
DA:8,0
DA:9,0
DA:10,0
DA:11,0
DA:12,0
DA:14,0
DA:15,0
DA:20,0
DA:24,1
DA:25,0
DA:26,0
DA:27,0
DA:28,0
DA:29,0
DA:35,0
DA:38,0
LF:21
LH:4
BRDA:11,0,0,0
BRDA:28,1,0,0
BRDA:28,1,1,0
BRF:3
BRH:0
end_of_record
TN:
SF:src\controllers\likeController.ts
FN:5,(anonymous_7)
FN:5,(anonymous_8)
FN:34,(anonymous_9)
FN:34,(anonymous_10)
FNF:4
FNH:0
FNDA:0,(anonymous_7)
FNDA:0,(anonymous_8)
FNDA:0,(anonymous_9)
FNDA:0,(anonymous_10)
DA:1,1
DA:3,1
DA:5,1
DA:6,0
DA:7,0
DA:8,0
DA:10,0
DA:12,0
DA:13,0
DA:14,0
DA:16,0
DA:17,0
DA:18,0
DA:20,0
DA:21,0
DA:28,0
DA:29,0
DA:34,1
DA:35,0
DA:36,0
DA:37,0
DA:43,0
LF:22
LH:4
BRDA:12,0,0,0
BRDA:12,0,1,0
BRDA:17,1,0,0
BRF:3
BRH:0
end_of_record
TN:
SF:src\controllers\queryController.ts
FN:5,(anonymous_7)
FN:5,(anonymous_8)
FN:35,(anonymous_9)
FN:35,(anonymous_10)
FN:50,(anonymous_11)
FN:50,(anonymous_12)
FNF:6
FNH:0
FNDA:0,(anonymous_7)
FNDA:0,(anonymous_8)
FNDA:0,(anonymous_9)
FNDA:0,(anonymous_10)
FNDA:0,(anonymous_11)
FNDA:0,(anonymous_12)
DA:2,1
DA:3,1
DA:5,1
DA:6,0
DA:7,0
DA:9,0
DA:10,0
DA:16,0
DA:21,0
DA:27,0
DA:35,1
DA:36,0
DA:37,0
DA:38,0
DA:43,0
DA:50,1
DA:51,0
DA:52,0
DA:53,0
DA:58,0
LF:20
LH:5
BRDA:9,0,0,0
BRF:1
BRH:0
end_of_record
TN:
SF:src\controllers\userController.ts
FN:10,(anonymous_8)
FN:10,(anonymous_9)
FN:49,(anonymous_10)
FN:49,(anonymous_11)
FN:64,(anonymous_12)
FN:64,(anonymous_13)
FN:79,(anonymous_14)
FN:79,(anonymous_15)
FN:94,(anonymous_16)
FN:94,(anonymous_17)
FN:122,(anonymous_18)
FN:122,(anonymous_19)
FNF:12
FNH:6
FNDA:1,(anonymous_8)
FNDA:1,(anonymous_9)
FNDA:1,(anonymous_10)
FNDA:1,(anonymous_11)
FNDA:0,(anonymous_12)
FNDA:0,(anonymous_13)
FNDA:0,(anonymous_14)
FNDA:0,(anonymous_15)
FNDA:0,(anonymous_16)
FNDA:0,(anonymous_17)
FNDA:2,(anonymous_18)
FNDA:2,(anonymous_19)
DA:2,1
DA:3,1
DA:4,1
DA:5,1
DA:6,1
DA:7,1
DA:10,1
DA:11,1
DA:12,1
DA:13,1
DA:14,0
DA:20,1
DA:21,1
DA:22,0
DA:27,1
DA:28,1
DA:30,1
DA:37,1
DA:42,0
DA:49,1
DA:50,1
DA:51,1
DA:52,1
DA:57,0
DA:64,1
DA:65,0
DA:66,0
DA:67,0
DA:72,0
DA:79,1
DA:80,0
DA:81,0
DA:82,0
DA:87,0
DA:94,1
DA:95,0
DA:96,0
DA:97,0
DA:98,0
DA:103,0
DA:104,0
DA:109,0
DA:110,0
DA:115,0
DA:122,2
DA:123,2
DA:124,2
DA:125,2
DA:126,0
DA:131,2
DA:132,2
DA:133,1
DA:138,1
DA:139,1
DA:140,1
DA:146,0
DA:152,0
LF:57
LH:33
BRDA:13,0,0,0
BRDA:21,1,0,0
BRDA:97,2,0,0
BRDA:103,3,0,0
BRDA:103,4,0,0
BRDA:103,4,1,0
BRDA:103,4,2,0
BRDA:125,5,0,0
BRDA:132,6,0,1
BRDA:139,7,0,1
BRDA:139,7,1,0
BRDA:139,8,0,1
BRDA:139,8,1,1
BRF:13
BRH:4
end_of_record
TN:
SF:src\docs\swagger.ts
FNF:0
FNH:0
DA:1,1
DA:2,1
DA:4,1
DA:6,1
DA:686,1
DA:688,1
LF:6
LH:6
BRF:0
BRH:0
end_of_record
TN:
SF:src\helpers\cloud.ts
FN:12,(anonymous_8)
FN:12,(anonymous_9)
FNF:2
FNH:0
FNDA:0,(anonymous_8)
FNDA:0,(anonymous_9)
DA:1,1
DA:3,1
DA:4,1
DA:6,1
DA:12,1
DA:13,0
DA:14,0
DA:15,0
DA:17,0
DA:21,1
LF:10
LH:6
BRF:0
BRH:0
end_of_record
TN:
SF:src\helpers\multer.ts
FN:6,(anonymous_1)
FNF:1
FNH:0
FNDA:0,(anonymous_1)
DA:1,1
DA:2,1
DA:4,1
DA:6,1
DA:7,0
DA:9,0
DA:10,0
DA:11,0
DA:14,0
DA:18,1
DA:23,1
LF:11
LH:6
BRDA:9,0,0,0
BRDA:9,1,0,0
BRDA:9,1,1,0
BRDA:9,1,2,0
BRF:4
BRH:0
end_of_record
TN:
SF:src\middlewares\isAdmin.ts
FN:16,(anonymous_8)
FN:16,(anonymous_9)
FNF:2
FNH:2
FNDA:1,(anonymous_8)
FNDA:1,(anonymous_9)
DA:5,1
DA:6,1
DA:16,1
DA:17,1
DA:18,1
DA:19,1
DA:20,0
DA:25,1
DA:26,1
DA:27,0
DA:32,1
DA:33,1
DA:35,0
DA:38,0
LF:14
LH:10
BRDA:19,0,0,0
BRDA:25,1,0,0
BRDA:25,1,1,1
BRDA:25,2,0,1
BRDA:25,2,1,1
BRDA:26,3,0,0
BRDA:32,4,0,1
BRDA:32,4,1,0
BRDA:32,5,0,1
BRDA:32,5,1,1
BRF:10
BRH:6
end_of_record
TN:
SF:src\middlewares\isLoggedIn.ts
FN:16,(anonymous_8)
FN:16,(anonymous_9)
FNF:2
FNH:2
FNDA:2,(anonymous_8)
FNDA:2,(anonymous_9)
DA:1,1
DA:2,1
DA:5,1
DA:6,1
DA:16,2
DA:17,2
DA:18,2
DA:19,2
DA:23,1
DA:25,2
DA:26,1
DA:31,1
DA:32,1
DA:33,0
DA:35,1
DA:36,0
DA:38,1
DA:39,1
DA:40,1
DA:41,0
DA:46,1
DA:47,1
DA:49,0
LF:23
LH:19
BRDA:19,0,0,1
BRDA:20,1,0,2
BRDA:20,1,1,1
BRDA:25,2,0,1
BRDA:32,3,0,0
BRDA:35,4,0,0
BRDA:40,5,0,0
BRF:7
BRH:4
end_of_record
TN:
SF:src\models\blog.ts
FNF:0
FNH:0
DA:1,1
DA:3,1
DA:18,1
DA:20,1
LF:4
LH:4
BRF:0
BRH:0
end_of_record
TN:
SF:src\models\comment.ts
FNF:0
FNH:0
DA:1,1
DA:10,1
DA:29,1
DA:31,1
LF:4
LH:4
BRF:0
BRH:0
end_of_record
TN:
SF:src\models\likes.ts
FNF:0
FNH:0
DA:1,1
DA:10,1
DA:23,1
LF:3
LH:3
BRF:0
BRH:0
end_of_record
TN:
SF:src\models\querries.ts
FNF:0
FNH:0
DA:1,1
DA:9,1
DA:24,1
DA:26,1
LF:4
LH:4
BRF:0
BRH:0
end_of_record
TN:
SF:src\models\user.ts
FNF:0
FNH:0
DA:1,1
DA:10,1
DA:30,1
DA:32,1
LF:4
LH:4
BRF:0
BRH:0
end_of_record
TN:
SF:src\routes\blogRouter.ts
FNF:0
FNH:0
DA:1,1
DA:2,1
DA:3,1
DA:4,1
DA:5,1
DA:6,1
DA:8,1
DA:9,1
DA:10,1
DA:11,1
DA:12,1
DA:14,1
LF:12
LH:12
BRF:0
BRH:0
end_of_record
TN:
SF:src\routes\commentRouter.ts
FNF:0
FNH:0
DA:1,1
DA:2,1
DA:3,1
DA:4,1
DA:6,1
DA:7,1
DA:9,1
LF:7
LH:7
BRF:0
BRH:0
end_of_record
TN:
SF:src\routes\index.ts
FNF:0
FNH:0
DA:1,1
DA:2,1
DA:3,1
DA:4,1
DA:5,1
DA:6,1
DA:7,1
DA:10,1
DA:11,1
DA:12,1
DA:13,1
DA:14,1
DA:16,1
LF:13
LH:13
BRF:0
BRH:0
end_of_record
TN:
SF:src\routes\likeRouter.ts
FNF:0
FNH:0
DA:1,1
DA:2,1
DA:3,1
DA:4,1
DA:6,1
DA:7,1
DA:9,1
LF:7
LH:7
BRF:0
BRH:0
end_of_record
TN:
SF:src\routes\queriesRouter.ts
FNF:0
FNH:0
DA:1,1
DA:2,1
DA:3,1
DA:4,1
DA:5,1
DA:7,1
DA:8,1
DA:9,1
DA:11,1
LF:9
LH:9
BRF:0
BRH:0
end_of_record
TN:
SF:src\routes\userRouter.ts
FNF:0
FNH:0
DA:1,1
DA:2,1
DA:3,1
DA:5,1
DA:6,1
DA:7,1
DA:8,1
DA:9,1
DA:10,1
DA:12,1
LF:10
LH:10
BRF:0
BRH:0
end_of_record
TN:
SF:src\services\blogService.ts
FN:3,(anonymous_8)
FN:3,(anonymous_9)
FN:8,(anonymous_10)
FN:8,(anonymous_11)
FN:13,(anonymous_12)
FN:13,(anonymous_13)
FN:18,(anonymous_14)
FN:18,(anonymous_15)
FNF:8
FNH:2
FNDA:1,(anonymous_8)
FNDA:1,(anonymous_9)
FNDA:0,(anonymous_10)
FNDA:0,(anonymous_11)
FNDA:0,(anonymous_12)
FNDA:0,(anonymous_13)
FNDA:0,(anonymous_14)
FNDA:0,(anonymous_15)
DA:1,1
DA:3,1
DA:4,1
DA:5,1
DA:8,1
DA:9,0
DA:10,0
DA:13,1
DA:14,0
DA:15,0
DA:18,1
DA:19,0
DA:20,0
LF:13
LH:7
BRF:0
BRH:0
end_of_record
TN:
SF:src\services\commentService.ts
FN:3,(anonymous_8)
FN:3,(anonymous_9)
FN:13,(anonymous_10)
FN:13,(anonymous_11)
FNF:4
FNH:0
FNDA:0,(anonymous_8)
FNDA:0,(anonymous_9)
FNDA:0,(anonymous_10)
FNDA:0,(anonymous_11)
DA:1,1
DA:3,1
DA:4,0
DA:10,0
DA:13,1
DA:14,0
DA:15,0
LF:7
LH:3
BRF:0
BRH:0
end_of_record
TN:
SF:src\services\likeService.ts
FN:3,(anonymous_8)
FN:3,(anonymous_9)
FN:11,(anonymous_10)
FN:11,(anonymous_11)
FN:16,(anonymous_12)
FN:16,(anonymous_13)
FN:21,(anonymous_14)
FN:21,(anonymous_15)
FNF:8
FNH:0
FNDA:0,(anonymous_8)
FNDA:0,(anonymous_9)
FNDA:0,(anonymous_10)
FNDA:0,(anonymous_11)
FNDA:0,(anonymous_12)
FNDA:0,(anonymous_13)
FNDA:0,(anonymous_14)
FNDA:0,(anonymous_15)
DA:1,1
DA:3,1
DA:4,0
DA:8,0
DA:11,1
DA:12,0
DA:13,0
DA:16,1
DA:17,0
DA:18,0
DA:21,1
DA:22,0
DA:23,0
LF:13
LH:5
BRF:0
BRH:0
end_of_record
TN:
SF:src\services\querryService.ts
FN:4,(anonymous_8)
FN:4,(anonymous_9)
FN:9,(anonymous_10)
FN:9,(anonymous_11)
FN:14,(anonymous_12)
FN:14,(anonymous_13)
FNF:6
FNH:0
FNDA:0,(anonymous_8)
FNDA:0,(anonymous_9)
FNDA:0,(anonymous_10)
FNDA:0,(anonymous_11)
FNDA:0,(anonymous_12)
FNDA:0,(anonymous_13)
DA:1,1
DA:4,1
DA:5,0
DA:6,0
DA:9,1
DA:10,0
DA:11,0
DA:14,1
DA:15,0
LF:9
LH:4
BRF:0
BRH:0
end_of_record
TN:
SF:src\services\userService.ts
FN:4,(anonymous_8)
FN:4,(anonymous_9)
FN:9,(anonymous_10)
FN:9,(anonymous_11)
FN:14,(anonymous_12)
FN:14,(anonymous_13)
FN:22,(anonymous_14)
FN:22,(anonymous_15)
FN:27,(anonymous_16)
FN:27,(anonymous_17)
FN:35,(anonymous_18)
FN:35,(anonymous_19)
FNF:12
FNH:8
FNDA:1,(anonymous_8)
FNDA:1,(anonymous_9)
FNDA:1,(anonymous_10)
FNDA:1,(anonymous_11)
FNDA:1,(anonymous_12)
FNDA:1,(anonymous_13)
FNDA:3,(anonymous_14)
FNDA:3,(anonymous_15)
FNDA:0,(anonymous_16)
FNDA:0,(anonymous_17)
FNDA:0,(anonymous_18)
FNDA:0,(anonymous_19)
DA:1,1
DA:4,1
DA:5,1
DA:6,1
DA:9,1
DA:10,1
DA:11,1
DA:14,1
DA:15,1
DA:16,1
DA:17,0
DA:19,1
DA:22,3
DA:23,3
DA:24,3
DA:27,1
DA:28,0
DA:29,0
DA:30,0
DA:32,0
DA:35,1
DA:36,0
DA:37,0
LF:23
LH:16
BRDA:16,0,0,0
BRDA:29,1,0,0
BRF:2
BRH:0
end_of_record
TN:
SF:src\utils\validations.ts
FNF:0
FNH:0
DA:1,1
DA:3,1
DA:9,1
DA:15,1
DA:22,1
DA:29,1
DA:36,1
LF:7
LH:7
BRF:0
BRH:0
end_of_record
